#
# A fatal error has been detected by the Java Runtime Environment:
#
#  SIGSEGV (0xb) at pc=0x00007f120b77ca7b, pid=5722, tid=139714092410624
#
# JRE version: Java(TM) SE Runtime Environment (7.0_65-b17) (build 1.7.0_65-b17)
# Java VM: Java HotSpot(TM) 64-Bit Server VM (24.65-b04 mixed mode linux-amd64 compressed oops)
# Problematic frame:
# V  [libjvm.so+0x657a7b]  JNI_ArgumentPusherVaArg::JNI_ArgumentPusherVaArg(_jmethodID*, __va_list_tag*)+0x1b
#
# Failed to write core dump. Core dumps have been disabled. To enable core dumping, try "ulimit -c unlimited" before starting Java again
#
# If you would like to submit a bug report, please visit:
#   http://bugreport.sun.com/bugreport/crash.jsp
#

---------------  T H R E A D  ---------------

Current thread (0x00007f11cc09e800):  JavaThread "GtkNativeMainLoopThread" [_thread_in_vm, id=5743, stack(0x00007f11b8c92000,0x00007f11b8d93000)]

siginfo:si_signo=SIGSEGV: si_errno=0, si_code=1 (SEGV_MAPERR), si_addr=0x0000000000000000

Registers:
RAX=0x0000000000000000, RBX=0x00007f11b8d91600, RCX=0x00007f11b8d916d0, RDX=0x00007f11b8d916d0
RSP=0x00007f11b8d915a0, RBP=0x00007f11b8d915d0, RSI=0x0000000000000000, RDI=0x00007f11b8d91600
R8 =0x00007f120bf6ad80, R9 =0x00007f120bfe7134, R10=0x00007f11b8d91550, R11=0x00007f11c5f5ca40
R12=0x00007f11b8d916d0, R13=0x00007f11b8d91640, R14=0x0000000000000000, R15=0x00007f11cc09e9e8
RIP=0x00007f120b77ca7b, EFLAGS=0x0000000000010206, CSGSFS=0x0000000000000033, ERR=0x0000000000000004
  TRAPNO=0x000000000000000e

Top of Stack: (sp=0x00007f11b8d915a0)
0x00007f11b8d915a0:   00007f11b8d91710 0000000000000000
0x00007f11b8d915b0:   00007f11b8d91600 00007f11cc09e800
0x00007f11b8d915c0:   00007f11b8d91640 0000000000000000
0x00007f11b8d915d0:   00007f11b8d916c0 00007f120b765c73
0x00007f11b8d915e0:   0000000000000005 0000000000000000
0x00007f11b8d915f0:   0000000000000001 00007f11b8d916d0
0x00007f11b8d91600:   00007f1200000005 0000000000000000
0x00007f11b8d91610:   0000000000000001 00007f11cc046390
0x00007f11b8d91620:   0000000000000000 00007f11cc0466e8
0x00007f11b8d91630:   00007f11b8d91670 00007f11b8d91660
0x00007f11b8d91640:   00007f11cc09e800 0000000000000000
0x00007f11b8d91650:   00007f11b8d91690 00007f11c5f4942b
0x00007f11b8d91660:   000000000000000e 0000000100000000
0x00007f11b8d91670:   00007f11cc09e800 00007f11cc046390
0x00007f11b8d91680:   00007f11cc09e800 00007f11cc04a870
0x00007f11b8d91690:   00007f11c5f43930 00007f11cc09e9e8
0x00007f11b8d916a0:   00007f11ac000a30 00000000bf1aaab8
0x00007f11b8d916b0:   00007f11b8d91868 00007f11cc09e800
0x00007f11b8d916c0:   00007f11b8d917a0 00007f11c5f5cad8
0x00007f11b8d916d0:   0000003000000018 00007f11b8d917b0
0x00007f11b8d916e0:   00007f11b8d916f0 00007f11c61681f8
0x00007f11b8d916f0:   0000000000000000 00000000bf1aaab8
0x00007f11b8d91700:   00007f11b8d91868 00007f11ac000a30
0x00007f11b8d91710:   00007f120bf6ad80 00007f120bfe7134
0x00007f11b8d91720:   00007f1100000005 0000000000000000
0x00007f11b8d91730:   00007f11b8d91830 00007f11c5f44b60
0x00007f11b8d91740:   00007f11cc09e9e8 00007f11b8d917c0
0x00007f11b8d91750:   00007f11ac000a30 00007f120c9ae725
0x00007f11b8d91760:   0000000000000000 00007f11ac000a30
0x00007f11b8d91770:   0000000000000000 00007f11cc0258e0
0x00007f11b8d91780:   00007f11cc09e9e8 00007f120bf6ad80
0x00007f11b8d91790:   00007f120bfe7134 00007f11cc046390 

Instructions: (pc=0x00007f120b77ca7b)
0x00007f120b77ca5b:   ff ff ff 90 90 55 48 89 e5 48 89 5d e0 4c 89 65
0x00007f120b77ca6b:   e8 49 89 d4 4c 89 6d f0 4c 89 75 f8 48 83 ec 30
0x00007f120b77ca7b:   48 8b 06 48 89 fb 48 8b 40 10 0f b7 50 3a 48 8b
0x00007f120b77ca8b:   48 20 4c 63 ea 4e 8d 74 e9 40 49 8b 06 48 89 45 

Register to memory mapping:

RAX=0x0000000000000000 is an unknown value
RBX=0x00007f11b8d91600 is pointing into the stack for thread: 0x00007f11cc09e800
RCX=0x00007f11b8d916d0 is pointing into the stack for thread: 0x00007f11cc09e800
RDX=0x00007f11b8d916d0 is pointing into the stack for thread: 0x00007f11cc09e800
RSP=0x00007f11b8d915a0 is pointing into the stack for thread: 0x00007f11cc09e800
RBP=0x00007f11b8d915d0 is pointing into the stack for thread: 0x00007f11cc09e800
RSI=0x0000000000000000 is an unknown value
RDI=0x00007f11b8d91600 is pointing into the stack for thread: 0x00007f11cc09e800
R8 =0x00007f120bf6ad80: <offset 0xe45d80> in /usr/lib/jvm/java-7-oracle/jre/lib/amd64/server/libjvm.so at 0x00007f120b125000
R9 =0x00007f120bfe7134: _IO_vfprintf+0x49b4 in /lib/x86_64-linux-gnu/libc.so.6 at 0x00007f120bf99000
R10=0x00007f11b8d91550 is pointing into the stack for thread: 0x00007f11cc09e800
R11=0x00007f11c5f5ca40: _ZN7JNIEnv_20CallStaticVoidMethodEP7_jclassP10_jmethodIDz+0 in /usr/lib/jvm/java-8-oracle/jre/lib/amd64/libglass.so at 0x00007f11c5f3f000
R12=0x00007f11b8d916d0 is pointing into the stack for thread: 0x00007f11cc09e800
R13=0x00007f11b8d91640 is pointing into the stack for thread: 0x00007f11cc09e800
R14=0x0000000000000000 is an unknown value
R15=0x00007f11cc09e9e8 is an unknown value


Stack: [0x00007f11b8c92000,0x00007f11b8d93000],  sp=0x00007f11b8d915a0,  free space=1021k
Native frames: (J=compiled Java code, j=interpreted, Vv=VM code, C=native code)
V  [libjvm.so+0x657a7b]  JNI_ArgumentPusherVaArg::JNI_ArgumentPusherVaArg(_jmethodID*, __va_list_tag*)+0x1b
V  [libjvm.so+0x640c73]  jni_CallStaticVoidMethodV+0xc3
C  [libglass.so+0x1dad8]  JNIEnv_::CallStaticVoidMethod(_jclass*, _jmethodID*, ...)+0x98
C  [libglass.so+0x20f60]  check_and_clear_exception(JNIEnv_*)+0x50
j  com.sun.glass.ui.gtk.GtkApplication._runLoop([Ljava/lang/String;Lcom/sun/glass/ui/Launchable;Z)V+0
j  com.sun.glass.ui.gtk.GtkApplication$3$1.run()V+38
j  java.lang.Thread.run()V+11
v  ~StubRoutines::call_stub
V  [libjvm.so+0x5ffb65]  JavaCalls::call_helper(JavaValue*, methodHandle*, JavaCallArguments*, Thread*)+0x365
V  [libjvm.so+0x5fe5c8]  JavaCalls::call(JavaValue*, methodHandle, JavaCallArguments*, Thread*)+0x28
V  [libjvm.so+0x5fe897]  JavaCalls::call_virtual(JavaValue*, KlassHandle, Symbol*, Symbol*, JavaCallArguments*, Thread*)+0x197
V  [libjvm.so+0x5fe9b7]  JavaCalls::call_virtual(JavaValue*, Handle, KlassHandle, Symbol*, Symbol*, Thread*)+0x47
V  [libjvm.so+0x67b445]  thread_entry(JavaThread*, Thread*)+0xe5
V  [libjvm.so+0x958d9f]  JavaThread::thread_main_inner()+0xdf
V  [libjvm.so+0x958ea5]  JavaThread::run()+0xf5
V  [libjvm.so+0x81f988]  java_start(Thread*)+0x108

Java frames: (J=compiled Java code, j=interpreted, Vv=VM code)
j  com.sun.glass.ui.gtk.GtkApplication._runLoop([Ljava/lang/String;Lcom/sun/glass/ui/Launchable;Z)V+0
j  com.sun.glass.ui.gtk.GtkApplication$3$1.run()V+38
j  java.lang.Thread.run()V+11
v  ~StubRoutines::call_stub

---------------  P R O C E S S  ---------------

Java Threads: ( => current thread )
=>0x00007f11cc09e800 JavaThread "GtkNativeMainLoopThread" [_thread_in_vm, id=5743, stack(0x00007f11b8c92000,0x00007f11b8d93000)]
  0x00007f11cc09e000 JavaThread "Thread-2" daemon [_thread_blocked, id=5742, stack(0x00007f11b8d93000,0x00007f11b8e94000)]
  0x00007f11cc043800 JavaThread "Disposer" daemon [_thread_blocked, id=5741, stack(0x00007f11f8025000,0x00007f11f8126000)]
  0x00007f11cc042000 JavaThread "QuantumRenderer-0" daemon [_thread_blocked, id=5740, stack(0x00007f11f9b6c000,0x00007f11f9c6d000)]
  0x00007f12041da800 JavaThread "JavaFX-Launcher" [_thread_blocked, id=5739, stack(0x00007f11f9c6d000,0x00007f11f9d6e000)]
  0x00007f120415d800 JavaThread "Service Thread" daemon [_thread_blocked, id=5737, stack(0x00007f11f9e6f000,0x00007f11f9f70000)]
  0x00007f120415b000 JavaThread "C2 CompilerThread1" daemon [_thread_blocked, id=5736, stack(0x00007f12000fc000,0x00007f12001fd000)]
  0x00007f1204158000 JavaThread "C2 CompilerThread0" daemon [_thread_blocked, id=5735, stack(0x00007f12001fd000,0x00007f12002fe000)]
  0x00007f1204156800 JavaThread "Signal Dispatcher" daemon [_thread_blocked, id=5734, stack(0x00007f12002fe000,0x00007f12003ff000)]
  0x00007f1204137000 JavaThread "Finalizer" daemon [_thread_blocked, id=5733, stack(0x00007f1200eff000,0x00007f1201000000)]
  0x00007f1204135000 JavaThread "Reference Handler" daemon [_thread_blocked, id=5732, stack(0x00007f120801d000,0x00007f120811e000)]
  0x00007f120400a000 JavaThread "main" [_thread_blocked, id=5726, stack(0x00007f120ca99000,0x00007f120cb9a000)]

Other Threads:
  0x00007f1204130800 VMThread [stack: 0x00007f120811e000,0x00007f120821f000] [id=5731]
  0x00007f1204168000 WatcherThread [stack: 0x00007f11f9d6e000,0x00007f11f9e6f000] [id=5738]

VM state:not at safepoint (normal execution)

VM Mutex/Monitor currently owned by a thread: None

Heap
 PSYoungGen      total 17920K, used 4420K [0x00000000ec000000, 0x00000000ed400000, 0x0000000100000000)
  eden space 15360K, 28% used [0x00000000ec000000,0x00000000ec4510e0,0x00000000ecf00000)
  from space 2560K, 0% used [0x00000000ed180000,0x00000000ed180000,0x00000000ed400000)
  to   space 2560K, 0% used [0x00000000ecf00000,0x00000000ecf00000,0x00000000ed180000)
 ParOldGen       total 40960K, used 0K [0x00000000c4000000, 0x00000000c6800000, 0x00000000ec000000)
  object space 40960K, 0% used [0x00000000c4000000,0x00000000c4000000,0x00000000c6800000)
 PSPermGen       total 21504K, used 4003K [0x00000000bee00000, 0x00000000c0300000, 0x00000000c4000000)
  object space 21504K, 18% used [0x00000000bee00000,0x00000000bf1e8f28,0x00000000c0300000)

Card table byte_map: [0x00007f1209b7f000,0x00007f1209d89000] byte_map_base: 0x00007f1209588000

Polling page: 0x00007f120cbb8000

Code Cache  [0x00007f1201000000, 0x00007f1201270000, 0x00007f1204000000)
 total_blobs=259 nmethods=8 adapters=205 free_code_cache=48722Kb largest_free_block=49878144

Compilation events (10 events):
Event: 0,125 Thread 0x00007f120415b000    4             sun.nio.cs.UTF_8$Encoder::encode (361 bytes)
Event: 0,133 Thread 0x00007f120415b000 nmethod 4 0x00007f12010621d0 code [0x00007f1201062340, 0x00007f1201062848]
Event: 0,142 Thread 0x00007f1204158000    5             java.lang.String::indexOf (166 bytes)
Event: 0,152 Thread 0x00007f1204158000 nmethod 5 0x00007f1201063e10 code [0x00007f1201063f60, 0x00007f12010643d8]
Event: 0,153 Thread 0x00007f120415b000    6             java.lang.String::replace (127 bytes)
Event: 0,164 Thread 0x00007f120415b000 nmethod 6 0x00007f1201063690 code [0x00007f12010637e0, 0x00007f1201063c58]
Event: 0,226 Thread 0x00007f1204158000    7             java.lang.String::charAt (29 bytes)
Event: 0,227 Thread 0x00007f1204158000 nmethod 7 0x00007f1201067c50 code [0x00007f1201067da0, 0x00007f1201067e38]
Event: 0,238 Thread 0x00007f120415b000    8             java.lang.String::equals (81 bytes)
Event: 0,241 Thread 0x00007f120415b000 nmethod 8 0x00007f120106e6d0 code [0x00007f120106e820, 0x00007f120106ea58]

GC Heap History (0 events):
No events

Deoptimization events (0 events):
No events

Internal exceptions (10 events):
Event: 0,092 Thread 0x00007f120400a000 Threw 0x00000000ec0d83c0 at /HUDSON/workspace/7u-2-build-linux-amd64/jdk7u65/1224/hotspot/src/share/vm/prims/jvm.cpp:1244
Event: 0,099 Thread 0x00007f120400a000 Threw 0x00000000ec117060 at /HUDSON/workspace/7u-2-build-linux-amd64/jdk7u65/1224/hotspot/src/share/vm/prims/jvm.cpp:1244
Event: 0,102 Thread 0x00007f12041da800 Threw 0x00000000ec13c470 at /HUDSON/workspace/7u-2-build-linux-amd64/jdk7u65/1224/hotspot/src/share/vm/interpreter/linkResolver.cpp:883
Event: 0,230 Thread 0x00007f12041da800 Threw 0x00000000ec38ade8 at /HUDSON/workspace/7u-2-build-linux-amd64/jdk7u65/1224/hotspot/src/share/vm/prims/jni.cpp:1598
Event: 0,232 Thread 0x00007f12041da800 Threw 0x00000000ec38de40 at /HUDSON/workspace/7u-2-build-linux-amd64/jdk7u65/1224/hotspot/src/share/vm/prims/jni.cpp:1598
Event: 0,234 Thread 0x00007f12041da800 Threw 0x00000000ec39f0e8 at /HUDSON/workspace/7u-2-build-linux-amd64/jdk7u65/1224/hotspot/src/share/vm/prims/jni.cpp:1632
Event: 0,239 Thread 0x00007f12041da800 Threw 0x00000000ec3c5408 at /HUDSON/workspace/7u-2-build-linux-amd64/jdk7u65/1224/hotspot/src/share/vm/prims/jni.cpp:1598
Event: 0,239 Thread 0x00007f12041da800 Threw 0x00000000ec3c59b0 at /HUDSON/workspace/7u-2-build-linux-amd64/jdk7u65/1224/hotspot/src/share/vm/prims/jvm.cpp:1244
Event: 0,239 Thread 0x00007f12041da800 Threw 0x00000000ec3c5b30 at /HUDSON/workspace/7u-2-build-linux-amd64/jdk7u65/1224/hotspot/src/share/vm/classfile/systemDictionary.cpp:174
Event: 0,250 Thread 0x00007f11cc09e800 Threw 0x00000000ec404570 at /HUDSON/workspace/7u-2-build-linux-amd64/jdk7u65/1224/hotspot/src/share/vm/prims/jni.cpp:1350

Events (10 events):
Event: 0,248 Thread 0x00007f11cc09e000 Thread added: 0x00007f11cc09e000
Event: 0,248 loading class 0x00007f11cc049fa0
Event: 0,248 loading class 0x00007f11cc049fa0 done
Event: 0,249 loading class 0x00007f11cc04a020
Event: 0,249 loading class 0x00007f11cc04a020 done
Event: 0,249 loading class 0x00007f11cc04a060
Event: 0,249 loading class 0x00007f11cc04a060 done
Event: 0,249 loading class 0x00007f11cc0a3360
Event: 0,249 loading class 0x00007f11cc0a3360 done
Event: 0,249 Thread 0x00007f11cc09e800 Thread added: 0x00007f11cc09e800


Dynamic libraries:
00400000-00401000 r-xp 00000000 fc:01 1191056                            /usr/lib/jvm/java-7-oracle/jre/bin/java
00600000-00601000 rw-p 00000000 fc:01 1191056                            /usr/lib/jvm/java-7-oracle/jre/bin/java
01e68000-01e89000 rw-p 00000000 00:00 0                                  [heap]
bee00000-c0300000 rw-p 00000000 00:00 0 
c0300000-c4000000 rw-p 00000000 00:00 0 
c4000000-c6800000 rw-p 00000000 00:00 0 
c6800000-ec000000 rw-p 00000000 00:00 0 
ec000000-ed400000 rw-p 00000000 00:00 0 
ed400000-100000000 rw-p 00000000 00:00 0 
7f11ac000000-7f11ac24e000 rw-p 00000000 00:00 0 
7f11ac24e000-7f11b0000000 ---p 00000000 00:00 0 
7f11b4000000-7f11b4021000 rw-p 00000000 00:00 0 
7f11b4021000-7f11b8000000 ---p 00000000 00:00 0 
7f11b8c92000-7f11b8c95000 ---p 00000000 00:00 0 
7f11b8c95000-7f11b8d93000 rw-p 00000000 00:00 0                          [stack:5743]
7f11b8d93000-7f11b8d96000 ---p 00000000 00:00 0 
7f11b8d96000-7f11b8e94000 rw-p 00000000 00:00 0                          [stack:5742]
7f11b8e94000-7f11b8e9a000 r-xp 00000000 fc:01 1055606                    /usr/lib/x86_64-linux-gnu/libdatrie.so.1.2.0
7f11b8e9a000-7f11b9099000 ---p 00006000 fc:01 1055606                    /usr/lib/x86_64-linux-gnu/libdatrie.so.1.2.0
7f11b9099000-7f11b909a000 r--p 00005000 fc:01 1055606                    /usr/lib/x86_64-linux-gnu/libdatrie.so.1.2.0
7f11b909a000-7f11b909b000 rw-p 00006000 fc:01 1055606                    /usr/lib/x86_64-linux-gnu/libdatrie.so.1.2.0
7f11b909b000-7f11b90b3000 r-xp 00000000 fc:01 1055783                    /usr/lib/x86_64-linux-gnu/libgraphite2.so.3.0.1
7f11b90b3000-7f11b92b2000 ---p 00018000 fc:01 1055783                    /usr/lib/x86_64-linux-gnu/libgraphite2.so.3.0.1
7f11b92b2000-7f11b92b4000 r--p 00017000 fc:01 1055783                    /usr/lib/x86_64-linux-gnu/libgraphite2.so.3.0.1
7f11b92b4000-7f11b92b5000 rw-p 00019000 fc:01 1055783                    /usr/lib/x86_64-linux-gnu/libgraphite2.so.3.0.1
7f11b92b5000-7f11b92f2000 r-xp 00000000 fc:01 1970100                    /lib/x86_64-linux-gnu/libpcre.so.3.13.1
7f11b92f2000-7f11b94f2000 ---p 0003d000 fc:01 1970100                    /lib/x86_64-linux-gnu/libpcre.so.3.13.1
7f11b94f2000-7f11b94f3000 r--p 0003d000 fc:01 1970100                    /lib/x86_64-linux-gnu/libpcre.so.3.13.1
7f11b94f3000-7f11b94f4000 rw-p 0003e000 fc:01 1970100                    /lib/x86_64-linux-gnu/libpcre.so.3.13.1
7f11b94f4000-7f11b94fb000 r-xp 00000000 fc:01 1055659                    /usr/lib/x86_64-linux-gnu/libffi.so.6.0.1
7f11b94fb000-7f11b96fa000 ---p 00007000 fc:01 1055659                    /usr/lib/x86_64-linux-gnu/libffi.so.6.0.1
7f11b96fa000-7f11b96fb000 r--p 00006000 fc:01 1055659                    /usr/lib/x86_64-linux-gnu/libffi.so.6.0.1
7f11b96fb000-7f11b96fc000 rw-p 00007000 fc:01 1055659                    /usr/lib/x86_64-linux-gnu/libffi.so.6.0.1
7f11b96fc000-7f11b9704000 r-xp 00000000 fc:01 1056195                    /usr/lib/x86_64-linux-gnu/libthai.so.0.2.0
7f11b9704000-7f11b9903000 ---p 00008000 fc:01 1056195                    /usr/lib/x86_64-linux-gnu/libthai.so.0.2.0
7f11b9903000-7f11b9904000 r--p 00007000 fc:01 1056195                    /usr/lib/x86_64-linux-gnu/libthai.so.0.2.0
7f11b9904000-7f11b9905000 rw-p 00008000 fc:01 1056195                    /usr/lib/x86_64-linux-gnu/libthai.so.0.2.0
7f11b9905000-7f11b990d000 r-xp 00000000 fc:01 1056278                    /usr/lib/x86_64-linux-gnu/libxcb-render.so.0.0.0
7f11b990d000-7f11b9b0c000 ---p 00008000 fc:01 1056278                    /usr/lib/x86_64-linux-gnu/libxcb-render.so.0.0.0
7f11b9b0c000-7f11b9b0d000 r--p 00007000 fc:01 1056278                    /usr/lib/x86_64-linux-gnu/libxcb-render.so.0.0.0
7f11b9b0d000-7f11b9b0e000 rw-p 00008000 fc:01 1056278                    /usr/lib/x86_64-linux-gnu/libxcb-render.so.0.0.0
7f11b9b0e000-7f11b9b10000 r-xp 00000000 fc:01 1056282                    /usr/lib/x86_64-linux-gnu/libxcb-shm.so.0.0.0
7f11b9b10000-7f11b9d0f000 ---p 00002000 fc:01 1056282                    /usr/lib/x86_64-linux-gnu/libxcb-shm.so.0.0.0
7f11b9d0f000-7f11b9d10000 r--p 00001000 fc:01 1056282                    /usr/lib/x86_64-linux-gnu/libxcb-shm.so.0.0.0
7f11b9d10000-7f11b9d11000 rw-p 00002000 fc:01 1056282                    /usr/lib/x86_64-linux-gnu/libxcb-shm.so.0.0.0
7f11b9d11000-7f11b9d36000 r-xp 00000000 fc:01 1970112                    /lib/x86_64-linux-gnu/libpng12.so.0.49.0
7f11b9d36000-7f11b9f35000 ---p 00025000 fc:01 1970112                    /lib/x86_64-linux-gnu/libpng12.so.0.49.0
7f11b9f35000-7f11b9f36000 r--p 00024000 fc:01 1970112                    /lib/x86_64-linux-gnu/libpng12.so.0.49.0
7f11b9f36000-7f11b9f37000 rw-p 00025000 fc:01 1970112                    /lib/x86_64-linux-gnu/libpng12.so.0.49.0
7f11b9f37000-7f11b9fd8000 r-xp 00000000 fc:01 1055218                    /usr/lib/x86_64-linux-gnu/libpixman-1.so.0.30.2
7f11b9fd8000-7f11ba1d8000 ---p 000a1000 fc:01 1055218                    /usr/lib/x86_64-linux-gnu/libpixman-1.so.0.30.2
7f11ba1d8000-7f11ba1df000 r--p 000a1000 fc:01 1055218                    /usr/lib/x86_64-linux-gnu/libpixman-1.so.0.30.2
7f11ba1df000-7f11ba1e0000 rw-p 000a8000 fc:01 1055218                    /usr/lib/x86_64-linux-gnu/libpixman-1.so.0.30.2
7f11ba1e0000-7f11ba230000 r-xp 00000000 fc:01 1055889                    /usr/lib/x86_64-linux-gnu/libharfbuzz.so.0.919.0
7f11ba230000-7f11ba430000 ---p 00050000 fc:01 1055889                    /usr/lib/x86_64-linux-gnu/libharfbuzz.so.0.919.0
7f11ba430000-7f11ba431000 r--p 00050000 fc:01 1055889                    /usr/lib/x86_64-linux-gnu/libharfbuzz.so.0.919.0
7f11ba431000-7f11ba432000 rw-p 00051000 fc:01 1055889                    /usr/lib/x86_64-linux-gnu/libharfbuzz.so.0.919.0
7f11ba432000-7f11ba448000 r-xp 00000000 fc:01 1970123                    /lib/x86_64-linux-gnu/libresolv-2.17.so
7f11ba448000-7f11ba648000 ---p 00016000 fc:01 1970123                    /lib/x86_64-linux-gnu/libresolv-2.17.so
7f11ba648000-7f11ba649000 r--p 00016000 fc:01 1970123                    /lib/x86_64-linux-gnu/libresolv-2.17.so
7f11ba649000-7f11ba64a000 rw-p 00017000 fc:01 1970123                    /lib/x86_64-linux-gnu/libresolv-2.17.so
7f11ba64a000-7f11ba64c000 rw-p 00000000 00:00 0 
7f11ba64c000-7f11ba66b000 r-xp 00000000 fc:01 1970127                    /lib/x86_64-linux-gnu/libselinux.so.1
7f11ba66b000-7f11ba86b000 ---p 0001f000 fc:01 1970127                    /lib/x86_64-linux-gnu/libselinux.so.1
7f11ba86b000-7f11ba86c000 r--p 0001f000 fc:01 1970127                    /lib/x86_64-linux-gnu/libselinux.so.1
7f11ba86c000-7f11ba86d000 rw-p 00020000 fc:01 1970127                    /lib/x86_64-linux-gnu/libselinux.so.1
7f11ba86d000-7f11ba86e000 rw-p 00000000 00:00 0 
7f11ba86e000-7f11ba870000 r-xp 00000000 fc:01 1055438                    /usr/lib/x86_64-linux-gnu/libXcomposite.so.1.0.0
7f11ba870000-7f11baa6f000 ---p 00002000 fc:01 1055438                    /usr/lib/x86_64-linux-gnu/libXcomposite.so.1.0.0
7f11baa6f000-7f11baa70000 r--p 00001000 fc:01 1055438                    /usr/lib/x86_64-linux-gnu/libXcomposite.so.1.0.0
7f11baa70000-7f11baa71000 rw-p 00002000 fc:01 1055438                    /usr/lib/x86_64-linux-gnu/libXcomposite.so.1.0.0
7f11baa71000-7f11baa7a000 r-xp 00000000 fc:01 1055440                    /usr/lib/x86_64-linux-gnu/libXcursor.so.1.0.2
7f11baa7a000-7f11bac79000 ---p 00009000 fc:01 1055440                    /usr/lib/x86_64-linux-gnu/libXcursor.so.1.0.2
7f11bac79000-7f11bac7a000 r--p 00008000 fc:01 1055440                    /usr/lib/x86_64-linux-gnu/libXcursor.so.1.0.2
7f11bac7a000-7f11bac7b000 rw-p 00009000 fc:01 1055440                    /usr/lib/x86_64-linux-gnu/libXcursor.so.1.0.2
7f11bac7b000-7f11bac84000 r-xp 00000000 fc:01 1055466                    /usr/lib/x86_64-linux-gnu/libXrandr.so.2.2.0
7f11bac84000-7f11bae83000 ---p 00009000 fc:01 1055466                    /usr/lib/x86_64-linux-gnu/libXrandr.so.2.2.0
7f11bae83000-7f11bae84000 r--p 00008000 fc:01 1055466                    /usr/lib/x86_64-linux-gnu/libXrandr.so.2.2.0
7f11bae84000-7f11bae85000 rw-p 00009000 fc:01 1055466                    /usr/lib/x86_64-linux-gnu/libXrandr.so.2.2.0
7f11bae85000-7f11bae94000 r-xp 00000000 fc:01 1055454                    /usr/lib/x86_64-linux-gnu/libXi.so.6.1.0
7f11bae94000-7f11bb093000 ---p 0000f000 fc:01 1055454                    /usr/lib/x86_64-linux-gnu/libXi.so.6.1.0
7f11bb093000-7f11bb094000 r--p 0000e000 fc:01 1055454                    /usr/lib/x86_64-linux-gnu/libXi.so.6.1.0
7f11bb094000-7f11bb095000 rw-p 0000f000 fc:01 1055454                    /usr/lib/x86_64-linux-gnu/libXi.so.6.1.0
7f11bb095000-7f11bb097000 r-xp 00000000 fc:01 1055456                    /usr/lib/x86_64-linux-gnu/libXinerama.so.1.0.0
7f11bb097000-7f11bb296000 ---p 00002000 fc:01 1055456                    /usr/lib/x86_64-linux-gnu/libXinerama.so.1.0.0
7f11bb296000-7f11bb297000 r--p 00001000 fc:01 1055456                    /usr/lib/x86_64-linux-gnu/libXinerama.so.1.0.0
7f11bb297000-7f11bb298000 rw-p 00002000 fc:01 1055456                    /usr/lib/x86_64-linux-gnu/libXinerama.so.1.0.0
7f11bb298000-7f11bb2a1000 r-xp 00000000 fc:01 1055468                    /usr/lib/x86_64-linux-gnu/libXrender.so.1.3.0
7f11bb2a1000-7f11bb4a0000 ---p 00009000 fc:01 1055468                    /usr/lib/x86_64-linux-gnu/libXrender.so.1.3.0
7f11bb4a0000-7f11bb4a1000 r--p 00008000 fc:01 1055468                    /usr/lib/x86_64-linux-gnu/libXrender.so.1.3.0
7f11bb4a1000-7f11bb4a2000 rw-p 00009000 fc:01 1055468                    /usr/lib/x86_64-linux-gnu/libXrender.so.1.3.0
7f11bb4a2000-7f11bb4a7000 r-xp 00000000 fc:01 1055474                    /usr/lib/x86_64-linux-gnu/libXtst.so.6.1.0
7f11bb4a7000-7f11bb6a6000 ---p 00005000 fc:01 1055474                    /usr/lib/x86_64-linux-gnu/libXtst.so.6.1.0
7f11bb6a6000-7f11bb6a7000 r--p 00004000 fc:01 1055474                    /usr/lib/x86_64-linux-gnu/libXtst.so.6.1.0
7f11bb6a7000-7f11bb6a8000 rw-p 00005000 fc:01 1055474                    /usr/lib/x86_64-linux-gnu/libXtst.so.6.1.0
7f11bb6a8000-7f11bb7a6000 r-xp 00000000 fc:01 1973099                    /lib/x86_64-linux-gnu/libglib-2.0.so.0.3800.1
7f11bb7a6000-7f11bb9a6000 ---p 000fe000 fc:01 1973099                    /lib/x86_64-linux-gnu/libglib-2.0.so.0.3800.1
7f11bb9a6000-7f11bb9a7000 r--p 000fe000 fc:01 1973099                    /lib/x86_64-linux-gnu/libglib-2.0.so.0.3800.1
7f11bb9a7000-7f11bb9a8000 rw-p 000ff000 fc:01 1973099                    /lib/x86_64-linux-gnu/libglib-2.0.so.0.3800.1
7f11bb9a8000-7f11bb9a9000 rw-p 00000000 00:00 0 
7f11bb9a9000-7f11bb9aa000 r-xp 00000000 fc:01 1048957                    /usr/lib/x86_64-linux-gnu/libgthread-2.0.so.0.3800.1
7f11bb9aa000-7f11bbba9000 ---p 00001000 fc:01 1048957                    /usr/lib/x86_64-linux-gnu/libgthread-2.0.so.0.3800.1
7f11bbba9000-7f11bbbaa000 r--p 00000000 fc:01 1048957                    /usr/lib/x86_64-linux-gnu/libgthread-2.0.so.0.3800.1
7f11bbbaa000-7f11bbbab000 rw-p 00001000 fc:01 1048957                    /usr/lib/x86_64-linux-gnu/libgthread-2.0.so.0.3800.1
7f11bbbab000-7f11bbbae000 r-xp 00000000 fc:01 1048958                    /usr/lib/x86_64-linux-gnu/libgmodule-2.0.so.0.3800.1
7f11bbbae000-7f11bbdad000 ---p 00003000 fc:01 1048958                    /usr/lib/x86_64-linux-gnu/libgmodule-2.0.so.0.3800.1
7f11bbdad000-7f11bbdae000 r--p 00002000 fc:01 1048958                    /usr/lib/x86_64-linux-gnu/libgmodule-2.0.so.0.3800.1
7f11bbdae000-7f11bbdaf000 rw-p 00003000 fc:01 1048958                    /usr/lib/x86_64-linux-gnu/libgmodule-2.0.so.0.3800.1
7f11bbdaf000-7f11bbdfe000 r-xp 00000000 fc:01 1048954                    /usr/lib/x86_64-linux-gnu/libgobject-2.0.so.0.3800.1
7f11bbdfe000-7f11bbffe000 ---p 0004f000 fc:01 1048954                    /usr/lib/x86_64-linux-gnu/libgobject-2.0.so.0.3800.1
7f11bbffe000-7f11bbfff000 r--p 0004f000 fc:01 1048954                    /usr/lib/x86_64-linux-gnu/libgobject-2.0.so.0.3800.1
7f11bbfff000-7f11bc000000 rw-p 00050000 fc:01 1048954                    /usr/lib/x86_64-linux-gnu/libgobject-2.0.so.0.3800.1
7f11bc000000-7f11bc021000 rw-p 00000000 00:00 0 
7f11bc021000-7f11c0000000 ---p 00000000 00:00 0 
7f11c0000000-7f11c02ec000 rw-p 00000000 00:00 0 
7f11c02ec000-7f11c4000000 ---p 00000000 00:00 0 
7f11c402e000-7f11c4057000 r--p 00000000 fc:01 1707679                    /usr/share/locale-langpack/de/LC_MESSAGES/gtk20-properties.mo
7f11c4057000-7f11c4090000 r-xp 00000000 fc:01 1055670                    /usr/lib/x86_64-linux-gnu/libfontconfig.so.1.7.0
7f11c4090000-7f11c4290000 ---p 00039000 fc:01 1055670                    /usr/lib/x86_64-linux-gnu/libfontconfig.so.1.7.0
7f11c4290000-7f11c4292000 r--p 00039000 fc:01 1055670                    /usr/lib/x86_64-linux-gnu/libfontconfig.so.1.7.0
7f11c4292000-7f11c4293000 rw-p 0003b000 fc:01 1055670                    /usr/lib/x86_64-linux-gnu/libfontconfig.so.1.7.0
7f11c4293000-7f11c432f000 r-xp 00000000 fc:01 1051951                    /usr/lib/x86_64-linux-gnu/libfreetype.so.6.10.1
7f11c432f000-7f11c452f000 ---p 0009c000 fc:01 1051951                    /usr/lib/x86_64-linux-gnu/libfreetype.so.6.10.1
7f11c452f000-7f11c4534000 r--p 0009c000 fc:01 1051951                    /usr/lib/x86_64-linux-gnu/libfreetype.so.6.10.1
7f11c4534000-7f11c4535000 rw-p 000a1000 fc:01 1051951                    /usr/lib/x86_64-linux-gnu/libfreetype.so.6.10.1
7f11c4535000-7f11c457f000 r-xp 00000000 fc:01 1056054                    /usr/lib/x86_64-linux-gnu/libpango-1.0.so.0.3200.5
7f11c457f000-7f11c477e000 ---p 0004a000 fc:01 1056054                    /usr/lib/x86_64-linux-gnu/libpango-1.0.so.0.3200.5
7f11c477e000-7f11c4780000 r--p 00049000 fc:01 1056054                    /usr/lib/x86_64-linux-gnu/libpango-1.0.so.0.3200.5
7f11c4780000-7f11c4781000 rw-p 0004b000 fc:01 1056054                    /usr/lib/x86_64-linux-gnu/libpango-1.0.so.0.3200.5
7f11c4781000-7f11c4885000 r-xp 00000000 fc:01 1055543                    /usr/lib/x86_64-linux-gnu/libcairo.so.2.11200.16
7f11c4885000-7f11c4a84000 ---p 00104000 fc:01 1055543                    /usr/lib/x86_64-linux-gnu/libcairo.so.2.11200.16
7f11c4a84000-7f11c4a87000 r--p 00103000 fc:01 1055543                    /usr/lib/x86_64-linux-gnu/libcairo.so.2.11200.16
7f11c4a87000-7f11c4a88000 rw-p 00106000 fc:01 1055543                    /usr/lib/x86_64-linux-gnu/libcairo.so.2.11200.16
7f11c4a88000-7f11c4a8a000 rw-p 00000000 00:00 0 
7f11c4a8a000-7f11c4a95000 r-xp 00000000 fc:01 1056056                    /usr/lib/x86_64-linux-gnu/libpangocairo-1.0.so.0.3200.5
7f11c4a95000-7f11c4c95000 ---p 0000b000 fc:01 1056056                    /usr/lib/x86_64-linux-gnu/libpangocairo-1.0.so.0.3200.5
7f11c4c95000-7f11c4c96000 r--p 0000b000 fc:01 1056056                    /usr/lib/x86_64-linux-gnu/libpangocairo-1.0.so.0.3200.5
7f11c4c96000-7f11c4c97000 rw-p 0000c000 fc:01 1056056                    /usr/lib/x86_64-linux-gnu/libpangocairo-1.0.so.0.3200.5
7f11c4c97000-7f11c4cb6000 r-xp 00000000 fc:01 1055717                    /usr/lib/x86_64-linux-gnu/libgdk_pixbuf-2.0.so.0.2800.1
7f11c4cb6000-7f11c4eb5000 ---p 0001f000 fc:01 1055717                    /usr/lib/x86_64-linux-gnu/libgdk_pixbuf-2.0.so.0.2800.1
7f11c4eb5000-7f11c4eb6000 r--p 0001e000 fc:01 1055717                    /usr/lib/x86_64-linux-gnu/libgdk_pixbuf-2.0.so.0.2800.1
7f11c4eb6000-7f11c4eb7000 rw-p 0001f000 fc:01 1055717                    /usr/lib/x86_64-linux-gnu/libgdk_pixbuf-2.0.so.0.2800.1
7f11c4eb7000-7f11c4ecb000 r-xp 00000000 fc:01 1056058                    /usr/lib/x86_64-linux-gnu/libpangoft2-1.0.so.0.3200.5
7f11c4ecb000-7f11c50ca000 ---p 00014000 fc:01 1056058                    /usr/lib/x86_64-linux-gnu/libpangoft2-1.0.so.0.3200.5
7f11c50ca000-7f11c50cb000 r--p 00013000 fc:01 1056058                    /usr/lib/x86_64-linux-gnu/libpangoft2-1.0.so.0.3200.5
7f11c50cb000-7f11c50cc000 rw-p 00014000 fc:01 1056058                    /usr/lib/x86_64-linux-gnu/libpangoft2-1.0.so.0.3200.5
7f11c50cc000-7f11c5228000 r-xp 00000000 fc:01 1048932                    /usr/lib/x86_64-linux-gnu/libgio-2.0.so.0.3800.1
7f11c5228000-7f11c5427000 ---p 0015c000 fc:01 1048932                    /usr/lib/x86_64-linux-gnu/libgio-2.0.so.0.3800.1
7f11c5427000-7f11c542b000 r--p 0015b000 fc:01 1048932                    /usr/lib/x86_64-linux-gnu/libgio-2.0.so.0.3800.1
7f11c542b000-7f11c542d000 rw-p 0015f000 fc:01 1048932                    /usr/lib/x86_64-linux-gnu/libgio-2.0.so.0.3800.1
7f11c542d000-7f11c542f000 rw-p 00000000 00:00 0 
7f11c542f000-7f11c544e000 r-xp 00000000 fc:01 1055509                    /usr/lib/x86_64-linux-gnu/libatk-1.0.so.0.21009.1
7f11c544e000-7f11c564e000 ---p 0001f000 fc:01 1055509                    /usr/lib/x86_64-linux-gnu/libatk-1.0.so.0.21009.1
7f11c564e000-7f11c5650000 r--p 0001f000 fc:01 1055509                    /usr/lib/x86_64-linux-gnu/libatk-1.0.so.0.21009.1
7f11c5650000-7f11c5651000 rw-p 00021000 fc:01 1055509                    /usr/lib/x86_64-linux-gnu/libatk-1.0.so.0.21009.1
7f11c5651000-7f11c56fe000 r-xp 00000000 fc:01 1055715                    /usr/lib/x86_64-linux-gnu/libgdk-x11-2.0.so.0.2400.20
7f11c56fe000-7f11c58fd000 ---p 000ad000 fc:01 1055715                    /usr/lib/x86_64-linux-gnu/libgdk-x11-2.0.so.0.2400.20
7f11c58fd000-7f11c5901000 r--p 000ac000 fc:01 1055715                    /usr/lib/x86_64-linux-gnu/libgdk-x11-2.0.so.0.2400.20
7f11c5901000-7f11c5903000 rw-p 000b0000 fc:01 1055715                    /usr/lib/x86_64-linux-gnu/libgdk-x11-2.0.so.0.2400.20
7f11c5903000-7f11c5d32000 r-xp 00000000 fc:01 1055875                    /usr/lib/x86_64-linux-gnu/libgtk-x11-2.0.so.0.2400.20
7f11c5d32000-7f11c5f31000 ---p 0042f000 fc:01 1055875                    /usr/lib/x86_64-linux-gnu/libgtk-x11-2.0.so.0.2400.20
7f11c5f31000-7f11c5f38000 r--p 0042e000 fc:01 1055875                    /usr/lib/x86_64-linux-gnu/libgtk-x11-2.0.so.0.2400.20
7f11c5f38000-7f11c5f3c000 rw-p 00435000 fc:01 1055875                    /usr/lib/x86_64-linux-gnu/libgtk-x11-2.0.so.0.2400.20
7f11c5f3c000-7f11c5f3f000 rw-p 00000000 00:00 0 
7f11c5f3f000-7f11c5f67000 r-xp 00000000 fc:01 1192741                    /usr/lib/jvm/java-8-oracle/jre/lib/amd64/libglass.so
7f11c5f67000-7f11c6166000 ---p 00028000 fc:01 1192741                    /usr/lib/jvm/java-8-oracle/jre/lib/amd64/libglass.so
7f11c6166000-7f11c6168000 r--p 00027000 fc:01 1192741                    /usr/lib/jvm/java-8-oracle/jre/lib/amd64/libglass.so
7f11c6168000-7f11c6169000 rw-p 00029000 fc:01 1192741                    /usr/lib/jvm/java-8-oracle/jre/lib/amd64/libglass.so
7f11c6169000-7f11c619b000 r-xp 00000000 fc:01 1056215                    /usr/lib/x86_64-linux-gnu/libtxc_dxtn_s2tc.so.0.0.0
7f11c619b000-7f11c639a000 ---p 00032000 fc:01 1056215                    /usr/lib/x86_64-linux-gnu/libtxc_dxtn_s2tc.so.0.0.0
7f11c639a000-7f11c639b000 r--p 00031000 fc:01 1056215                    /usr/lib/x86_64-linux-gnu/libtxc_dxtn_s2tc.so.0.0.0
7f11c639b000-7f11c639c000 rw-p 00032000 fc:01 1056215                    /usr/lib/x86_64-linux-gnu/libtxc_dxtn_s2tc.so.0.0.0
7f11c639c000-7f11c63b4000 r-xp 00000000 fc:01 1970160                    /lib/x86_64-linux-gnu/libz.so.1.2.8
7f11c63b4000-7f11c65b3000 ---p 00018000 fc:01 1970160                    /lib/x86_64-linux-gnu/libz.so.1.2.8
7f11c65b3000-7f11c65b4000 r--p 00017000 fc:01 1970160                    /lib/x86_64-linux-gnu/libz.so.1.2.8
7f11c65b4000-7f11c65b5000 rw-p 00018000 fc:01 1970160                    /lib/x86_64-linux-gnu/libz.so.1.2.8
7f11c65b5000-7f11c65bd000 r-xp 00000000 fc:01 1056070                    /usr/lib/x86_64-linux-gnu/libpciaccess.so.0.11.1
7f11c65bd000-7f11c67bc000 ---p 00008000 fc:01 1056070                    /usr/lib/x86_64-linux-gnu/libpciaccess.so.0.11.1
7f11c67bc000-7f11c67bd000 r--p 00007000 fc:01 1056070                    /usr/lib/x86_64-linux-gnu/libpciaccess.so.0.11.1
7f11c67bd000-7f11c67be000 rw-p 00008000 fc:01 1056070                    /usr/lib/x86_64-linux-gnu/libpciaccess.so.0.11.1
7f11c67be000-7f11c67d3000 r-xp 00000000 fc:01 1970272                    /lib/x86_64-linux-gnu/libgcc_s.so.1
7f11c67d3000-7f11c69d2000 ---p 00015000 fc:01 1970272                    /lib/x86_64-linux-gnu/libgcc_s.so.1
7f11c69d2000-7f11c69d3000 r--p 00014000 fc:01 1970272                    /lib/x86_64-linux-gnu/libgcc_s.so.1
7f11c69d3000-7f11c69d4000 rw-p 00015000 fc:01 1970272                    /lib/x86_64-linux-gnu/libgcc_s.so.1
7f11c69d4000-7f11c6aba000 r-xp 00000000 fc:01 1057842                    /usr/lib/x86_64-linux-gnu/libstdc++.so.6.0.18
7f11c6aba000-7f11c6cb9000 ---p 000e6000 fc:01 1057842                    /usr/lib/x86_64-linux-gnu/libstdc++.so.6.0.18
7f11c6cb9000-7f11c6cc1000 r--p 000e5000 fc:01 1057842                    /usr/lib/x86_64-linux-gnu/libstdc++.so.6.0.18
7f11c6cc1000-7f11c6cc3000 rw-p 000ed000 fc:01 1057842                    /usr/lib/x86_64-linux-gnu/libstdc++.so.6.0.18
7f11c6cc3000-7f11c6cd8000 rw-p 00000000 00:00 0 
7f11c6cd8000-7f11c6cf7000 r-xp 00000000 fc:01 1058764                    /usr/lib/x86_64-linux-gnu/libdrm_intel.so.1.0.0
7f11c6cf7000-7f11c6ef6000 ---p 0001f000 fc:01 1058764                    /usr/lib/x86_64-linux-gnu/libdrm_intel.so.1.0.0
7f11c6ef6000-7f11c6ef7000 r--p 0001e000 fc:01 1058764                    /usr/lib/x86_64-linux-gnu/libdrm_intel.so.1.0.0
7f11c6ef7000-7f11c6ef8000 rw-p 0001f000 fc:01 1058764                    /usr/lib/x86_64-linux-gnu/libdrm_intel.so.1.0.0
7f11c6ef8000-7f11c6f1f000 r-xp 00000000 fc:01 1970023                    /lib/x86_64-linux-gnu/libexpat.so.1.6.0
7f11c6f1f000-7f11c711f000 ---p 00027000 fc:01 1970023                    /lib/x86_64-linux-gnu/libexpat.so.1.6.0
7f11c711f000-7f11c7121000 r--p 00027000 fc:01 1970023                    /lib/x86_64-linux-gnu/libexpat.so.1.6.0
7f11c7121000-7f11c7122000 rw-p 00029000 fc:01 1970023                    /lib/x86_64-linux-gnu/libexpat.so.1.6.0
7f11c7122000-7f11c74e0000 r-xp 00000000 fc:01 1055625                    /usr/lib/x86_64-linux-gnu/libdricore9.2.1.so.1.0.0
7f11c74e0000-7f11c76df000 ---p 003be000 fc:01 1055625                    /usr/lib/x86_64-linux-gnu/libdricore9.2.1.so.1.0.0
7f11c76df000-7f11c76ef000 r--p 003bd000 fc:01 1055625                    /usr/lib/x86_64-linux-gnu/libdricore9.2.1.so.1.0.0
7f11c76ef000-7f11c76f7000 rw-p 003cd000 fc:01 1055625                    /usr/lib/x86_64-linux-gnu/libdricore9.2.1.so.1.0.0
7f11c76f7000-7f11c770f000 rw-p 00000000 00:00 0 
7f11c770f000-7f11c77e4000 r-xp 00000000 fc:01 1311097                    /usr/lib/x86_64-linux-gnu/dri/i965_dri.so
7f11c77e4000-7f11c79e4000 ---p 000d5000 fc:01 1311097                    /usr/lib/x86_64-linux-gnu/dri/i965_dri.so
7f11c79e4000-7f11c79e7000 r--p 000d5000 fc:01 1311097                    /usr/lib/x86_64-linux-gnu/dri/i965_dri.so
7f11c79e7000-7f11c79e9000 rw-p 000d8000 fc:01 1311097                    /usr/lib/x86_64-linux-gnu/dri/i965_dri.so
7f11c79e9000-7f11c79ea000 rw-p 00000000 00:00 0 
7f11c79ea000-7f11c79ef000 r-xp 00000000 fc:01 1055444                    /usr/lib/x86_64-linux-gnu/libXdmcp.so.6.0.0
7f11c79ef000-7f11c7bee000 ---p 00005000 fc:01 1055444                    /usr/lib/x86_64-linux-gnu/libXdmcp.so.6.0.0
7f11c7bee000-7f11c7bef000 r--p 00004000 fc:01 1055444                    /usr/lib/x86_64-linux-gnu/libXdmcp.so.6.0.0
7f11c7bef000-7f11c7bf0000 rw-p 00005000 fc:01 1055444                    /usr/lib/x86_64-linux-gnu/libXdmcp.so.6.0.0
7f11c7bf0000-7f11c7bf2000 r-xp 00000000 fc:01 1055433                    /usr/lib/x86_64-linux-gnu/libXau.so.6.0.0
7f11c7bf2000-7f11c7df2000 ---p 00002000 fc:01 1055433                    /usr/lib/x86_64-linux-gnu/libXau.so.6.0.0
7f11c7df2000-7f11c7df3000 r--p 00002000 fc:01 1055433                    /usr/lib/x86_64-linux-gnu/libXau.so.6.0.0
7f11c7df3000-7f11c7df4000 rw-p 00003000 fc:01 1055433                    /usr/lib/x86_64-linux-gnu/libXau.so.6.0.0
7f11c7df4000-7f11c7dff000 r-xp 00000000 fc:01 1052534                    /usr/lib/x86_64-linux-gnu/libdrm.so.2.4.0
7f11c7dff000-7f11c7ffe000 ---p 0000b000 fc:01 1052534                    /usr/lib/x86_64-linux-gnu/libdrm.so.2.4.0
7f11c7ffe000-7f11c7fff000 r--p 0000a000 fc:01 1052534                    /usr/lib/x86_64-linux-gnu/libdrm.so.2.4.0
7f11c7fff000-7f11c8000000 rw-p 0000b000 fc:01 1052534                    /usr/lib/x86_64-linux-gnu/libdrm.so.2.4.0
7f11c8000000-7f11c8021000 rw-p 00000000 00:00 0 
7f11c8021000-7f11cc000000 ---p 00000000 00:00 0 
7f11cc000000-7f11cc0a4000 rw-p 00000000 00:00 0 
7f11cc0a4000-7f11d0000000 ---p 00000000 00:00 0 
7f11d0000000-7f11d006c000 rw-p 00000000 00:00 0 
7f11d006c000-7f11d4000000 ---p 00000000 00:00 0 
7f11d4000000-7f11d4021000 rw-p 00000000 00:00 0 
7f11d4021000-7f11d8000000 ---p 00000000 00:00 0 
7f11d8000000-7f11d8021000 rw-p 00000000 00:00 0 
7f11d8021000-7f11dc000000 ---p 00000000 00:00 0 
7f11dc000000-7f11dc0b2000 rw-p 00000000 00:00 0 
7f11dc0b2000-7f11e0000000 ---p 00000000 00:00 0 
7f11e0000000-7f11e0021000 rw-p 00000000 00:00 0 
7f11e0021000-7f11e4000000 ---p 00000000 00:00 0 
7f11e4000000-7f11e4021000 rw-p 00000000 00:00 0 
7f11e4021000-7f11e8000000 ---p 00000000 00:00 0 
7f11e8000000-7f11e8021000 rw-p 00000000 00:00 0 
7f11e8021000-7f11ec000000 ---p 00000000 00:00 0 
7f11ec000000-7f11ec021000 rw-p 00000000 00:00 0 
7f11ec021000-7f11f0000000 ---p 00000000 00:00 0 
7f11f0000000-7f11f0021000 rw-p 00000000 00:00 0 
7f11f0021000-7f11f4000000 ---p 00000000 00:00 0 
7f11f4000000-7f11f4021000 rw-p 00000000 00:00 0 
7f11f4021000-7f11f8000000 ---p 00000000 00:00 0 
7f11f8025000-7f11f8028000 ---p 00000000 00:00 0 
7f11f8028000-7f11f8126000 rw-p 00000000 00:00 0                          [stack:5741]
7f11f8126000-7f11f814c000 r--p 00000000 fc:01 1707732                    /usr/share/locale-langpack/de/LC_MESSAGES/libc.mo
7f11f814c000-7f11f814f000 r-xp 00000000 fc:01 1056274                    /usr/lib/x86_64-linux-gnu/libxcb-dri2.so.0.0.0
7f11f814f000-7f11f834f000 ---p 00003000 fc:01 1056274                    /usr/lib/x86_64-linux-gnu/libxcb-dri2.so.0.0.0
7f11f834f000-7f11f8350000 r--p 00003000 fc:01 1056274                    /usr/lib/x86_64-linux-gnu/libxcb-dri2.so.0.0.0
7f11f8350000-7f11f8351000 rw-p 00004000 fc:01 1056274                    /usr/lib/x86_64-linux-gnu/libxcb-dri2.so.0.0.0
7f11f8351000-7f11f8366000 r-xp 00000000 fc:01 1056276                    /usr/lib/x86_64-linux-gnu/libxcb-glx.so.0.0.0
7f11f8366000-7f11f8565000 ---p 00015000 fc:01 1056276                    /usr/lib/x86_64-linux-gnu/libxcb-glx.so.0.0.0
7f11f8565000-7f11f8567000 r--p 00014000 fc:01 1056276                    /usr/lib/x86_64-linux-gnu/libxcb-glx.so.0.0.0
7f11f8567000-7f11f8568000 rw-p 00016000 fc:01 1056276                    /usr/lib/x86_64-linux-gnu/libxcb-glx.so.0.0.0
7f11f8568000-7f11f8569000 r-xp 00000000 fc:01 1055427                    /usr/lib/x86_64-linux-gnu/libX11-xcb.so.1.0.0
7f11f8569000-7f11f8768000 ---p 00001000 fc:01 1055427                    /usr/lib/x86_64-linux-gnu/libX11-xcb.so.1.0.0
7f11f8768000-7f11f8769000 r--p 00000000 fc:01 1055427                    /usr/lib/x86_64-linux-gnu/libX11-xcb.so.1.0.0
7f11f8769000-7f11f876a000 rw-p 00001000 fc:01 1055427                    /usr/lib/x86_64-linux-gnu/libX11-xcb.so.1.0.0
7f11f876a000-7f11f876f000 r-xp 00000000 fc:01 1055448                    /usr/lib/x86_64-linux-gnu/libXfixes.so.3.1.0
7f11f876f000-7f11f896e000 ---p 00005000 fc:01 1055448                    /usr/lib/x86_64-linux-gnu/libXfixes.so.3.1.0
7f11f896e000-7f11f896f000 r--p 00004000 fc:01 1055448                    /usr/lib/x86_64-linux-gnu/libXfixes.so.3.1.0
7f11f896f000-7f11f8970000 rw-p 00005000 fc:01 1055448                    /usr/lib/x86_64-linux-gnu/libXfixes.so.3.1.0
7f11f8970000-7f11f8972000 r-xp 00000000 fc:01 1055442                    /usr/lib/x86_64-linux-gnu/libXdamage.so.1.1.0
7f11f8972000-7f11f8b71000 ---p 00002000 fc:01 1055442                    /usr/lib/x86_64-linux-gnu/libXdamage.so.1.1.0
7f11f8b71000-7f11f8b72000 r--p 00001000 fc:01 1055442                    /usr/lib/x86_64-linux-gnu/libXdamage.so.1.1.0
7f11f8b72000-7f11f8b73000 rw-p 00002000 fc:01 1055442                    /usr/lib/x86_64-linux-gnu/libXdamage.so.1.1.0
7f11f8b73000-7f11f8b94000 r-xp 00000000 fc:01 1055745                    /usr/lib/x86_64-linux-gnu/libglapi.so.0.0.0
7f11f8b94000-7f11f8d94000 ---p 00021000 fc:01 1055745                    /usr/lib/x86_64-linux-gnu/libglapi.so.0.0.0
7f11f8d94000-7f11f8d97000 r--p 00021000 fc:01 1055745                    /usr/lib/x86_64-linux-gnu/libglapi.so.0.0.0
7f11f8d97000-7f11f8d98000 rw-p 00024000 fc:01 1055745                    /usr/lib/x86_64-linux-gnu/libglapi.so.0.0.0
7f11f8d98000-7f11f8d99000 rw-p 00000000 00:00 0 
7f11f8d99000-7f11f8daa000 r-xp 00000000 fc:01 1055446                    /usr/lib/x86_64-linux-gnu/libXext.so.6.4.0
7f11f8daa000-7f11f8fa9000 ---p 00011000 fc:01 1055446                    /usr/lib/x86_64-linux-gnu/libXext.so.6.4.0
7f11f8fa9000-7f11f8faa000 r--p 00010000 fc:01 1055446                    /usr/lib/x86_64-linux-gnu/libXext.so.6.4.0
7f11f8faa000-7f11f8fab000 rw-p 00011000 fc:01 1055446                    /usr/lib/x86_64-linux-gnu/libXext.so.6.4.0
7f11f8fab000-7f11f8fc8000 r-xp 00000000 fc:01 1056288                    /usr/lib/x86_64-linux-gnu/libxcb.so.1.1.0
7f11f8fc8000-7f11f91c7000 ---p 0001d000 fc:01 1056288                    /usr/lib/x86_64-linux-gnu/libxcb.so.1.1.0
7f11f91c7000-7f11f91c8000 r--p 0001c000 fc:01 1056288                    /usr/lib/x86_64-linux-gnu/libxcb.so.1.1.0
7f11f91c8000-7f11f91c9000 rw-p 0001d000 fc:01 1056288                    /usr/lib/x86_64-linux-gnu/libxcb.so.1.1.0
7f11f91c9000-7f11f9223000 r-xp 00000000 fc:01 1312204                    /usr/lib/x86_64-linux-gnu/mesa/libGL.so.1.2.0
7f11f9223000-7f11f9423000 ---p 0005a000 fc:01 1312204                    /usr/lib/x86_64-linux-gnu/mesa/libGL.so.1.2.0
7f11f9423000-7f11f9425000 r--p 0005a000 fc:01 1312204                    /usr/lib/x86_64-linux-gnu/mesa/libGL.so.1.2.0
7f11f9425000-7f11f9426000 rw-p 0005c000 fc:01 1312204                    /usr/lib/x86_64-linux-gnu/mesa/libGL.so.1.2.0
7f11f9426000-7f11f9427000 rw-p 00000000 00:00 0 
7f11f9427000-7f11f942b000 r-xp 00000000 fc:01 1055480                    /usr/lib/x86_64-linux-gnu/libXxf86vm.so.1.0.0
7f11f942b000-7f11f962b000 ---p 00004000 fc:01 1055480                    /usr/lib/x86_64-linux-gnu/libXxf86vm.so.1.0.0
7f11f962b000-7f11f962c000 r--p 00004000 fc:01 1055480                    /usr/lib/x86_64-linux-gnu/libXxf86vm.so.1.0.0
7f11f962c000-7f11f962d000 rw-p 00005000 fc:01 1055480                    /usr/lib/x86_64-linux-gnu/libXxf86vm.so.1.0.0
7f11f962d000-7f11f975d000 r-xp 00000000 fc:01 1055429                    /usr/lib/x86_64-linux-gnu/libX11.so.6.3.0
7f11f975d000-7f11f995d000 ---p 00130000 fc:01 1055429                    /usr/lib/x86_64-linux-gnu/libX11.so.6.3.0
7f11f995d000-7f11f995e000 r--p 00130000 fc:01 1055429                    /usr/lib/x86_64-linux-gnu/libX11.so.6.3.0
7f11f995e000-7f11f9962000 rw-p 00131000 fc:01 1055429                    /usr/lib/x86_64-linux-gnu/libX11.so.6.3.0
7f11f9962000-7f11f996b000 r-xp 00000000 fc:01 1188251                    /usr/lib/jvm/java-7-oracle/jre/lib/amd64/libprism-es2.so
7f11f996b000-7f11f9b6a000 ---p 00009000 fc:01 1188251                    /usr/lib/jvm/java-7-oracle/jre/lib/amd64/libprism-es2.so
7f11f9b6a000-7f11f9b6b000 r--p 00008000 fc:01 1188251                    /usr/lib/jvm/java-7-oracle/jre/lib/amd64/libprism-es2.so
7f11f9b6b000-7f11f9b6c000 rw-p 00009000 fc:01 1188251                    /usr/lib/jvm/java-7-oracle/jre/lib/amd64/libprism-es2.so
7f11f9b6c000-7f11f9b6f000 ---p 00000000 00:00 0 
7f11f9b6f000-7f11f9c6d000 rw-p 00000000 00:00 0                          [stack:5740]
7f11f9c6d000-7f11f9c70000 ---p 00000000 00:00 0 
7f11f9c70000-7f11f9d6e000 rw-p 00000000 00:00 0                          [stack:5739]
7f11f9d6e000-7f11f9d6f000 ---p 00000000 00:00 0 
7f11f9d6f000-7f11f9e6f000 rw-p 00000000 00:00 0                          [stack:5738]
7f11f9e6f000-7f11f9e72000 ---p 00000000 00:00 0 
7f11f9e72000-7f11fc000000 rw-p 00000000 00:00 0                          [stack:5737]
7f11fc000000-7f11fc021000 rw-p 00000000 00:00 0 
7f11fc021000-7f1200000000 ---p 00000000 00:00 0 
7f1200023000-7f12000fc000 r--s 00abd000 fc:01 3941915                    /home/fs/NetBeansProjects/JEConfig/target/JEConfig-3.0.4.jar
7f12000fc000-7f12000ff000 ---p 00000000 00:00 0 
7f12000ff000-7f12001fd000 rw-p 00000000 00:00 0                          [stack:5736]
7f12001fd000-7f1200200000 ---p 00000000 00:00 0 
7f1200200000-7f12002fe000 rw-p 00000000 00:00 0                          [stack:5735]
7f12002fe000-7f1200301000 ---p 00000000 00:00 0 
7f1200301000-7f12003ff000 rw-p 00000000 00:00 0                          [stack:5734]
7f12003ff000-7f1200eff000 r--p 00000000 fc:01 1053633                    /usr/lib/locale/locale-archive
7f1200eff000-7f1200f02000 ---p 00000000 00:00 0 
7f1200f02000-7f1201000000 rw-p 00000000 00:00 0                          [stack:5733]
7f1201000000-7f1201270000 rwxp 00000000 00:00 0 
7f1201270000-7f12041f7000 rw-p 00000000 00:00 0 
7f12041f7000-7f1208000000 ---p 00000000 00:00 0 
7f120800e000-7f120801d000 r--p 00000000 fc:01 1707680                    /usr/share/locale-langpack/de/LC_MESSAGES/gtk20.mo
7f120801d000-7f1208020000 ---p 00000000 00:00 0 
7f1208020000-7f120811e000 rw-p 00000000 00:00 0                          [stack:5732]
7f120811e000-7f120811f000 ---p 00000000 00:00 0 
7f120811f000-7f1209179000 rw-p 00000000 00:00 0                          [stack:5731]
7f1209179000-7f1209338000 r--s 039e5000 fc:01 1190963                    /usr/lib/jvm/java-7-oracle/jre/lib/rt.jar
7f1209338000-7f1209612000 rw-p 00000000 00:00 0 
7f1209612000-7f1209613000 ---p 00000000 00:00 0 
7f1209613000-7f1209713000 rw-p 00000000 00:00 0                          [stack:5730]
7f1209713000-7f1209714000 ---p 00000000 00:00 0 
7f1209714000-7f1209814000 rw-p 00000000 00:00 0                          [stack:5729]
7f1209814000-7f1209815000 ---p 00000000 00:00 0 
7f1209815000-7f1209915000 rw-p 00000000 00:00 0                          [stack:5728]
7f1209915000-7f1209916000 ---p 00000000 00:00 0 
7f1209916000-7f1209a21000 rw-p 00000000 00:00 0                          [stack:5727]
7f1209a21000-7f1209a3f000 rw-p 00000000 00:00 0 
7f1209a3f000-7f1209a53000 rw-p 00000000 00:00 0 
7f1209a53000-7f1209b7f000 rw-p 00000000 00:00 0 
7f1209b7f000-7f1209b8a000 rw-p 00000000 00:00 0 
7f1209b8a000-7f1209ba8000 rw-p 00000000 00:00 0 
7f1209ba8000-7f1209bbc000 rw-p 00000000 00:00 0 
7f1209bbc000-7f1209ce8000 rw-p 00000000 00:00 0 
7f1209ce8000-7f1209cf2000 rw-p 00000000 00:00 0 
7f1209cf2000-7f1209d88000 rw-p 00000000 00:00 0 
7f1209d88000-7f1209d89000 rw-p 00000000 00:00 0 
7f1209d89000-7f1209da3000 r-xp 00000000 fc:01 1188255                    /usr/lib/jvm/java-7-oracle/jre/lib/amd64/libzip.so
7f1209da3000-7f1209fa3000 ---p 0001a000 fc:01 1188255                    /usr/lib/jvm/java-7-oracle/jre/lib/amd64/libzip.so
7f1209fa3000-7f1209fa4000 rw-p 0001a000 fc:01 1188255                    /usr/lib/jvm/java-7-oracle/jre/lib/amd64/libzip.so
7f1209fa4000-7f1209fb0000 r-xp 00000000 fc:01 1970078                    /lib/x86_64-linux-gnu/libnss_files-2.17.so
7f1209fb0000-7f120a1af000 ---p 0000c000 fc:01 1970078                    /lib/x86_64-linux-gnu/libnss_files-2.17.so
7f120a1af000-7f120a1b0000 r--p 0000b000 fc:01 1970078                    /lib/x86_64-linux-gnu/libnss_files-2.17.so
7f120a1b0000-7f120a1b1000 rw-p 0000c000 fc:01 1970078                    /lib/x86_64-linux-gnu/libnss_files-2.17.so
7f120a1b1000-7f120a1bc000 r-xp 00000000 fc:01 1970082                    /lib/x86_64-linux-gnu/libnss_nis-2.17.so
7f120a1bc000-7f120a3bb000 ---p 0000b000 fc:01 1970082                    /lib/x86_64-linux-gnu/libnss_nis-2.17.so
7f120a3bb000-7f120a3bc000 r--p 0000a000 fc:01 1970082                    /lib/x86_64-linux-gnu/libnss_nis-2.17.so
7f120a3bc000-7f120a3bd000 rw-p 0000b000 fc:01 1970082                    /lib/x86_64-linux-gnu/libnss_nis-2.17.so
7f120a3bd000-7f120a3d4000 r-xp 00000000 fc:01 1970072                    /lib/x86_64-linux-gnu/libnsl-2.17.so
7f120a3d4000-7f120a5d3000 ---p 00017000 fc:01 1970072                    /lib/x86_64-linux-gnu/libnsl-2.17.so
7f120a5d3000-7f120a5d4000 r--p 00016000 fc:01 1970072                    /lib/x86_64-linux-gnu/libnsl-2.17.so
7f120a5d4000-7f120a5d5000 rw-p 00017000 fc:01 1970072                    /lib/x86_64-linux-gnu/libnsl-2.17.so
7f120a5d5000-7f120a5d7000 rw-p 00000000 00:00 0 
7f120a5d7000-7f120a5df000 r-xp 00000000 fc:01 1970074                    /lib/x86_64-linux-gnu/libnss_compat-2.17.so
7f120a5df000-7f120a7de000 ---p 00008000 fc:01 1970074                    /lib/x86_64-linux-gnu/libnss_compat-2.17.so
7f120a7de000-7f120a7df000 r--p 00007000 fc:01 1970074                    /lib/x86_64-linux-gnu/libnss_compat-2.17.so
7f120a7df000-7f120a7e0000 rw-p 00008000 fc:01 1970074                    /lib/x86_64-linux-gnu/libnss_compat-2.17.so
7f120a7e0000-7f120a809000 r-xp 00000000 fc:01 1188209                    /usr/lib/jvm/java-7-oracle/jre/lib/amd64/libjava.so
7f120a809000-7f120aa09000 ---p 00029000 fc:01 1188209                    /usr/lib/jvm/java-7-oracle/jre/lib/amd64/libjava.so
7f120aa09000-7f120aa0b000 rw-p 00029000 fc:01 1188209                    /usr/lib/jvm/java-7-oracle/jre/lib/amd64/libjava.so
7f120aa0b000-7f120aa18000 r-xp 00000000 fc:01 1188203                    /usr/lib/jvm/java-7-oracle/jre/lib/amd64/libverify.so
7f120aa18000-7f120ac17000 ---p 0000d000 fc:01 1188203                    /usr/lib/jvm/java-7-oracle/jre/lib/amd64/libverify.so
7f120ac17000-7f120ac19000 rw-p 0000c000 fc:01 1188203                    /usr/lib/jvm/java-7-oracle/jre/lib/amd64/libverify.so
7f120ac19000-7f120ac20000 r-xp 00000000 fc:01 1970125                    /lib/x86_64-linux-gnu/librt-2.17.so
7f120ac20000-7f120ae1f000 ---p 00007000 fc:01 1970125                    /lib/x86_64-linux-gnu/librt-2.17.so
7f120ae1f000-7f120ae20000 r--p 00006000 fc:01 1970125                    /lib/x86_64-linux-gnu/librt-2.17.so
7f120ae20000-7f120ae21000 rw-p 00007000 fc:01 1970125                    /lib/x86_64-linux-gnu/librt-2.17.so
7f120ae21000-7f120af24000 r-xp 00000000 fc:01 1970053                    /lib/x86_64-linux-gnu/libm-2.17.so
7f120af24000-7f120b123000 ---p 00103000 fc:01 1970053                    /lib/x86_64-linux-gnu/libm-2.17.so
7f120b123000-7f120b124000 r--p 00102000 fc:01 1970053                    /lib/x86_64-linux-gnu/libm-2.17.so
7f120b124000-7f120b125000 rw-p 00103000 fc:01 1970053                    /lib/x86_64-linux-gnu/libm-2.17.so
7f120b125000-7f120bc95000 r-xp 00000000 fc:01 1188268                    /usr/lib/jvm/java-7-oracle/jre/lib/amd64/server/libjvm.so
7f120bc95000-7f120be94000 ---p 00b70000 fc:01 1188268                    /usr/lib/jvm/java-7-oracle/jre/lib/amd64/server/libjvm.so
7f120be94000-7f120bf59000 rw-p 00b6f000 fc:01 1188268                    /usr/lib/jvm/java-7-oracle/jre/lib/amd64/server/libjvm.so
7f120bf59000-7f120bf99000 rw-p 00000000 00:00 0 
7f120bf99000-7f120c156000 r-xp 00000000 fc:01 1970003                    /lib/x86_64-linux-gnu/libc-2.17.so
7f120c156000-7f120c356000 ---p 001bd000 fc:01 1970003                    /lib/x86_64-linux-gnu/libc-2.17.so
7f120c356000-7f120c35a000 r--p 001bd000 fc:01 1970003                    /lib/x86_64-linux-gnu/libc-2.17.so
7f120c35a000-7f120c35c000 rw-p 001c1000 fc:01 1970003                    /lib/x86_64-linux-gnu/libc-2.17.so
7f120c35c000-7f120c361000 rw-p 00000000 00:00 0 
7f120c361000-7f120c364000 r-xp 00000000 fc:01 1970018                    /lib/x86_64-linux-gnu/libdl-2.17.so
7f120c364000-7f120c563000 ---p 00003000 fc:01 1970018                    /lib/x86_64-linux-gnu/libdl-2.17.so
7f120c563000-7f120c564000 r--p 00002000 fc:01 1970018                    /lib/x86_64-linux-gnu/libdl-2.17.so
7f120c564000-7f120c565000 rw-p 00003000 fc:01 1970018                    /lib/x86_64-linux-gnu/libdl-2.17.so
7f120c565000-7f120c57b000 r-xp 00000000 fc:01 1188242                    /usr/lib/jvm/java-7-oracle/jre/lib/amd64/jli/libjli.so
7f120c57b000-7f120c77b000 ---p 00016000 fc:01 1188242                    /usr/lib/jvm/java-7-oracle/jre/lib/amd64/jli/libjli.so
7f120c77b000-7f120c77c000 rw-p 00016000 fc:01 1188242                    /usr/lib/jvm/java-7-oracle/jre/lib/amd64/jli/libjli.so
7f120c77c000-7f120c793000 r-xp 00000000 fc:01 1970117                    /lib/x86_64-linux-gnu/libpthread-2.17.so
7f120c793000-7f120c993000 ---p 00017000 fc:01 1970117                    /lib/x86_64-linux-gnu/libpthread-2.17.so
7f120c993000-7f120c994000 r--p 00017000 fc:01 1970117                    /lib/x86_64-linux-gnu/libpthread-2.17.so
7f120c994000-7f120c995000 rw-p 00018000 fc:01 1970117                    /lib/x86_64-linux-gnu/libpthread-2.17.so
7f120c995000-7f120c999000 rw-p 00000000 00:00 0 
7f120c999000-7f120c9bc000 r-xp 00000000 fc:01 1969979                    /lib/x86_64-linux-gnu/ld-2.17.so
7f120c9c4000-7f120c9e3000 rw-p 00000000 00:00 0 
7f120c9e3000-7f120ca99000 rw-p 00000000 00:00 0 
7f120ca99000-7f120ca9c000 ---p 00000000 00:00 0 
7f120ca9c000-7f120cb9e000 rw-p 00000000 00:00 0                          [stack:5726]
7f120cb9f000-7f120cba0000 rw-p 00000000 00:00 0 
7f120cba0000-7f120cba8000 rw-s 00000000 00:04 53929                      /drm mm object (deleted)
7f120cba8000-7f120cbaf000 r--s 00000000 fc:01 1311640                    /usr/lib/x86_64-linux-gnu/gconv/gconv-modules.cache
7f120cbaf000-7f120cbb7000 rw-s 00000000 fc:01 3679244                    /tmp/hsperfdata_fs/5722
7f120cbb7000-7f120cbb8000 rw-p 00000000 00:00 0 
7f120cbb8000-7f120cbb9000 r--p 00000000 00:00 0 
7f120cbb9000-7f120cbbb000 rw-p 00000000 00:00 0 
7f120cbbb000-7f120cbbc000 r--p 00022000 fc:01 1969979                    /lib/x86_64-linux-gnu/ld-2.17.so
7f120cbbc000-7f120cbbe000 rw-p 00023000 fc:01 1969979                    /lib/x86_64-linux-gnu/ld-2.17.so
7fff2bbe2000-7fff2bc03000 rw-p 00000000 00:00 0                          [stack]
7fff2bcc6000-7fff2bcc8000 r-xp 00000000 00:00 0                          [vdso]
ffffffffff600000-ffffffffff601000 r-xp 00000000 00:00 0                  [vsyscall]

VM Arguments:
java_command: /home/fs/NetBeansProjects/JEConfig/target/JEConfig-3.0.4.jar
Launcher Type: SUN_STANDARD

Environment Variables:
JAVA_HOME=/usr/lib/jvm/java-7-oracle
PATH=/usr/lib/lightdm/lightdm:/usr/local/sbin:/usr/local/bin:/usr/sbin:/usr/bin:/sbin:/bin:/usr/games:/usr/local/games
LD_LIBRARY_PATH=/usr/lib/jvm/java-8-oracle/jre/lib/amd64:/usr/lib/jvm/java-8-oracle/jre/lib/i386:
SHELL=/bin/bash
DISPLAY=:0.0

Signal Handlers:
SIGSEGV: [libjvm.so+0x99f4a0], sa_mask[0]=0x7ffbfeff, sa_flags=0x10000004
SIGBUS: [libjvm.so+0x99f4a0], sa_mask[0]=0x7ffbfeff, sa_flags=0x10000004
SIGFPE: [libjvm.so+0x81a860], sa_mask[0]=0x7ffbfeff, sa_flags=0x10000004
SIGPIPE: SIG_IGN, sa_mask[0]=0x00001000, sa_flags=0x10000000
SIGXFSZ: [libjvm.so+0x81a860], sa_mask[0]=0x7ffbfeff, sa_flags=0x10000004
SIGILL: [libjvm.so+0x81a860], sa_mask[0]=0x7ffbfeff, sa_flags=0x10000004
SIGUSR1: SIG_DFL, sa_mask[0]=0x00000000, sa_flags=0x00000000
SIGUSR2: [libjvm.so+0x81c060], sa_mask[0]=0x00000004, sa_flags=0x10000004
SIGHUP: [libjvm.so+0x81d160], sa_mask[0]=0x7ffbfeff, sa_flags=0x10000004
SIGINT: SIG_IGN, sa_mask[0]=0x00000000, sa_flags=0x00000000
SIGTERM: [libjvm.so+0x81d160], sa_mask[0]=0x7ffbfeff, sa_flags=0x10000004
SIGQUIT: [libjvm.so+0x81d160], sa_mask[0]=0x7ffbfeff, sa_flags=0x10000004


---------------  S Y S T E M  ---------------

OS:wheezy/sid

uname:Linux 3.11.0-12-generic #19-Ubuntu SMP Wed Oct 9 16:20:46 UTC 2013 x86_64
libc:glibc 2.17 NPTL 2.17 
rlimit: STACK 8192k, CORE 0k, NPROC 30449, NOFILE 4096, AS infinity
load average:1,91 1,03 0,86

/proc/meminfo:
MemTotal:        3927336 kB
MemFree:          235548 kB
Buffers:           10608 kB
Cached:           619004 kB
SwapCached:         6168 kB
Active:          2151892 kB
Inactive:         760580 kB
Active(anon):    1979328 kB
Inactive(anon):   602628 kB
Active(file):     172564 kB
Inactive(file):   157952 kB
Unevictable:          32 kB
Mlocked:              32 kB
SwapTotal:       4075516 kB
SwapFree:        4061204 kB
Dirty:             62636 kB
Writeback:             0 kB
AnonPages:       2276816 kB
Mapped:           604736 kB
Shmem:            298972 kB
Slab:             324248 kB
SReclaimable:     287648 kB
SUnreclaim:        36600 kB
KernelStack:        4616 kB
PageTables:        34956 kB
NFS_Unstable:          0 kB
Bounce:                0 kB
WritebackTmp:          0 kB
CommitLimit:     6039184 kB
Committed_AS:    5904940 kB
VmallocTotal:   34359738367 kB
VmallocUsed:      355396 kB
VmallocChunk:   34359379980 kB
HardwareCorrupted:     0 kB
AnonHugePages:         0 kB
HugePages_Total:       0
HugePages_Free:        0
HugePages_Rsvd:        0
HugePages_Surp:        0
Hugepagesize:       2048 kB
DirectMap4k:       72320 kB
DirectMap2M:     4001792 kB


CPU:total 4 (2 cores per cpu, 2 threads per core) family 6 model 42 stepping 7, cmov, cx8, fxsr, mmx, sse, sse2, sse3, ssse3, sse4.1, sse4.2, popcnt, avx, aes, ht, tsc, tscinvbit

/proc/cpuinfo:
processor	: 0
vendor_id	: GenuineIntel
cpu family	: 6
model		: 42
model name	: Intel(R) Core(TM) i5-2520M CPU @ 2.50GHz
stepping	: 7
microcode	: 0x25
cpu MHz		: 2501.000
cache size	: 3072 KB
physical id	: 0
siblings	: 4
core id		: 0
cpu cores	: 2
apicid		: 0
initial apicid	: 0
fpu		: yes
fpu_exception	: yes
cpuid level	: 13
wp		: yes
flags		: fpu vme de pse tsc msr pae mce cx8 apic sep mtrr pge mca cmov pat pse36 clflush dts acpi mmx fxsr sse sse2 ss ht tm pbe syscall nx rdtscp lm constant_tsc arch_perfmon pebs bts nopl xtopology nonstop_tsc aperfmperf eagerfpu pni pclmulqdq dtes64 monitor ds_cpl vmx smx est tm2 ssse3 cx16 xtpr pdcm pcid sse4_1 sse4_2 x2apic popcnt tsc_deadline_timer aes xsave avx lahf_lm ida arat epb xsaveopt pln pts dtherm tpr_shadow vnmi flexpriority ept vpid
bogomips	: 4983.65
clflush size	: 64
cache_alignment	: 64
address sizes	: 36 bits physical, 48 bits virtual
power management:

processor	: 1
vendor_id	: GenuineIntel
cpu family	: 6
model		: 42
model name	: Intel(R) Core(TM) i5-2520M CPU @ 2.50GHz
stepping	: 7
microcode	: 0x25
cpu MHz		: 2501.000
cache size	: 3072 KB
physical id	: 0
siblings	: 4
core id		: 0
cpu cores	: 2
apicid		: 1
initial apicid	: 1
fpu		: yes
fpu_exception	: yes
cpuid level	: 13
wp		: yes
flags		: fpu vme de pse tsc msr pae mce cx8 apic sep mtrr pge mca cmov pat pse36 clflush dts acpi mmx fxsr sse sse2 ss ht tm pbe syscall nx rdtscp lm constant_tsc arch_perfmon pebs bts nopl xtopology nonstop_tsc aperfmperf eagerfpu pni pclmulqdq dtes64 monitor ds_cpl vmx smx est tm2 ssse3 cx16 xtpr pdcm pcid sse4_1 sse4_2 x2apic popcnt tsc_deadline_timer aes xsave avx lahf_lm ida arat epb xsaveopt pln pts dtherm tpr_shadow vnmi flexpriority ept vpid
bogomips	: 4983.65
clflush size	: 64
cache_alignment	: 64
address sizes	: 36 bits physical, 48 bits virtual
power management:

processor	: 2
vendor_id	: GenuineIntel
cpu family	: 6
model		: 42
model name	: Intel(R) Core(TM) i5-2520M CPU @ 2.50GHz
stepping	: 7
microcode	: 0x25
cpu MHz		: 2501.000
cache size	: 3072 KB
physical id	: 0
siblings	: 4
core id		: 1
cpu cores	: 2
apicid		: 2
initial apicid	: 2
fpu		: yes
fpu_exception	: yes
cpuid level	: 13
wp		: yes
flags		: fpu vme de pse tsc msr pae mce cx8 apic sep mtrr pge mca cmov pat pse36 clflush dts acpi mmx fxsr sse sse2 ss ht tm pbe syscall nx rdtscp lm constant_tsc arch_perfmon pebs bts nopl xtopology nonstop_tsc aperfmperf eagerfpu pni pclmulqdq dtes64 monitor ds_cpl vmx smx est tm2 ssse3 cx16 xtpr pdcm pcid sse4_1 sse4_2 x2apic popcnt tsc_deadline_timer aes xsave avx lahf_lm ida arat epb xsaveopt pln pts dtherm tpr_shadow vnmi flexpriority ept vpid
bogomips	: 4983.65
clflush size	: 64
cache_alignment	: 64
address sizes	: 36 bits physical, 48 bits virtual
power management:

processor	: 3
vendor_id	: GenuineIntel
cpu family	: 6
model		: 42
model name	: Intel(R) Core(TM) i5-2520M CPU @ 2.50GHz
stepping	: 7
microcode	: 0x25
cpu MHz		: 2501.000
cache size	: 3072 KB
physical id	: 0
siblings	: 4
core id		: 1
cpu cores	: 2
apicid		: 3
initial apicid	: 3
fpu		: yes
fpu_exception	: yes
cpuid level	: 13
wp		: yes
flags		: fpu vme de pse tsc msr pae mce cx8 apic sep mtrr pge mca cmov pat pse36 clflush dts acpi mmx fxsr sse sse2 ss ht tm pbe syscall nx rdtscp lm constant_tsc arch_perfmon pebs bts nopl xtopology nonstop_tsc aperfmperf eagerfpu pni pclmulqdq dtes64 monitor ds_cpl vmx smx est tm2 ssse3 cx16 xtpr pdcm pcid sse4_1 sse4_2 x2apic popcnt tsc_deadline_timer aes xsave avx lahf_lm ida arat epb xsaveopt pln pts dtherm tpr_shadow vnmi flexpriority ept vpid
bogomips	: 4983.65
clflush size	: 64
cache_alignment	: 64
address sizes	: 36 bits physical, 48 bits virtual
power management:



Memory: 4k page, physical 3927336k(235548k free), swap 4075516k(4061204k free)

vm_info: Java HotSpot(TM) 64-Bit Server VM (24.65-b04) for linux-amd64 JRE (1.7.0_65-b17), built on Jun 16 2014 20:55:34 by "java_re" with gcc 4.3.0 20080428 (Red Hat 4.3.0-8)

time: Tue Nov 11 12:02:49 2014
elapsed time: 0 seconds

