#
# A fatal error has been detected by the Java Runtime Environment:
#
#  SIGSEGV (0xb) at pc=0x00007f3e8d1e7b58, pid=12621, tid=139906046367488
#
# JRE version: Java(TM) SE Runtime Environment (7.0_65-b17) (build 1.7.0_65-b17)
# Java VM: Java HotSpot(TM) 64-Bit Server VM (24.65-b04 mixed mode linux-amd64 compressed oops)
# Problematic frame:
# V  [libjvm.so+0x638b58]  jni_invoke_nonstatic(JNIEnv_*, JavaValue*, _jobject*, JNICallType, _jmethodID*, JNI_ArgumentPusher*, Thread*)+0x38
#
# Failed to write core dump. Core dumps have been disabled. To enable core dumping, try "ulimit -c unlimited" before starting Java again
#
# If you would like to submit a bug report, please visit:
#   http://bugreport.sun.com/bugreport/crash.jsp
#

---------------  T H R E A D  ---------------

Current thread (0x00007f3e4009c800):  JavaThread "JavaFX Application Thread" [_thread_in_vm, id=12643, stack(0x00007f3e6a221000,0x00007f3e6a322000)]

siginfo:si_signo=SIGSEGV: si_errno=0, si_code=128 (), si_addr=0x0000000000000000

Registers:
RAX=0x00007f3e6a31ec40, RBX=0x00007f3e8808a458, RCX=0x0000000000000001, RDX=0x3b22294c4d582820
RSP=0x00007f3e6a31e9e0, RBP=0x00007f3e6a31eb20, RSI=0x00007f3e6a31ebb0, RDI=0x00007f3e4009c9e8
R8 =0x00007f3e8808a458, R9 =0x00007f3e6a31eb50, R10=0x00007f3e8d9ff080, R11=0x00000000c527dba8
R12=0x0000000000000001, R13=0x00007f3e6a31eb90, R14=0x00007f3e8808a458, R15=0x00007f3e4009c9e8
RIP=0x00007f3e8d1e7b58, EFLAGS=0x0000000000010202, CSGSFS=0x0000000000000033, ERR=0x0000000000000000
  TRAPNO=0x000000000000000d

Top of Stack: (sp=0x00007f3e6a31e9e0)
0x00007f3e6a31e9e0:   00007f3e6a31ecf0 00007f3e6a31eb50
0x00007f3e6a31e9f0:   00007f3e6a31ebb0 00007f3e4009c9e8
0x00007f3e6a31ea00:   00007f3e8d206780 00007f3e4009d2d0
0x00007f3e6a31ea10:   00007f3e4009d2e0 00007f3e4009d6b8
0x00007f3e6a31ea20:   00000000000003d8 00007f3e4009d770
0x00007f3e6a31ea30:   00007f3e847c2360 00000000cc5e7cb8
0x00007f3e6a31ea40:   00007f3e0000006f 00007f3e00000056
0x00007f3e6a31ea50:   00000000ec096a00 0000000000000004
0x00007f3e6a31ea60:   00007f3e6a31f020 00007f3e847c4d6c
0x00007f3e6a31ea70:   00007f3e6a31f068 00000001000001f0
0x00007f3e6a31ea80:   00007f3e4009c800 00007f3e6a31ea38
0x00007f3e6a31ea90:   00007f3e6a31ea79 0000000800000005
0x00007f3e6a31eaa0:   00007f3e4009da00 00000000000003d8
0x00007f3e6a31eab0:   00007f3e8d99d870 00007f3e81d760d0
0x00007f3e6a31eac0:   0000000000000002 00007f3e6a31ecf0
0x00007f3e6a31ead0:   0000000000000000 00007f3e4009d778
0x00007f3e6a31eae0:   00007f3e6a31eb20 00007f3e8d206ab9
0x00007f3e6a31eaf0:   00007f3e6a31eb10 00007f3e6a31eb50
0x00007f3e6a31eb00:   00007f3e4009c800 00007f3e6a31eb90
0x00007f3e6a31eb10:   00007f3e8808a458 00007f3e4009c9e8
0x00007f3e6a31eb20:   00007f3e6a31ec10 00007f3e8d1f6a4c
0x00007f3e6a31eb30:   00007f3e4009c800 534f588b8aafd600
0x00007f3e6a31eb40:   00007f3e6a31ec20 3b22294c4d582820
0x00007f3e6a31eb50:   00007f3e8d9a4650 00007f3e81d760d0
0x00007f3e6a31eb60:   00000000000003d8 534f588b00000063
0x00007f3e6a31eb70:   0000000000000000 0000003000000018
0x00007f3e6a31eb80:   00007f3e6a31ed00 00007f3e6a31ec40
0x00007f3e6a31eb90:   00007f3e4009c800 0000000000000000
0x00007f3e6a31eba0:   00007f3e6a31eca8 00007f3e7ad18de8
0x00007f3e6a31ebb0:   00007f3e0000000e 00007f3e00000000
0x00007f3e6a31ebc0:   00007f3e4009c800 00007f3e6a31eb78
0x00007f3e6a31ebd0:   00007f3e4009c800 0000000800000001 

Instructions: (pc=0x00007f3e8d1e7b58)
0x00007f3e8d1e7b38:   00 00 48 85 d2 48 89 bd d8 fe ff ff 48 89 b5 d0
0x00007f3e8d1e7b48:   fe ff ff 4c 89 8d c8 fe ff ff 0f 84 58 05 00 00
0x00007f3e8d1e7b58:   48 8b 32 48 85 f6 0f 84 4c 05 00 00 48 8b 45 10
0x00007f3e8d1e7b68:   48 8b b8 20 01 00 00 e8 9c 5c cc ff 48 89 85 08 

Register to memory mapping:

RAX=0x00007f3e6a31ec40 is pointing into the stack for thread: 0x00007f3e4009c800
RBX=0x00007f3e8808a458 is a weak global jni handle
RCX=0x0000000000000001 is an unknown value
RDX=0x3b22294c4d582820 is an unknown value
RSP=0x00007f3e6a31e9e0 is pointing into the stack for thread: 0x00007f3e4009c800
RBP=0x00007f3e6a31eb20 is pointing into the stack for thread: 0x00007f3e4009c800
RSI=0x00007f3e6a31ebb0 is pointing into the stack for thread: 0x00007f3e4009c800
RDI=0x00007f3e4009c9e8 is an unknown value
R8 =0x00007f3e8808a458 is a weak global jni handle
R9 =0x00007f3e6a31eb50 is pointing into the stack for thread: 0x00007f3e4009c800
R10=0x00007f3e8d9ff080: <offset 0xe50080> in /usr/lib/jvm/java-7-oracle/jre/lib/amd64/server/libjvm.so at 0x00007f3e8cbaf000
R11=0x00000000c527dba8 is an oop
[Ljavafx.event.EventDispatcher; 
 - klass: 'javafx/event/EventDispatcher'[]
 - length: 16
R12=0x0000000000000001 is an unknown value
R13=0x00007f3e6a31eb90 is pointing into the stack for thread: 0x00007f3e4009c800
R14=0x00007f3e8808a458 is a weak global jni handle
R15=0x00007f3e4009c9e8 is an unknown value


Stack: [0x00007f3e6a221000,0x00007f3e6a322000],  sp=0x00007f3e6a31e9e0,  free space=1014k
Native frames: (J=compiled Java code, j=interpreted, Vv=VM code, C=native code)
V  [libjvm.so+0x638b58]  jni_invoke_nonstatic(JNIEnv_*, JavaValue*, _jobject*, JNICallType, _jmethodID*, JNI_ArgumentPusher*, Thread*)+0x38
V  [libjvm.so+0x647a4c]  jni_CallVoidMethodV+0xec
C  [libglass.so+0x12ba8]  JNIEnv_::CallVoidMethod(_jobject*, _jmethodID*, ...)+0x98
C  [libglass.so+0x196fd]  WindowContextBase::process_key(_GdkEventKey*)+0x21d
C  [libglass.so+0x1c1f0]  WindowContextBase::im_filter_keypress(_GdkEventKey*)+0x1d0
C  [libglass.so+0x12715]  process_events(_GdkEvent*, void*)+0x1b5

Java frames: (J=compiled Java code, j=interpreted, Vv=VM code)
j  com.sun.glass.ui.gtk.GtkApplication.enterNestedEventLoopImpl()V+0
j  com.sun.glass.ui.gtk.GtkApplication._enterNestedEventLoop()Ljava/lang/Object;+8
j  com.sun.glass.ui.Application.enterNestedEventLoop()Ljava/lang/Object;+14
j  com.sun.glass.ui.EventLoop.enter()Ljava/lang/Object;+46
j  com.sun.javafx.tk.quantum.QuantumToolkit.enterNestedEventLoop(Ljava/lang/Object;)Ljava/lang/Object;+90
j  javafx.stage.Stage.showAndWait()V+74
j  org.jevis.jeconfig.plugin.object.NewObjectDialog.show(Ljavafx/stage/Stage;Lorg/jevis/api/JEVisClass;Lorg/jevis/api/JEVisObject;ZLorg/jevis/jeconfig/plugin/object/NewObjectDialog$Type;Ljava/lang/String;)Lorg/jevis/jeconfig/plugin/object/NewObjectDialog$Response;+922
j  org.jevis.jeconfig.plugin.object.ObjectTree.fireEventRename()V+75
j  org.jevis.jeconfig.plugin.object.ObjectTree$3$1.run()V+7
j  com.sun.javafx.application.PlatformImpl$4$1.run()Ljava/lang/Void;+7
j  com.sun.javafx.application.PlatformImpl$4$1.run()Ljava/lang/Object;+1
v  ~StubRoutines::call_stub
J 974  java.security.AccessController.doPrivileged(Ljava/security/PrivilegedAction;Ljava/security/AccessControlContext;)Ljava/lang/Object; (0 bytes) @ 0x00007f3e84a85503 [0x00007f3e84a854a0+0x63]
j  com.sun.javafx.application.PlatformImpl$4.run()V+12
J 1593 C2 com.sun.glass.ui.InvokeLaterDispatcher$Future.run()V (45 bytes) @ 0x00007f3e84b891b8 [0x00007f3e84b89180+0x38]
v  ~StubRoutines::call_stub
j  com.sun.glass.ui.gtk.GtkApplication._runLoop([Ljava/lang/String;Lcom/sun/glass/ui/Launchable;Z)V+0
j  com.sun.glass.ui.gtk.GtkApplication$3$1.run()V+38
j  java.lang.Thread.run()V+11
v  ~StubRoutines::call_stub

---------------  P R O C E S S  ---------------

Java Threads: ( => current thread )
  0x00007f3e3037e800 JavaThread "Thread-9" daemon [_thread_blocked, id=12651, stack(0x00007f3e684d6000,0x00007f3e685d7000)]
  0x00007f3e20030800 JavaThread "Abandoned connection cleanup thread" daemon [_thread_blocked, id=12650, stack(0x00007f3e682d4000,0x00007f3e683d5000)]
  0x00007f3e342b4000 JavaThread "Java2D Disposer" daemon [_thread_blocked, id=12647, stack(0x00007f3e69124000,0x00007f3e69225000)]
  0x00007f3e3019f800 JavaThread "Prism Font Disposer" daemon [_thread_blocked, id=12645, stack(0x00007f3e6974c000,0x00007f3e6984d000)]
  0x00007f3e400c5800 JavaThread "Timer-0" daemon [_thread_blocked, id=12644, stack(0x00007f3e6a120000,0x00007f3e6a221000)]
=>0x00007f3e4009c800 JavaThread "JavaFX Application Thread" [_thread_in_vm, id=12643, stack(0x00007f3e6a221000,0x00007f3e6a322000)]
  0x00007f3e4009c000 JavaThread "Thread-3" daemon [_thread_blocked, id=12642, stack(0x00007f3e6a322000,0x00007f3e6a423000)]
  0x00007f3e40042800 JavaThread "Disposer" daemon [_thread_blocked, id=12641, stack(0x00007f3e78083000,0x00007f3e78184000)]
  0x00007f3e40041000 JavaThread "QuantumRenderer-0" daemon [_thread_blocked, id=12640, stack(0x00007f3e7b1d0000,0x00007f3e7b2d1000)]
  0x00007f3e88233800 JavaThread "JavaFX-Launcher" [_thread_blocked, id=12639, stack(0x00007f3e800fc000,0x00007f3e801fd000)]
  0x00007f3e88205000 JavaThread "traceMsgQueueThread" daemon [_thread_blocked, id=12638, stack(0x00007f3e801fd000,0x00007f3e802fe000)]
  0x00007f3e8815d800 JavaThread "Service Thread" daemon [_thread_blocked, id=12636, stack(0x00007f3e804da000,0x00007f3e805db000)]
  0x00007f3e8815b000 JavaThread "C2 CompilerThread1" daemon [_thread_blocked, id=12635, stack(0x00007f3e805db000,0x00007f3e806dc000)]
  0x00007f3e88158000 JavaThread "C2 CompilerThread0" daemon [_thread_blocked, id=12634, stack(0x00007f3e806dc000,0x00007f3e807dd000)]
  0x00007f3e88156800 JavaThread "Signal Dispatcher" daemon [_thread_blocked, id=12633, stack(0x00007f3e807dd000,0x00007f3e808de000)]
  0x00007f3e88137000 JavaThread "Finalizer" daemon [_thread_blocked, id=12632, stack(0x00007f3e808de000,0x00007f3e809df000)]
  0x00007f3e88135000 JavaThread "Reference Handler" daemon [_thread_blocked, id=12631, stack(0x00007f3e809df000,0x00007f3e80ae0000)]
  0x00007f3e8800a000 JavaThread "main" [_thread_blocked, id=12625, stack(0x00007f3e8e523000,0x00007f3e8e624000)]

Other Threads:
  0x00007f3e88130800 VMThread [stack: 0x00007f3e80ae0000,0x00007f3e80be1000] [id=12630]
  0x00007f3e88168000 WatcherThread [stack: 0x00007f3e803d9000,0x00007f3e804da000] [id=12637]

VM state:not at safepoint (normal execution)

VM Mutex/Monitor currently owned by a thread: None

Heap
 PSYoungGen      total 101888K, used 8925K [0x00000000ec000000, 0x00000000f5e80000, 0x0000000100000000)
  eden space 46080K, 2% used [0x00000000ec000000,0x00000000ec152918,0x00000000eed00000)
  from space 55808K, 13% used [0x00000000eed00000,0x00000000ef464eb8,0x00000000f2380000)
  to   space 53248K, 0% used [0x00000000f2a80000,0x00000000f2a80000,0x00000000f5e80000)
 ParOldGen       total 193536K, used 141646K [0x00000000c4000000, 0x00000000cfd00000, 0x00000000ec000000)
  object space 193536K, 73% used [0x00000000c4000000,0x00000000cca53b68,0x00000000cfd00000)
 PSPermGen       total 60928K, used 30080K [0x00000000bee00000, 0x00000000c2980000, 0x00000000c4000000)
  object space 60928K, 49% used [0x00000000bee00000,0x00000000c0b60010,0x00000000c2980000)

Card table byte_map: [0x00007f3e845a8000,0x00007f3e847b2000] byte_map_base: 0x00007f3e83fb1000

Polling page: 0x00007f3e8e642000

Code Cache  [0x00007f3e847b2000, 0x00007f3e84c72000, 0x00007f3e877b2000)
 total_blobs=2456 nmethods=1732 adapters=676 free_code_cache=44417Kb largest_free_block=45390272

Compilation events (10 events):
Event: 366,451 Thread 0x00007f3e8815b000 1819             java.util.Collections$SingletonList::iterator (8 bytes)
Event: 366,452 Thread 0x00007f3e8815b000 nmethod 1819 0x00007f3e84c2ec10 code [0x00007f3e84c2ed60, 0x00007f3e84c2ee18]
Event: 366,953 Thread 0x00007f3e88158000 1820             javafx.beans.property.ReadOnlyIntegerProperty::<init> (5 bytes)
Event: 366,954 Thread 0x00007f3e88158000 nmethod 1820 0x00007f3e84c2ea10 code [0x00007f3e84c2eb40, 0x00007f3e84c2eb98]
Event: 367,310 Thread 0x00007f3e8815b000 1821             sun.java2d.SurfaceData::getColorModel (5 bytes)
Event: 367,310 Thread 0x00007f3e88158000 1822             java.awt.image.ColorModel::getTransparency (5 bytes)
Event: 367,311 Thread 0x00007f3e88158000 nmethod 1822 0x00007f3e84c5b9d0 code [0x00007f3e84c5bb00, 0x00007f3e84c5bb58]
Event: 367,311 Thread 0x00007f3e8815b000 nmethod 1821 0x00007f3e84c5b7d0 code [0x00007f3e84c5b900, 0x00007f3e84c5b958]
Event: 368,648 Thread 0x00007f3e8815b000 1823             sun.java2d.SurfaceData::getTransparency (8 bytes)
Event: 368,650 Thread 0x00007f3e8815b000 nmethod 1823 0x00007f3e84c2e750 code [0x00007f3e84c2e8a0, 0x00007f3e84c2e938]

GC Heap History (10 events):
Event: 317,824 GC heap before
{Heap before GC invocations=25 (full 3):
 PSYoungGen      total 94208K, used 33508K [0x00000000ec000000, 0x00000000f5780000, 0x0000000100000000)
  eden space 35328K, 0% used [0x00000000ec000000,0x00000000ec000000,0x00000000ee280000)
  from space 58880K, 56% used [0x00000000f1e00000,0x00000000f3eb91a0,0x00000000f5780000)
  to   space 59904K, 0% used [0x00000000ee280000,0x00000000ee280000,0x00000000f1d00000)
 ParOldGen       total 99328K, used 93196K [0x00000000c4000000, 0x00000000ca100000, 0x00000000ec000000)
  object space 99328K, 93% used [0x00000000c4000000,0x00000000c9b033a8,0x00000000ca100000)
 PSPermGen       total 64512K, used 30021K [0x00000000bee00000, 0x00000000c2d00000, 0x00000000c4000000)
  object space 64512K, 46% used [0x00000000bee00000,0x00000000c0b51600,0x00000000c2d00000)
Event: 318,607 GC heap after
Heap after GC invocations=25 (full 3):
 PSYoungGen      total 94208K, used 25269K [0x00000000ec000000, 0x00000000f5780000, 0x0000000100000000)
  eden space 35328K, 0% used [0x00000000ec000000,0x00000000ec000000,0x00000000ee280000)
  from space 58880K, 42% used [0x00000000f1e00000,0x00000000f36ad5e8,0x00000000f5780000)
  to   space 59904K, 0% used [0x00000000ee280000,0x00000000ee280000,0x00000000f1d00000)
 ParOldGen       total 141824K, used 98914K [0x00000000c4000000, 0x00000000cca80000, 0x00000000ec000000)
  object space 141824K, 69% used [0x00000000c4000000,0x00000000ca098830,0x00000000cca80000)
 PSPermGen       total 63488K, used 30018K [0x00000000bee00000, 0x00000000c2c00000, 0x00000000c4000000)
  object space 63488K, 47% used [0x00000000bee00000,0x00000000c0b50a60,0x00000000c2c00000)
}
Event: 342,366 GC heap before
{Heap before GC invocations=26 (full 3):
 PSYoungGen      total 94208K, used 60597K [0x00000000ec000000, 0x00000000f5780000, 0x0000000100000000)
  eden space 35328K, 100% used [0x00000000ec000000,0x00000000ee280000,0x00000000ee280000)
  from space 58880K, 42% used [0x00000000f1e00000,0x00000000f36ad5e8,0x00000000f5780000)
  to   space 59904K, 0% used [0x00000000ee280000,0x00000000ee280000,0x00000000f1d00000)
 ParOldGen       total 141824K, used 98914K [0x00000000c4000000, 0x00000000cca80000, 0x00000000ec000000)
  object space 141824K, 69% used [0x00000000c4000000,0x00000000ca098830,0x00000000cca80000)
 PSPermGen       total 63488K, used 30045K [0x00000000bee00000, 0x00000000c2c00000, 0x00000000c4000000)
  object space 63488K, 47% used [0x00000000bee00000,0x00000000c0b574c0,0x00000000c2c00000)
Event: 342,441 GC heap after
Heap after GC invocations=26 (full 3):
 PSYoungGen      total 95232K, used 20584K [0x00000000ec000000, 0x00000000f5b80000, 0x0000000100000000)
  eden space 35328K, 0% used [0x00000000ec000000,0x00000000ec000000,0x00000000ee280000)
  from space 59904K, 34% used [0x00000000ee280000,0x00000000ef69a0b0,0x00000000f1d00000)
  to   space 57344K, 0% used [0x00000000f2380000,0x00000000f2380000,0x00000000f5b80000)
 ParOldGen       total 141824K, used 109903K [0x00000000c4000000, 0x00000000cca80000, 0x00000000ec000000)
  object space 141824K, 77% used [0x00000000c4000000,0x00000000cab53c50,0x00000000cca80000)
 PSPermGen       total 63488K, used 30045K [0x00000000bee00000, 0x00000000c2c00000, 0x00000000c4000000)
  object space 63488K, 47% used [0x00000000bee00000,0x00000000c0b574c0,0x00000000c2c00000)
}
Event: 344,060 GC heap before
{Heap before GC invocations=27 (full 3):
 PSYoungGen      total 95232K, used 55865K [0x00000000ec000000, 0x00000000f5b80000, 0x0000000100000000)
  eden space 35328K, 99% used [0x00000000ec000000,0x00000000ee274718,0x00000000ee280000)
  from space 59904K, 34% used [0x00000000ee280000,0x00000000ef69a0b0,0x00000000f1d00000)
  to   space 57344K, 0% used [0x00000000f2380000,0x00000000f2380000,0x00000000f5b80000)
 ParOldGen       total 141824K, used 109903K [0x00000000c4000000, 0x00000000cca80000, 0x00000000ec000000)
  object space 141824K, 77% used [0x00000000c4000000,0x00000000cab53c50,0x00000000cca80000)
 PSPermGen       total 63488K, used 30061K [0x00000000bee00000, 0x00000000c2c00000, 0x00000000c4000000)
  object space 63488K, 47% used [0x00000000bee00000,0x00000000c0b5b7d0,0x00000000c2c00000)
Event: 344,105 GC heap after
Heap after GC invocations=27 (full 3):
 PSYoungGen      total 101888K, used 29241K [0x00000000ec000000, 0x00000000f5a00000, 0x0000000100000000)
  eden space 46080K, 0% used [0x00000000ec000000,0x00000000ec000000,0x00000000eed00000)
  from space 55808K, 52% used [0x00000000f2380000,0x00000000f400e6f0,0x00000000f5a00000)
  to   space 55808K, 0% used [0x00000000eed00000,0x00000000eed00000,0x00000000f2380000)
 ParOldGen       total 141824K, used 119861K [0x00000000c4000000, 0x00000000cca80000, 0x00000000ec000000)
  object space 141824K, 84% used [0x00000000c4000000,0x00000000cb50d478,0x00000000cca80000)
 PSPermGen       total 63488K, used 30061K [0x00000000bee00000, 0x00000000c2c00000, 0x00000000c4000000)
  object space 63488K, 47% used [0x00000000bee00000,0x00000000c0b5b7d0,0x00000000c2c00000)
}
Event: 369,673 GC heap before
{Heap before GC invocations=28 (full 3):
 PSYoungGen      total 101888K, used 75321K [0x00000000ec000000, 0x00000000f5a00000, 0x0000000100000000)
  eden space 46080K, 100% used [0x00000000ec000000,0x00000000eed00000,0x00000000eed00000)
  from space 55808K, 52% used [0x00000000f2380000,0x00000000f400e6f0,0x00000000f5a00000)
  to   space 55808K, 0% used [0x00000000eed00000,0x00000000eed00000,0x00000000f2380000)
 ParOldGen       total 141824K, used 119861K [0x00000000c4000000, 0x00000000cca80000, 0x00000000ec000000)
  object space 141824K, 84% used [0x00000000c4000000,0x00000000cb50d478,0x00000000cca80000)
 PSPermGen       total 63488K, used 30080K [0x00000000bee00000, 0x00000000c2c00000, 0x00000000c4000000)
  object space 63488K, 47% used [0x00000000bee00000,0x00000000c0b600c0,0x00000000c2c00000)
Event: 369,710 GC heap after
Heap after GC invocations=28 (full 3):
 PSYoungGen      total 101888K, used 21476K [0x00000000ec000000, 0x00000000f5e80000, 0x0000000100000000)
  eden space 46080K, 0% used [0x00000000ec000000,0x00000000ec000000,0x00000000eed00000)
  from space 55808K, 38% used [0x00000000eed00000,0x00000000f01f9300,0x00000000f2380000)
  to   space 53248K, 0% used [0x00000000f2a80000,0x00000000f2a80000,0x00000000f5e80000)
 ParOldGen       total 141824K, used 129105K [0x00000000c4000000, 0x00000000cca80000, 0x00000000ec000000)
  object space 141824K, 91% used [0x00000000c4000000,0x00000000cbe145a8,0x00000000cca80000)
 PSPermGen       total 63488K, used 30080K [0x00000000bee00000, 0x00000000c2c00000, 0x00000000c4000000)
  object space 63488K, 47% used [0x00000000bee00000,0x00000000c0b600c0,0x00000000c2c00000)
}
Event: 369,710 GC heap before
{Heap before GC invocations=29 (full 4):
 PSYoungGen      total 101888K, used 21476K [0x00000000ec000000, 0x00000000f5e80000, 0x0000000100000000)
  eden space 46080K, 0% used [0x00000000ec000000,0x00000000ec000000,0x00000000eed00000)
  from space 55808K, 38% used [0x00000000eed00000,0x00000000f01f9300,0x00000000f2380000)
  to   space 53248K, 0% used [0x00000000f2a80000,0x00000000f2a80000,0x00000000f5e80000)
 ParOldGen       total 141824K, used 129105K [0x00000000c4000000, 0x00000000cca80000, 0x00000000ec000000)
  object space 141824K, 91% used [0x00000000c4000000,0x00000000cbe145a8,0x00000000cca80000)
 PSPermGen       total 63488K, used 30080K [0x00000000bee00000, 0x00000000c2c00000, 0x00000000c4000000)
  object space 63488K, 47% used [0x00000000bee00000,0x00000000c0b600c0,0x00000000c2c00000)
Event: 370,406 GC heap after
Heap after GC invocations=29 (full 4):
 PSYoungGen      total 101888K, used 7571K [0x00000000ec000000, 0x00000000f5e80000, 0x0000000100000000)
  eden space 46080K, 0% used [0x00000000ec000000,0x00000000ec000000,0x00000000eed00000)
  from space 55808K, 13% used [0x00000000eed00000,0x00000000ef464eb8,0x00000000f2380000)
  to   space 53248K, 0% used [0x00000000f2a80000,0x00000000f2a80000,0x00000000f5e80000)
 ParOldGen       total 193536K, used 141646K [0x00000000c4000000, 0x00000000cfd00000, 0x00000000ec000000)
  object space 193536K, 73% used [0x00000000c4000000,0x00000000cca53b68,0x00000000cfd00000)
 PSPermGen       total 60928K, used 30079K [0x00000000bee00000, 0x00000000c2980000, 0x00000000c4000000)
  object space 60928K, 49% used [0x00000000bee00000,0x00000000c0b5fea0,0x00000000c2980000)
}

Deoptimization events (10 events):
Event: 293,260 Thread 0x00007f3e4009c800 Uncommon trap: reason=unreached action=reinterpret pc=0x00007f3e84b5ecd4 method=javafx.scene.Scene$MouseHandler.updateCursorFrame()V @ 4
Event: 295,706 Thread 0x00007f3e4009c800 Uncommon trap: reason=unreached action=reinterpret pc=0x00007f3e84b6e340 method=javafx.scene.control.TreeCell.updateSelection()V @ 20
Event: 295,706 Thread 0x00007f3e4009c800 Uncommon trap: reason=unreached action=reinterpret pc=0x00007f3e84b6a718 method=javafx.scene.control.TreeCell.updateSelection()V @ 20
Event: 296,417 Thread 0x00007f3e4009c800 Uncommon trap: reason=class_check action=maybe_recompile pc=0x00007f3e84ba8dec method=java.util.ComparableTimSort.countRunAndMakeAscending([Ljava/lang/Object;II)I @ 36
Event: 296,482 Thread 0x00007f3e4009c800 Uncommon trap: reason=class_check action=maybe_recompile pc=0x00007f3e84ba8dec method=java.util.ComparableTimSort.countRunAndMakeAscending([Ljava/lang/Object;II)I @ 36
Event: 296,490 Thread 0x00007f3e4009c800 Uncommon trap: reason=class_check action=maybe_recompile pc=0x00007f3e84ba8dec method=java.util.ComparableTimSort.countRunAndMakeAscending([Ljava/lang/Object;II)I @ 36
Event: 296,532 Thread 0x00007f3e4009c800 Uncommon trap: reason=class_check action=maybe_recompile pc=0x00007f3e84ba8dec method=java.util.ComparableTimSort.countRunAndMakeAscending([Ljava/lang/Object;II)I @ 36
Event: 316,117 Thread 0x00007f3e40041000 Uncommon trap: reason=range_check action=make_not_entrant pc=0x00007f3e84c2e8b4 method=java.awt.geom.AffineTransform.<init>([D)V @ 7
Event: 327,188 Thread 0x00007f3e4009c800 Uncommon trap: reason=null_check action=make_not_entrant pc=0x00007f3e84c48fc8 method=javafx.scene.layout.GridPane.getHgrow(Ljavafx/scene/Node;)Ljavafx/scene/layout/Priority; @ 6
Event: 336,788 Thread 0x00007f3e4009c800 Uncommon trap: reason=class_check action=maybe_recompile pc=0x00007f3e84b8a7a4 method=com.sun.javafx.scene.control.WeakListChangeListener.onChanged(Ljavafx/collections/ListChangeListener$Change;)V @ 7

Internal exceptions (10 events):
Event: 319,573 Thread 0x00007f3e40041000 Threw 0x00000000ec4bee68 at /HUDSON/workspace/7u-2-build-linux-amd64/jdk7u65/1224/hotspot/src/share/vm/interpreter/linkResolver.cpp:883
Event: 322,656 Thread 0x00007f3e40041000 Threw 0x00000000ec9d2c30 at /HUDSON/workspace/7u-2-build-linux-amd64/jdk7u65/1224/hotspot/src/share/vm/interpreter/linkResolver.cpp:883
Event: 325,386 Thread 0x00007f3e40041000 Threw 0x00000000ecf77400 at /HUDSON/workspace/7u-2-build-linux-amd64/jdk7u65/1224/hotspot/src/share/vm/interpreter/linkResolver.cpp:883
Event: 327,188 Thread 0x00007f3e4009c800 Implicit null exception at 0x00007f3e84c46080 to 0x00007f3e84c48f91
Event: 328,327 Thread 0x00007f3e40041000 Threw 0x00000000ed4978b8 at /HUDSON/workspace/7u-2-build-linux-amd64/jdk7u65/1224/hotspot/src/share/vm/interpreter/linkResolver.cpp:883
Event: 342,972 Thread 0x00007f3e40041000 Threw 0x00000000ed25b3e0 at /HUDSON/workspace/7u-2-build-linux-amd64/jdk7u65/1224/hotspot/src/share/vm/interpreter/linkResolver.cpp:883
Event: 358,011 Thread 0x00007f3e40041000 Threw 0x00000000ed931570 at /HUDSON/workspace/7u-2-build-linux-amd64/jdk7u65/1224/hotspot/src/share/vm/interpreter/linkResolver.cpp:883
Event: 361,322 Thread 0x00007f3e40041000 Threw 0x00000000edf35f00 at /HUDSON/workspace/7u-2-build-linux-amd64/jdk7u65/1224/hotspot/src/share/vm/interpreter/linkResolver.cpp:883
Event: 364,423 Thread 0x00007f3e40041000 Threw 0x00000000ee439dd0 at /HUDSON/workspace/7u-2-build-linux-amd64/jdk7u65/1224/hotspot/src/share/vm/interpreter/linkResolver.cpp:883
Event: 367,312 Thread 0x00007f3e40041000 Threw 0x00000000ee937940 at /HUDSON/workspace/7u-2-build-linux-amd64/jdk7u65/1224/hotspot/src/share/vm/interpreter/linkResolver.cpp:883

Events (10 events):
Event: 361,002 Executing VM operation: RevokeBias
Event: 361,002 Executing VM operation: RevokeBias done
Event: 364,100 Executing VM operation: RevokeBias
Event: 364,100 Executing VM operation: RevokeBias done
Event: 367,013 Executing VM operation: RevokeBias
Event: 367,013 Executing VM operation: RevokeBias done
Event: 369,673 Executing VM operation: ParallelGCFailedAllocation
Event: 370,406 Executing VM operation: ParallelGCFailedAllocation done
Event: 370,414 Executing VM operation: RevokeBias
Event: 370,414 Executing VM operation: RevokeBias done


Dynamic libraries:
00400000-00401000 r-xp 00000000 fc:01 1191056                            /usr/lib/jvm/java-7-oracle/jre/bin/java
00600000-00601000 rw-p 00000000 fc:01 1191056                            /usr/lib/jvm/java-7-oracle/jre/bin/java
00b0b000-00b2c000 rw-p 00000000 00:00 0                                  [heap]
bee00000-c2980000 rw-p 00000000 00:00 0 
c2980000-c2d00000 ---p 00000000 00:00 0 
c2d00000-c4000000 rw-p 00000000 00:00 0 
c4000000-cfd00000 rw-p 00000000 00:00 0 
cfd00000-ec000000 rw-p 00000000 00:00 0 
ec000000-f5e80000 rw-p 00000000 00:00 0 
f5e80000-100000000 rw-p 00000000 00:00 0 
7f3e14000000-7f3e14021000 rw-p 00000000 00:00 0 
7f3e14021000-7f3e18000000 ---p 00000000 00:00 0 
7f3e18000000-7f3e18021000 rw-p 00000000 00:00 0 
7f3e18021000-7f3e1c000000 ---p 00000000 00:00 0 
7f3e1c000000-7f3e1c021000 rw-p 00000000 00:00 0 
7f3e1c021000-7f3e20000000 ---p 00000000 00:00 0 
7f3e20000000-7f3e2025c000 rw-p 00000000 00:00 0 
7f3e2025c000-7f3e24000000 ---p 00000000 00:00 0 
7f3e24000000-7f3e24063000 rw-p 00000000 00:00 0 
7f3e24063000-7f3e28000000 ---p 00000000 00:00 0 
7f3e28000000-7f3e28021000 rw-p 00000000 00:00 0 
7f3e28021000-7f3e2c000000 ---p 00000000 00:00 0 
7f3e2c000000-7f3e2c021000 rw-p 00000000 00:00 0 
7f3e2c021000-7f3e30000000 ---p 00000000 00:00 0 
7f3e30000000-7f3e3236c000 rw-p 00000000 00:00 0 
7f3e3236c000-7f3e34000000 ---p 00000000 00:00 0 
7f3e34000000-7f3e342ec000 rw-p 00000000 00:00 0 
7f3e342ec000-7f3e38000000 ---p 00000000 00:00 0 
7f3e38000000-7f3e38021000 rw-p 00000000 00:00 0 
7f3e38021000-7f3e3c000000 ---p 00000000 00:00 0 
7f3e3c000000-7f3e3c021000 rw-p 00000000 00:00 0 
7f3e3c021000-7f3e40000000 ---p 00000000 00:00 0 
7f3e40000000-7f3e400cb000 rw-p 00000000 00:00 0 
7f3e400cb000-7f3e44000000 ---p 00000000 00:00 0 
7f3e44000000-7f3e44021000 rw-p 00000000 00:00 0 
7f3e44021000-7f3e48000000 ---p 00000000 00:00 0 
7f3e48000000-7f3e48021000 rw-p 00000000 00:00 0 
7f3e48021000-7f3e4c000000 ---p 00000000 00:00 0 
7f3e4c000000-7f3e4d025000 rw-p 00000000 00:00 0 
7f3e4d025000-7f3e50000000 ---p 00000000 00:00 0 
7f3e50000000-7f3e5116c000 rw-p 00000000 00:00 0 
7f3e5116c000-7f3e54000000 ---p 00000000 00:00 0 
7f3e54000000-7f3e54021000 rw-p 00000000 00:00 0 
7f3e54021000-7f3e58000000 ---p 00000000 00:00 0 
7f3e58000000-7f3e58021000 rw-p 00000000 00:00 0 
7f3e58021000-7f3e5c000000 ---p 00000000 00:00 0 
7f3e5c000000-7f3e5c03a000 rw-p 00000000 00:00 0 
7f3e5c03a000-7f3e60000000 ---p 00000000 00:00 0 
7f3e60000000-7f3e60021000 rw-p 00000000 00:00 0 
7f3e60021000-7f3e64000000 ---p 00000000 00:00 0 
7f3e64000000-7f3e64021000 rw-p 00000000 00:00 0 
7f3e64021000-7f3e68000000 ---p 00000000 00:00 0 
7f3e6808d000-7f3e680bf000 r-xp 00000000 fc:01 1188232                    /usr/lib/jvm/java-7-oracle/jre/lib/amd64/libsunec.so
7f3e680bf000-7f3e682be000 ---p 00032000 fc:01 1188232                    /usr/lib/jvm/java-7-oracle/jre/lib/amd64/libsunec.so
7f3e682be000-7f3e682c4000 rw-p 00031000 fc:01 1188232                    /usr/lib/jvm/java-7-oracle/jre/lib/amd64/libsunec.so
7f3e682c4000-7f3e682d4000 rw-p 00000000 00:00 0 
7f3e682d4000-7f3e682d7000 ---p 00000000 00:00 0 
7f3e682d7000-7f3e683d5000 rw-p 00000000 00:00 0                          [stack:12650]
7f3e683d5000-7f3e683d8000 ---p 00000000 00:00 0 
7f3e683d8000-7f3e684d6000 rw-p 00000000 00:00 0 
7f3e684d6000-7f3e684d9000 ---p 00000000 00:00 0 
7f3e684d9000-7f3e685d7000 rw-p 00000000 00:00 0                          [stack:12651]
7f3e685d7000-7f3e68601000 r-xp 00000000 fc:01 1188205                    /usr/lib/jvm/java-7-oracle/jre/lib/amd64/libdcpr.so
7f3e68601000-7f3e68801000 ---p 0002a000 fc:01 1188205                    /usr/lib/jvm/java-7-oracle/jre/lib/amd64/libdcpr.so
7f3e68801000-7f3e68804000 rw-p 0002a000 fc:01 1188205                    /usr/lib/jvm/java-7-oracle/jre/lib/amd64/libdcpr.so
7f3e68804000-7f3e6886d000 r-xp 00000000 fc:01 1188198                    /usr/lib/jvm/java-7-oracle/jre/lib/amd64/libt2k.so
7f3e6886d000-7f3e68a6c000 ---p 00069000 fc:01 1188198                    /usr/lib/jvm/java-7-oracle/jre/lib/amd64/libt2k.so
7f3e68a6c000-7f3e68a73000 rw-p 00068000 fc:01 1188198                    /usr/lib/jvm/java-7-oracle/jre/lib/amd64/libt2k.so
7f3e68a73000-7f3e68a83000 rw-p 00000000 00:00 0 
7f3e68a83000-7f3e68a93000 r-xp 00000000 fc:01 1188220                    /usr/lib/jvm/java-7-oracle/jre/lib/amd64/libnio.so
7f3e68a93000-7f3e68c93000 ---p 00010000 fc:01 1188220                    /usr/lib/jvm/java-7-oracle/jre/lib/amd64/libnio.so
7f3e68c93000-7f3e68c94000 rw-p 00010000 fc:01 1188220                    /usr/lib/jvm/java-7-oracle/jre/lib/amd64/libnio.so
7f3e68c94000-7f3e68caa000 r-xp 00000000 fc:01 1188233                    /usr/lib/jvm/java-7-oracle/jre/lib/amd64/libnet.so
7f3e68caa000-7f3e68eaa000 ---p 00016000 fc:01 1188233                    /usr/lib/jvm/java-7-oracle/jre/lib/amd64/libnet.so
7f3e68eaa000-7f3e68eab000 rw-p 00016000 fc:01 1188233                    /usr/lib/jvm/java-7-oracle/jre/lib/amd64/libnet.so
7f3e68eab000-7f3e68f10000 r-xp 00000000 fc:01 1188275                    /usr/lib/jvm/java-7-oracle/jre/lib/amd64/libfontmanager.so
7f3e68f10000-7f3e6910f000 ---p 00065000 fc:01 1188275                    /usr/lib/jvm/java-7-oracle/jre/lib/amd64/libfontmanager.so
7f3e6910f000-7f3e69113000 rw-p 00064000 fc:01 1188275                    /usr/lib/jvm/java-7-oracle/jre/lib/amd64/libfontmanager.so
7f3e69113000-7f3e69124000 rw-p 00000000 00:00 0 
7f3e69124000-7f3e69127000 ---p 00000000 00:00 0 
7f3e69127000-7f3e69225000 rw-p 00000000 00:00 0                          [stack:12647]
7f3e69225000-7f3e69275000 r-xp 00000000 fc:01 1188258                    /usr/lib/jvm/java-7-oracle/jre/lib/amd64/xawt/libmawt.so
7f3e69275000-7f3e69475000 ---p 00050000 fc:01 1188258                    /usr/lib/jvm/java-7-oracle/jre/lib/amd64/xawt/libmawt.so
7f3e69475000-7f3e69479000 rw-p 00050000 fc:01 1188258                    /usr/lib/jvm/java-7-oracle/jre/lib/amd64/xawt/libmawt.so
7f3e69479000-7f3e6947a000 rw-p 00000000 00:00 0 
7f3e6947a000-7f3e6951c000 r-xp 00000000 fc:01 1188274                    /usr/lib/jvm/java-7-oracle/jre/lib/amd64/libawt.so
7f3e6951c000-7f3e6971c000 ---p 000a2000 fc:01 1188274                    /usr/lib/jvm/java-7-oracle/jre/lib/amd64/libawt.so
7f3e6971c000-7f3e69728000 rw-p 000a2000 fc:01 1188274                    /usr/lib/jvm/java-7-oracle/jre/lib/amd64/libawt.so
7f3e69728000-7f3e6974c000 rw-p 00000000 00:00 0 
7f3e6974c000-7f3e6974f000 ---p 00000000 00:00 0 
7f3e6974f000-7f3e6984d000 rw-p 00000000 00:00 0                          [stack:12645]
7f3e6984d000-7f3e698a5000 r-xp 00000000 fc:01 1188200                    /usr/lib/jvm/java-7-oracle/jre/lib/amd64/libjavafx-font.so
7f3e698a5000-7f3e69aa5000 ---p 00058000 fc:01 1188200                    /usr/lib/jvm/java-7-oracle/jre/lib/amd64/libjavafx-font.so
7f3e69aa5000-7f3e69aaa000 r--p 00058000 fc:01 1188200                    /usr/lib/jvm/java-7-oracle/jre/lib/amd64/libjavafx-font.so
7f3e69aaa000-7f3e69aab000 rw-p 0005d000 fc:01 1188200                    /usr/lib/jvm/java-7-oracle/jre/lib/amd64/libjavafx-font.so
7f3e69aab000-7f3e69aac000 rw-p 00000000 00:00 0 
7f3e69aac000-7f3e69ab5000 r-xp 00000000 fc:01 1312033                    /usr/lib/x86_64-linux-gnu/gtk-2.0/2.10.0/engines/libpixmap.so
7f3e69ab5000-7f3e69cb5000 ---p 00009000 fc:01 1312033                    /usr/lib/x86_64-linux-gnu/gtk-2.0/2.10.0/engines/libpixmap.so
7f3e69cb5000-7f3e69cb6000 r--p 00009000 fc:01 1312033                    /usr/lib/x86_64-linux-gnu/gtk-2.0/2.10.0/engines/libpixmap.so
7f3e69cb6000-7f3e69cb7000 rw-p 0000a000 fc:01 1312033                    /usr/lib/x86_64-linux-gnu/gtk-2.0/2.10.0/engines/libpixmap.so
7f3e69cb7000-7f3e69ce6000 r-xp 00000000 fc:01 1312032                    /usr/lib/x86_64-linux-gnu/gtk-2.0/2.10.0/engines/libmurrine.so
7f3e69ce6000-7f3e69ee6000 ---p 0002f000 fc:01 1312032                    /usr/lib/x86_64-linux-gnu/gtk-2.0/2.10.0/engines/libmurrine.so
7f3e69ee6000-7f3e69ee7000 r--p 0002f000 fc:01 1312032                    /usr/lib/x86_64-linux-gnu/gtk-2.0/2.10.0/engines/libmurrine.so
7f3e69ee7000-7f3e69ee8000 rw-p 00030000 fc:01 1312032                    /usr/lib/x86_64-linux-gnu/gtk-2.0/2.10.0/engines/libmurrine.so
7f3e69ee8000-7f3e69f1e000 r-xp 00000000 fc:01 1188230                    /usr/lib/jvm/java-7-oracle/jre/lib/amd64/libjavafx-iio.so
7f3e69f1e000-7f3e6a11e000 ---p 00036000 fc:01 1188230                    /usr/lib/jvm/java-7-oracle/jre/lib/amd64/libjavafx-iio.so
7f3e6a11e000-7f3e6a11f000 r--p 00036000 fc:01 1188230                    /usr/lib/jvm/java-7-oracle/jre/lib/amd64/libjavafx-iio.so
7f3e6a11f000-7f3e6a120000 rw-p 00037000 fc:01 1188230                    /usr/lib/jvm/java-7-oracle/jre/lib/amd64/libjavafx-iio.so
7f3e6a120000-7f3e6a123000 ---p 00000000 00:00 0 
7f3e6a123000-7f3e6a221000 rw-p 00000000 00:00 0                          [stack:12644]
7f3e6a221000-7f3e6a224000 ---p 00000000 00:00 0 
7f3e6a224000-7f3e6a322000 rw-p 00000000 00:00 0                          [stack:12643]
7f3e6a322000-7f3e6a325000 ---p 00000000 00:00 0 
7f3e6a325000-7f3e6a423000 rw-p 00000000 00:00 0                          [stack:12642]
7f3e6a423000-7f3e6a429000 r-xp 00000000 fc:01 1055606                    /usr/lib/x86_64-linux-gnu/libdatrie.so.1.2.0
7f3e6a429000-7f3e6a628000 ---p 00006000 fc:01 1055606                    /usr/lib/x86_64-linux-gnu/libdatrie.so.1.2.0
7f3e6a628000-7f3e6a629000 r--p 00005000 fc:01 1055606                    /usr/lib/x86_64-linux-gnu/libdatrie.so.1.2.0
7f3e6a629000-7f3e6a62a000 rw-p 00006000 fc:01 1055606                    /usr/lib/x86_64-linux-gnu/libdatrie.so.1.2.0
7f3e6a62a000-7f3e6a642000 r-xp 00000000 fc:01 1055783                    /usr/lib/x86_64-linux-gnu/libgraphite2.so.3.0.1
7f3e6a642000-7f3e6a841000 ---p 00018000 fc:01 1055783                    /usr/lib/x86_64-linux-gnu/libgraphite2.so.3.0.1
7f3e6a841000-7f3e6a843000 r--p 00017000 fc:01 1055783                    /usr/lib/x86_64-linux-gnu/libgraphite2.so.3.0.1
7f3e6a843000-7f3e6a844000 rw-p 00019000 fc:01 1055783                    /usr/lib/x86_64-linux-gnu/libgraphite2.so.3.0.1
7f3e6a844000-7f3e6a881000 r-xp 00000000 fc:01 1970100                    /lib/x86_64-linux-gnu/libpcre.so.3.13.1
7f3e6a881000-7f3e6aa81000 ---p 0003d000 fc:01 1970100                    /lib/x86_64-linux-gnu/libpcre.so.3.13.1
7f3e6aa81000-7f3e6aa82000 r--p 0003d000 fc:01 1970100                    /lib/x86_64-linux-gnu/libpcre.so.3.13.1
7f3e6aa82000-7f3e6aa83000 rw-p 0003e000 fc:01 1970100                    /lib/x86_64-linux-gnu/libpcre.so.3.13.1
7f3e6aa83000-7f3e6aa8a000 r-xp 00000000 fc:01 1055659                    /usr/lib/x86_64-linux-gnu/libffi.so.6.0.1
7f3e6aa8a000-7f3e6ac89000 ---p 00007000 fc:01 1055659                    /usr/lib/x86_64-linux-gnu/libffi.so.6.0.1
7f3e6ac89000-7f3e6ac8a000 r--p 00006000 fc:01 1055659                    /usr/lib/x86_64-linux-gnu/libffi.so.6.0.1
7f3e6ac8a000-7f3e6ac8b000 rw-p 00007000 fc:01 1055659                    /usr/lib/x86_64-linux-gnu/libffi.so.6.0.1
7f3e6ac8b000-7f3e6ac93000 r-xp 00000000 fc:01 1056195                    /usr/lib/x86_64-linux-gnu/libthai.so.0.2.0
7f3e6ac93000-7f3e6ae92000 ---p 00008000 fc:01 1056195                    /usr/lib/x86_64-linux-gnu/libthai.so.0.2.0
7f3e6ae92000-7f3e6ae93000 r--p 00007000 fc:01 1056195                    /usr/lib/x86_64-linux-gnu/libthai.so.0.2.0
7f3e6ae93000-7f3e6ae94000 rw-p 00008000 fc:01 1056195                    /usr/lib/x86_64-linux-gnu/libthai.so.0.2.0
7f3e6ae94000-7f3e6ae9c000 r-xp 00000000 fc:01 1056278                    /usr/lib/x86_64-linux-gnu/libxcb-render.so.0.0.0
7f3e6ae9c000-7f3e6b09b000 ---p 00008000 fc:01 1056278                    /usr/lib/x86_64-linux-gnu/libxcb-render.so.0.0.0
7f3e6b09b000-7f3e6b09c000 r--p 00007000 fc:01 1056278                    /usr/lib/x86_64-linux-gnu/libxcb-render.so.0.0.0
7f3e6b09c000-7f3e6b09d000 rw-p 00008000 fc:01 1056278                    /usr/lib/x86_64-linux-gnu/libxcb-render.so.0.0.0
7f3e6b09d000-7f3e6b09f000 r-xp 00000000 fc:01 1056282                    /usr/lib/x86_64-linux-gnu/libxcb-shm.so.0.0.0
7f3e6b09f000-7f3e6b29e000 ---p 00002000 fc:01 1056282                    /usr/lib/x86_64-linux-gnu/libxcb-shm.so.0.0.0
7f3e6b29e000-7f3e6b29f000 r--p 00001000 fc:01 1056282                    /usr/lib/x86_64-linux-gnu/libxcb-shm.so.0.0.0
7f3e6b29f000-7f3e6b2a0000 rw-p 00002000 fc:01 1056282                    /usr/lib/x86_64-linux-gnu/libxcb-shm.so.0.0.0
7f3e6b2a0000-7f3e6b2c5000 r-xp 00000000 fc:01 1970112                    /lib/x86_64-linux-gnu/libpng12.so.0.49.0
7f3e6b2c5000-7f3e6b4c4000 ---p 00025000 fc:01 1970112                    /lib/x86_64-linux-gnu/libpng12.so.0.49.0
7f3e6b4c4000-7f3e6b4c5000 r--p 00024000 fc:01 1970112                    /lib/x86_64-linux-gnu/libpng12.so.0.49.0
7f3e6b4c5000-7f3e6b4c6000 rw-p 00025000 fc:01 1970112                    /lib/x86_64-linux-gnu/libpng12.so.0.49.0
7f3e6b4c6000-7f3e6b567000 r-xp 00000000 fc:01 1055218                    /usr/lib/x86_64-linux-gnu/libpixman-1.so.0.30.2
7f3e6b567000-7f3e6b767000 ---p 000a1000 fc:01 1055218                    /usr/lib/x86_64-linux-gnu/libpixman-1.so.0.30.2
7f3e6b767000-7f3e6b76e000 r--p 000a1000 fc:01 1055218                    /usr/lib/x86_64-linux-gnu/libpixman-1.so.0.30.2
7f3e6b76e000-7f3e6b76f000 rw-p 000a8000 fc:01 1055218                    /usr/lib/x86_64-linux-gnu/libpixman-1.so.0.30.2
7f3e6b76f000-7f3e6b7bf000 r-xp 00000000 fc:01 1055889                    /usr/lib/x86_64-linux-gnu/libharfbuzz.so.0.919.0
7f3e6b7bf000-7f3e6b9bf000 ---p 00050000 fc:01 1055889                    /usr/lib/x86_64-linux-gnu/libharfbuzz.so.0.919.0
7f3e6b9bf000-7f3e6b9c0000 r--p 00050000 fc:01 1055889                    /usr/lib/x86_64-linux-gnu/libharfbuzz.so.0.919.0
7f3e6b9c0000-7f3e6b9c1000 rw-p 00051000 fc:01 1055889                    /usr/lib/x86_64-linux-gnu/libharfbuzz.so.0.919.0
7f3e6b9c1000-7f3e6b9d7000 r-xp 00000000 fc:01 1970123                    /lib/x86_64-linux-gnu/libresolv-2.17.so
7f3e6b9d7000-7f3e6bbd7000 ---p 00016000 fc:01 1970123                    /lib/x86_64-linux-gnu/libresolv-2.17.so
7f3e6bbd7000-7f3e6bbd8000 r--p 00016000 fc:01 1970123                    /lib/x86_64-linux-gnu/libresolv-2.17.so
7f3e6bbd8000-7f3e6bbd9000 rw-p 00017000 fc:01 1970123                    /lib/x86_64-linux-gnu/libresolv-2.17.so
7f3e6bbd9000-7f3e6bbdb000 rw-p 00000000 00:00 0 
7f3e6bbdb000-7f3e6bbfa000 r-xp 00000000 fc:01 1970127                    /lib/x86_64-linux-gnu/libselinux.so.1
7f3e6bbfa000-7f3e6bdfa000 ---p 0001f000 fc:01 1970127                    /lib/x86_64-linux-gnu/libselinux.so.1
7f3e6bdfa000-7f3e6bdfb000 r--p 0001f000 fc:01 1970127                    /lib/x86_64-linux-gnu/libselinux.so.1
7f3e6bdfb000-7f3e6bdfc000 rw-p 00020000 fc:01 1970127                    /lib/x86_64-linux-gnu/libselinux.so.1
7f3e6bdfc000-7f3e6bdfd000 rw-p 00000000 00:00 0 
7f3e6bdfd000-7f3e6bdff000 r-xp 00000000 fc:01 1055438                    /usr/lib/x86_64-linux-gnu/libXcomposite.so.1.0.0
7f3e6bdff000-7f3e6bffe000 ---p 00002000 fc:01 1055438                    /usr/lib/x86_64-linux-gnu/libXcomposite.so.1.0.0
7f3e6bffe000-7f3e6bfff000 r--p 00001000 fc:01 1055438                    /usr/lib/x86_64-linux-gnu/libXcomposite.so.1.0.0
7f3e6bfff000-7f3e6c000000 rw-p 00002000 fc:01 1055438                    /usr/lib/x86_64-linux-gnu/libXcomposite.so.1.0.0
7f3e6c000000-7f3e6c021000 rw-p 00000000 00:00 0 
7f3e6c021000-7f3e70000000 ---p 00000000 00:00 0 
7f3e70097000-7f3e700f7000 rw-s 00000000 00:04 496205877                  /SYSV00000000 (deleted)
7f3e700f7000-7f3e70100000 r-xp 00000000 fc:01 1055440                    /usr/lib/x86_64-linux-gnu/libXcursor.so.1.0.2
7f3e70100000-7f3e702ff000 ---p 00009000 fc:01 1055440                    /usr/lib/x86_64-linux-gnu/libXcursor.so.1.0.2
7f3e702ff000-7f3e70300000 r--p 00008000 fc:01 1055440                    /usr/lib/x86_64-linux-gnu/libXcursor.so.1.0.2
7f3e70300000-7f3e70301000 rw-p 00009000 fc:01 1055440                    /usr/lib/x86_64-linux-gnu/libXcursor.so.1.0.2
7f3e70301000-7f3e7030a000 r-xp 00000000 fc:01 1055466                    /usr/lib/x86_64-linux-gnu/libXrandr.so.2.2.0
7f3e7030a000-7f3e70509000 ---p 00009000 fc:01 1055466                    /usr/lib/x86_64-linux-gnu/libXrandr.so.2.2.0
7f3e70509000-7f3e7050a000 r--p 00008000 fc:01 1055466                    /usr/lib/x86_64-linux-gnu/libXrandr.so.2.2.0
7f3e7050a000-7f3e7050b000 rw-p 00009000 fc:01 1055466                    /usr/lib/x86_64-linux-gnu/libXrandr.so.2.2.0
7f3e7050b000-7f3e7051a000 r-xp 00000000 fc:01 1055454                    /usr/lib/x86_64-linux-gnu/libXi.so.6.1.0
7f3e7051a000-7f3e70719000 ---p 0000f000 fc:01 1055454                    /usr/lib/x86_64-linux-gnu/libXi.so.6.1.0
7f3e70719000-7f3e7071a000 r--p 0000e000 fc:01 1055454                    /usr/lib/x86_64-linux-gnu/libXi.so.6.1.0
7f3e7071a000-7f3e7071b000 rw-p 0000f000 fc:01 1055454                    /usr/lib/x86_64-linux-gnu/libXi.so.6.1.0
7f3e7071b000-7f3e7071d000 r-xp 00000000 fc:01 1055456                    /usr/lib/x86_64-linux-gnu/libXinerama.so.1.0.0
7f3e7071d000-7f3e7091c000 ---p 00002000 fc:01 1055456                    /usr/lib/x86_64-linux-gnu/libXinerama.so.1.0.0
7f3e7091c000-7f3e7091d000 r--p 00001000 fc:01 1055456                    /usr/lib/x86_64-linux-gnu/libXinerama.so.1.0.0
7f3e7091d000-7f3e7091e000 rw-p 00002000 fc:01 1055456                    /usr/lib/x86_64-linux-gnu/libXinerama.so.1.0.0
7f3e7091e000-7f3e70927000 r-xp 00000000 fc:01 1055468                    /usr/lib/x86_64-linux-gnu/libXrender.so.1.3.0
7f3e70927000-7f3e70b26000 ---p 00009000 fc:01 1055468                    /usr/lib/x86_64-linux-gnu/libXrender.so.1.3.0
7f3e70b26000-7f3e70b27000 r--p 00008000 fc:01 1055468                    /usr/lib/x86_64-linux-gnu/libXrender.so.1.3.0
7f3e70b27000-7f3e70b28000 rw-p 00009000 fc:01 1055468                    /usr/lib/x86_64-linux-gnu/libXrender.so.1.3.0
7f3e70b28000-7f3e70b2d000 r-xp 00000000 fc:01 1055474                    /usr/lib/x86_64-linux-gnu/libXtst.so.6.1.0
7f3e70b2d000-7f3e70d2c000 ---p 00005000 fc:01 1055474                    /usr/lib/x86_64-linux-gnu/libXtst.so.6.1.0
7f3e70d2c000-7f3e70d2d000 r--p 00004000 fc:01 1055474                    /usr/lib/x86_64-linux-gnu/libXtst.so.6.1.0
7f3e70d2d000-7f3e70d2e000 rw-p 00005000 fc:01 1055474                    /usr/lib/x86_64-linux-gnu/libXtst.so.6.1.0
7f3e70d2e000-7f3e70e2c000 r-xp 00000000 fc:01 1973099                    /lib/x86_64-linux-gnu/libglib-2.0.so.0.3800.1
7f3e70e2c000-7f3e7102c000 ---p 000fe000 fc:01 1973099                    /lib/x86_64-linux-gnu/libglib-2.0.so.0.3800.1
7f3e7102c000-7f3e7102d000 r--p 000fe000 fc:01 1973099                    /lib/x86_64-linux-gnu/libglib-2.0.so.0.3800.1
7f3e7102d000-7f3e7102e000 rw-p 000ff000 fc:01 1973099                    /lib/x86_64-linux-gnu/libglib-2.0.so.0.3800.1
7f3e7102e000-7f3e7102f000 rw-p 00000000 00:00 0 
7f3e7102f000-7f3e71030000 r-xp 00000000 fc:01 1048957                    /usr/lib/x86_64-linux-gnu/libgthread-2.0.so.0.3800.1
7f3e71030000-7f3e7122f000 ---p 00001000 fc:01 1048957                    /usr/lib/x86_64-linux-gnu/libgthread-2.0.so.0.3800.1
7f3e7122f000-7f3e71230000 r--p 00000000 fc:01 1048957                    /usr/lib/x86_64-linux-gnu/libgthread-2.0.so.0.3800.1
7f3e71230000-7f3e71231000 rw-p 00001000 fc:01 1048957                    /usr/lib/x86_64-linux-gnu/libgthread-2.0.so.0.3800.1
7f3e71231000-7f3e71234000 r-xp 00000000 fc:01 1048958                    /usr/lib/x86_64-linux-gnu/libgmodule-2.0.so.0.3800.1
7f3e71234000-7f3e71433000 ---p 00003000 fc:01 1048958                    /usr/lib/x86_64-linux-gnu/libgmodule-2.0.so.0.3800.1
7f3e71433000-7f3e71434000 r--p 00002000 fc:01 1048958                    /usr/lib/x86_64-linux-gnu/libgmodule-2.0.so.0.3800.1
7f3e71434000-7f3e71435000 rw-p 00003000 fc:01 1048958                    /usr/lib/x86_64-linux-gnu/libgmodule-2.0.so.0.3800.1
7f3e71435000-7f3e71484000 r-xp 00000000 fc:01 1048954                    /usr/lib/x86_64-linux-gnu/libgobject-2.0.so.0.3800.1
7f3e71484000-7f3e71684000 ---p 0004f000 fc:01 1048954                    /usr/lib/x86_64-linux-gnu/libgobject-2.0.so.0.3800.1
7f3e71684000-7f3e71685000 r--p 0004f000 fc:01 1048954                    /usr/lib/x86_64-linux-gnu/libgobject-2.0.so.0.3800.1
7f3e71685000-7f3e71686000 rw-p 00050000 fc:01 1048954                    /usr/lib/x86_64-linux-gnu/libgobject-2.0.so.0.3800.1
7f3e71686000-7f3e716bf000 r-xp 00000000 fc:01 1055670                    /usr/lib/x86_64-linux-gnu/libfontconfig.so.1.7.0
7f3e716bf000-7f3e718bf000 ---p 00039000 fc:01 1055670                    /usr/lib/x86_64-linux-gnu/libfontconfig.so.1.7.0
7f3e718bf000-7f3e718c1000 r--p 00039000 fc:01 1055670                    /usr/lib/x86_64-linux-gnu/libfontconfig.so.1.7.0
7f3e718c1000-7f3e718c2000 rw-p 0003b000 fc:01 1055670                    /usr/lib/x86_64-linux-gnu/libfontconfig.so.1.7.0
7f3e718c2000-7f3e7195e000 r-xp 00000000 fc:01 1051951                    /usr/lib/x86_64-linux-gnu/libfreetype.so.6.10.1
7f3e7195e000-7f3e71b5e000 ---p 0009c000 fc:01 1051951                    /usr/lib/x86_64-linux-gnu/libfreetype.so.6.10.1
7f3e71b5e000-7f3e71b63000 r--p 0009c000 fc:01 1051951                    /usr/lib/x86_64-linux-gnu/libfreetype.so.6.10.1
7f3e71b63000-7f3e71b64000 rw-p 000a1000 fc:01 1051951                    /usr/lib/x86_64-linux-gnu/libfreetype.so.6.10.1
7f3e71b64000-7f3e71bae000 r-xp 00000000 fc:01 1056054                    /usr/lib/x86_64-linux-gnu/libpango-1.0.so.0.3200.5
7f3e71bae000-7f3e71dad000 ---p 0004a000 fc:01 1056054                    /usr/lib/x86_64-linux-gnu/libpango-1.0.so.0.3200.5
7f3e71dad000-7f3e71daf000 r--p 00049000 fc:01 1056054                    /usr/lib/x86_64-linux-gnu/libpango-1.0.so.0.3200.5
7f3e71daf000-7f3e71db0000 rw-p 0004b000 fc:01 1056054                    /usr/lib/x86_64-linux-gnu/libpango-1.0.so.0.3200.5
7f3e71db0000-7f3e71eb4000 r-xp 00000000 fc:01 1055543                    /usr/lib/x86_64-linux-gnu/libcairo.so.2.11200.16
7f3e71eb4000-7f3e720b3000 ---p 00104000 fc:01 1055543                    /usr/lib/x86_64-linux-gnu/libcairo.so.2.11200.16
7f3e720b3000-7f3e720b6000 r--p 00103000 fc:01 1055543                    /usr/lib/x86_64-linux-gnu/libcairo.so.2.11200.16
7f3e720b6000-7f3e720b7000 rw-p 00106000 fc:01 1055543                    /usr/lib/x86_64-linux-gnu/libcairo.so.2.11200.16
7f3e720b7000-7f3e720b9000 rw-p 00000000 00:00 0 
7f3e720b9000-7f3e720c4000 r-xp 00000000 fc:01 1056056                    /usr/lib/x86_64-linux-gnu/libpangocairo-1.0.so.0.3200.5
7f3e720c4000-7f3e722c4000 ---p 0000b000 fc:01 1056056                    /usr/lib/x86_64-linux-gnu/libpangocairo-1.0.so.0.3200.5
7f3e722c4000-7f3e722c5000 r--p 0000b000 fc:01 1056056                    /usr/lib/x86_64-linux-gnu/libpangocairo-1.0.so.0.3200.5
7f3e722c5000-7f3e722c6000 rw-p 0000c000 fc:01 1056056                    /usr/lib/x86_64-linux-gnu/libpangocairo-1.0.so.0.3200.5
7f3e722c6000-7f3e722e5000 r-xp 00000000 fc:01 1055717                    /usr/lib/x86_64-linux-gnu/libgdk_pixbuf-2.0.so.0.2800.1
7f3e722e5000-7f3e724e4000 ---p 0001f000 fc:01 1055717                    /usr/lib/x86_64-linux-gnu/libgdk_pixbuf-2.0.so.0.2800.1
7f3e724e4000-7f3e724e5000 r--p 0001e000 fc:01 1055717                    /usr/lib/x86_64-linux-gnu/libgdk_pixbuf-2.0.so.0.2800.1
7f3e724e5000-7f3e724e6000 rw-p 0001f000 fc:01 1055717                    /usr/lib/x86_64-linux-gnu/libgdk_pixbuf-2.0.so.0.2800.1
7f3e724e6000-7f3e724fa000 r-xp 00000000 fc:01 1056058                    /usr/lib/x86_64-linux-gnu/libpangoft2-1.0.so.0.3200.5
7f3e724fa000-7f3e726f9000 ---p 00014000 fc:01 1056058                    /usr/lib/x86_64-linux-gnu/libpangoft2-1.0.so.0.3200.5
7f3e726f9000-7f3e726fa000 r--p 00013000 fc:01 1056058                    /usr/lib/x86_64-linux-gnu/libpangoft2-1.0.so.0.3200.5
7f3e726fa000-7f3e726fb000 rw-p 00014000 fc:01 1056058                    /usr/lib/x86_64-linux-gnu/libpangoft2-1.0.so.0.3200.5
7f3e726fb000-7f3e72857000 r-xp 00000000 fc:01 1048932                    /usr/lib/x86_64-linux-gnu/libgio-2.0.so.0.3800.1
7f3e72857000-7f3e72a56000 ---p 0015c000 fc:01 1048932                    /usr/lib/x86_64-linux-gnu/libgio-2.0.so.0.3800.1
7f3e72a56000-7f3e72a5a000 r--p 0015b000 fc:01 1048932                    /usr/lib/x86_64-linux-gnu/libgio-2.0.so.0.3800.1
7f3e72a5a000-7f3e72a5c000 rw-p 0015f000 fc:01 1048932                    /usr/lib/x86_64-linux-gnu/libgio-2.0.so.0.3800.1
7f3e72a5c000-7f3e72a5e000 rw-p 00000000 00:00 0 
7f3e72a5e000-7f3e72a7d000 r-xp 00000000 fc:01 1055509                    /usr/lib/x86_64-linux-gnu/libatk-1.0.so.0.21009.1
7f3e72a7d000-7f3e72c7d000 ---p 0001f000 fc:01 1055509                    /usr/lib/x86_64-linux-gnu/libatk-1.0.so.0.21009.1
7f3e72c7d000-7f3e72c7f000 r--p 0001f000 fc:01 1055509                    /usr/lib/x86_64-linux-gnu/libatk-1.0.so.0.21009.1
7f3e72c7f000-7f3e72c80000 rw-p 00021000 fc:01 1055509                    /usr/lib/x86_64-linux-gnu/libatk-1.0.so.0.21009.1
7f3e72c80000-7f3e72d2d000 r-xp 00000000 fc:01 1055715                    /usr/lib/x86_64-linux-gnu/libgdk-x11-2.0.so.0.2400.20
7f3e72d2d000-7f3e72f2c000 ---p 000ad000 fc:01 1055715                    /usr/lib/x86_64-linux-gnu/libgdk-x11-2.0.so.0.2400.20
7f3e72f2c000-7f3e72f30000 r--p 000ac000 fc:01 1055715                    /usr/lib/x86_64-linux-gnu/libgdk-x11-2.0.so.0.2400.20
7f3e72f30000-7f3e72f32000 rw-p 000b0000 fc:01 1055715                    /usr/lib/x86_64-linux-gnu/libgdk-x11-2.0.so.0.2400.20
7f3e72f32000-7f3e73361000 r-xp 00000000 fc:01 1055875                    /usr/lib/x86_64-linux-gnu/libgtk-x11-2.0.so.0.2400.20
7f3e73361000-7f3e73560000 ---p 0042f000 fc:01 1055875                    /usr/lib/x86_64-linux-gnu/libgtk-x11-2.0.so.0.2400.20
7f3e73560000-7f3e73567000 r--p 0042e000 fc:01 1055875                    /usr/lib/x86_64-linux-gnu/libgtk-x11-2.0.so.0.2400.20
7f3e73567000-7f3e7356b000 rw-p 00435000 fc:01 1055875                    /usr/lib/x86_64-linux-gnu/libgtk-x11-2.0.so.0.2400.20
7f3e7356b000-7f3e7356e000 rw-p 00000000 00:00 0 
7f3e7356e000-7f3e73593000 r-xp 00000000 fc:01 1188199                    /usr/lib/jvm/java-7-oracle/jre/lib/amd64/libglass.so
7f3e73593000-7f3e73793000 ---p 00025000 fc:01 1188199                    /usr/lib/jvm/java-7-oracle/jre/lib/amd64/libglass.so
7f3e73793000-7f3e73794000 r--p 00025000 fc:01 1188199                    /usr/lib/jvm/java-7-oracle/jre/lib/amd64/libglass.so
7f3e73794000-7f3e73795000 rw-p 00026000 fc:01 1188199                    /usr/lib/jvm/java-7-oracle/jre/lib/amd64/libglass.so
7f3e73795000-7f3e737c7000 r-xp 00000000 fc:01 1056215                    /usr/lib/x86_64-linux-gnu/libtxc_dxtn_s2tc.so.0.0.0
7f3e737c7000-7f3e739c6000 ---p 00032000 fc:01 1056215                    /usr/lib/x86_64-linux-gnu/libtxc_dxtn_s2tc.so.0.0.0
7f3e739c6000-7f3e739c7000 r--p 00031000 fc:01 1056215                    /usr/lib/x86_64-linux-gnu/libtxc_dxtn_s2tc.so.0.0.0
7f3e739c7000-7f3e739c8000 rw-p 00032000 fc:01 1056215                    /usr/lib/x86_64-linux-gnu/libtxc_dxtn_s2tc.so.0.0.0
7f3e739c8000-7f3e739e0000 r-xp 00000000 fc:01 1970160                    /lib/x86_64-linux-gnu/libz.so.1.2.8
7f3e739e0000-7f3e73bdf000 ---p 00018000 fc:01 1970160                    /lib/x86_64-linux-gnu/libz.so.1.2.8
7f3e73bdf000-7f3e73be0000 r--p 00017000 fc:01 1970160                    /lib/x86_64-linux-gnu/libz.so.1.2.8
7f3e73be0000-7f3e73be1000 rw-p 00018000 fc:01 1970160                    /lib/x86_64-linux-gnu/libz.so.1.2.8
7f3e73be1000-7f3e73be9000 r-xp 00000000 fc:01 1056070                    /usr/lib/x86_64-linux-gnu/libpciaccess.so.0.11.1
7f3e73be9000-7f3e73de8000 ---p 00008000 fc:01 1056070                    /usr/lib/x86_64-linux-gnu/libpciaccess.so.0.11.1
7f3e73de8000-7f3e73de9000 r--p 00007000 fc:01 1056070                    /usr/lib/x86_64-linux-gnu/libpciaccess.so.0.11.1
7f3e73de9000-7f3e73dea000 rw-p 00008000 fc:01 1056070                    /usr/lib/x86_64-linux-gnu/libpciaccess.so.0.11.1
7f3e73dea000-7f3e73dff000 r-xp 00000000 fc:01 1970272                    /lib/x86_64-linux-gnu/libgcc_s.so.1
7f3e73dff000-7f3e73ffe000 ---p 00015000 fc:01 1970272                    /lib/x86_64-linux-gnu/libgcc_s.so.1
7f3e73ffe000-7f3e73fff000 r--p 00014000 fc:01 1970272                    /lib/x86_64-linux-gnu/libgcc_s.so.1
7f3e73fff000-7f3e74000000 rw-p 00015000 fc:01 1970272                    /lib/x86_64-linux-gnu/libgcc_s.so.1
7f3e74000000-7f3e74021000 rw-p 00000000 00:00 0 
7f3e74021000-7f3e78000000 ---p 00000000 00:00 0 
7f3e7800a000-7f3e7800c000 rw-p 00000000 00:00 0 
7f3e7800c000-7f3e78017000 r--s 0037c000 fc:01 1188394                    /usr/lib/jvm/java-7-oracle/jre/lib/charsets.jar
7f3e78017000-7f3e7801b000 r--s 0002d000 fc:01 1188153                    /usr/lib/jvm/java-7-oracle/jre/lib/ext/sunjce_provider.jar
7f3e7801b000-7f3e7801c000 r--s 00003000 fc:01 1188165                    /usr/lib/jvm/java-7-oracle/jre/lib/ext/sunec.jar
7f3e7801c000-7f3e7801f000 r--s 00037000 fc:01 1188158                    /usr/lib/jvm/java-7-oracle/jre/lib/ext/sunpkcs11.jar
7f3e7801f000-7f3e78021000 r--s 00019000 fc:01 1188305                    /usr/lib/jvm/java-7-oracle/jre/lib/jce.jar
7f3e78021000-7f3e78025000 r--s 0008a000 fc:01 1188283                    /usr/lib/jvm/java-7-oracle/jre/lib/jsse.jar
7f3e78025000-7f3e78029000 r--s 000f7000 fc:01 1188159                    /usr/lib/jvm/java-7-oracle/jre/lib/ext/localedata.jar
7f3e78029000-7f3e7802f000 r--p 00000000 fc:01 1707621                    /usr/share/locale-langpack/de/LC_MESSAGES/gdk-pixbuf.mo
7f3e7802f000-7f3e78030000 r--s 00000000 fc:01 4197466                    /home/fs/.cache/fontconfig/c05880de57d1f5e948fdfacc138775d9-le64.cache-4
7f3e78030000-7f3e7803b000 r--s 00000000 fc:01 2103233                    /var/cache/fontconfig/945677eb7aeaf62f1d50efc3fb3ec7d8-le64.cache-4
7f3e7803b000-7f3e78041000 r--s 00000000 fc:01 2103218                    /var/cache/fontconfig/2cd17615ca594fa2959ae173292e504c-le64.cache-4
7f3e78041000-7f3e78048000 r--s 00000000 fc:01 2103237                    /var/cache/fontconfig/a755afe4a08bf5b97852ceb7400b47bc-le64.cache-4
7f3e78048000-7f3e78083000 r--s 00000000 fc:01 2099172                    /var/cache/fontconfig/365b55f210c0a22e9a19e35191240f32-le64.cache-4
7f3e78083000-7f3e78086000 ---p 00000000 00:00 0 
7f3e78086000-7f3e78184000 rw-p 00000000 00:00 0                          [stack:12641]
7f3e78184000-7f3e7826a000 r-xp 00000000 fc:01 1057842                    /usr/lib/x86_64-linux-gnu/libstdc++.so.6.0.18
7f3e7826a000-7f3e78469000 ---p 000e6000 fc:01 1057842                    /usr/lib/x86_64-linux-gnu/libstdc++.so.6.0.18
7f3e78469000-7f3e78471000 r--p 000e5000 fc:01 1057842                    /usr/lib/x86_64-linux-gnu/libstdc++.so.6.0.18
7f3e78471000-7f3e78473000 rw-p 000ed000 fc:01 1057842                    /usr/lib/x86_64-linux-gnu/libstdc++.so.6.0.18
7f3e78473000-7f3e78488000 rw-p 00000000 00:00 0 
7f3e78488000-7f3e784a7000 r-xp 00000000 fc:01 1058764                    /usr/lib/x86_64-linux-gnu/libdrm_intel.so.1.0.0
7f3e784a7000-7f3e786a6000 ---p 0001f000 fc:01 1058764                    /usr/lib/x86_64-linux-gnu/libdrm_intel.so.1.0.0
7f3e786a6000-7f3e786a7000 r--p 0001e000 fc:01 1058764                    /usr/lib/x86_64-linux-gnu/libdrm_intel.so.1.0.0
7f3e786a7000-7f3e786a8000 rw-p 0001f000 fc:01 1058764                    /usr/lib/x86_64-linux-gnu/libdrm_intel.so.1.0.0
7f3e786a8000-7f3e786cf000 r-xp 00000000 fc:01 1970023                    /lib/x86_64-linux-gnu/libexpat.so.1.6.0
7f3e786cf000-7f3e788cf000 ---p 00027000 fc:01 1970023                    /lib/x86_64-linux-gnu/libexpat.so.1.6.0
7f3e788cf000-7f3e788d1000 r--p 00027000 fc:01 1970023                    /lib/x86_64-linux-gnu/libexpat.so.1.6.0
7f3e788d1000-7f3e788d2000 rw-p 00029000 fc:01 1970023                    /lib/x86_64-linux-gnu/libexpat.so.1.6.0
7f3e788d2000-7f3e78c90000 r-xp 00000000 fc:01 1055625                    /usr/lib/x86_64-linux-gnu/libdricore9.2.1.so.1.0.0
7f3e78c90000-7f3e78e8f000 ---p 003be000 fc:01 1055625                    /usr/lib/x86_64-linux-gnu/libdricore9.2.1.so.1.0.0
7f3e78e8f000-7f3e78e9f000 r--p 003bd000 fc:01 1055625                    /usr/lib/x86_64-linux-gnu/libdricore9.2.1.so.1.0.0
7f3e78e9f000-7f3e78ea7000 rw-p 003cd000 fc:01 1055625                    /usr/lib/x86_64-linux-gnu/libdricore9.2.1.so.1.0.0
7f3e78ea7000-7f3e78ebf000 rw-p 00000000 00:00 0 
7f3e78ebf000-7f3e78f94000 r-xp 00000000 fc:01 1311097                    /usr/lib/x86_64-linux-gnu/dri/i965_dri.so
7f3e78f94000-7f3e79194000 ---p 000d5000 fc:01 1311097                    /usr/lib/x86_64-linux-gnu/dri/i965_dri.so
7f3e79194000-7f3e79197000 r--p 000d5000 fc:01 1311097                    /usr/lib/x86_64-linux-gnu/dri/i965_dri.so
7f3e79197000-7f3e79199000 rw-p 000d8000 fc:01 1311097                    /usr/lib/x86_64-linux-gnu/dri/i965_dri.so
7f3e79199000-7f3e7919a000 rw-p 00000000 00:00 0 
7f3e7919a000-7f3e7919f000 r-xp 00000000 fc:01 1055444                    /usr/lib/x86_64-linux-gnu/libXdmcp.so.6.0.0
7f3e7919f000-7f3e7939e000 ---p 00005000 fc:01 1055444                    /usr/lib/x86_64-linux-gnu/libXdmcp.so.6.0.0
7f3e7939e000-7f3e7939f000 r--p 00004000 fc:01 1055444                    /usr/lib/x86_64-linux-gnu/libXdmcp.so.6.0.0
7f3e7939f000-7f3e793a0000 rw-p 00005000 fc:01 1055444                    /usr/lib/x86_64-linux-gnu/libXdmcp.so.6.0.0
7f3e793a0000-7f3e793a2000 r-xp 00000000 fc:01 1055433                    /usr/lib/x86_64-linux-gnu/libXau.so.6.0.0
7f3e793a2000-7f3e795a2000 ---p 00002000 fc:01 1055433                    /usr/lib/x86_64-linux-gnu/libXau.so.6.0.0
7f3e795a2000-7f3e795a3000 r--p 00002000 fc:01 1055433                    /usr/lib/x86_64-linux-gnu/libXau.so.6.0.0
7f3e795a3000-7f3e795a4000 rw-p 00003000 fc:01 1055433                    /usr/lib/x86_64-linux-gnu/libXau.so.6.0.0
7f3e795a4000-7f3e795af000 r-xp 00000000 fc:01 1052534                    /usr/lib/x86_64-linux-gnu/libdrm.so.2.4.0
7f3e795af000-7f3e797ae000 ---p 0000b000 fc:01 1052534                    /usr/lib/x86_64-linux-gnu/libdrm.so.2.4.0
7f3e797ae000-7f3e797af000 r--p 0000a000 fc:01 1052534                    /usr/lib/x86_64-linux-gnu/libdrm.so.2.4.0
7f3e797af000-7f3e797b0000 rw-p 0000b000 fc:01 1052534                    /usr/lib/x86_64-linux-gnu/libdrm.so.2.4.0
7f3e797b0000-7f3e797b3000 r-xp 00000000 fc:01 1056274                    /usr/lib/x86_64-linux-gnu/libxcb-dri2.so.0.0.0
7f3e797b3000-7f3e799b3000 ---p 00003000 fc:01 1056274                    /usr/lib/x86_64-linux-gnu/libxcb-dri2.so.0.0.0
7f3e799b3000-7f3e799b4000 r--p 00003000 fc:01 1056274                    /usr/lib/x86_64-linux-gnu/libxcb-dri2.so.0.0.0
7f3e799b4000-7f3e799b5000 rw-p 00004000 fc:01 1056274                    /usr/lib/x86_64-linux-gnu/libxcb-dri2.so.0.0.0
7f3e799b5000-7f3e799ca000 r-xp 00000000 fc:01 1056276                    /usr/lib/x86_64-linux-gnu/libxcb-glx.so.0.0.0
7f3e799ca000-7f3e79bc9000 ---p 00015000 fc:01 1056276                    /usr/lib/x86_64-linux-gnu/libxcb-glx.so.0.0.0
7f3e79bc9000-7f3e79bcb000 r--p 00014000 fc:01 1056276                    /usr/lib/x86_64-linux-gnu/libxcb-glx.so.0.0.0
7f3e79bcb000-7f3e79bcc000 rw-p 00016000 fc:01 1056276                    /usr/lib/x86_64-linux-gnu/libxcb-glx.so.0.0.0
7f3e79bcc000-7f3e79bcd000 r-xp 00000000 fc:01 1055427                    /usr/lib/x86_64-linux-gnu/libX11-xcb.so.1.0.0
7f3e79bcd000-7f3e79dcc000 ---p 00001000 fc:01 1055427                    /usr/lib/x86_64-linux-gnu/libX11-xcb.so.1.0.0
7f3e79dcc000-7f3e79dcd000 r--p 00000000 fc:01 1055427                    /usr/lib/x86_64-linux-gnu/libX11-xcb.so.1.0.0
7f3e79dcd000-7f3e79dce000 rw-p 00001000 fc:01 1055427                    /usr/lib/x86_64-linux-gnu/libX11-xcb.so.1.0.0
7f3e79dce000-7f3e79dd3000 r-xp 00000000 fc:01 1055448                    /usr/lib/x86_64-linux-gnu/libXfixes.so.3.1.0
7f3e79dd3000-7f3e79fd2000 ---p 00005000 fc:01 1055448                    /usr/lib/x86_64-linux-gnu/libXfixes.so.3.1.0
7f3e79fd2000-7f3e79fd3000 r--p 00004000 fc:01 1055448                    /usr/lib/x86_64-linux-gnu/libXfixes.so.3.1.0
7f3e79fd3000-7f3e79fd4000 rw-p 00005000 fc:01 1055448                    /usr/lib/x86_64-linux-gnu/libXfixes.so.3.1.0
7f3e79fd4000-7f3e79fd6000 r-xp 00000000 fc:01 1055442                    /usr/lib/x86_64-linux-gnu/libXdamage.so.1.1.0
7f3e79fd6000-7f3e7a1d5000 ---p 00002000 fc:01 1055442                    /usr/lib/x86_64-linux-gnu/libXdamage.so.1.1.0
7f3e7a1d5000-7f3e7a1d6000 r--p 00001000 fc:01 1055442                    /usr/lib/x86_64-linux-gnu/libXdamage.so.1.1.0
7f3e7a1d6000-7f3e7a1d7000 rw-p 00002000 fc:01 1055442                    /usr/lib/x86_64-linux-gnu/libXdamage.so.1.1.0
7f3e7a1d7000-7f3e7a1f8000 r-xp 00000000 fc:01 1055745                    /usr/lib/x86_64-linux-gnu/libglapi.so.0.0.0
7f3e7a1f8000-7f3e7a3f8000 ---p 00021000 fc:01 1055745                    /usr/lib/x86_64-linux-gnu/libglapi.so.0.0.0
7f3e7a3f8000-7f3e7a3fb000 r--p 00021000 fc:01 1055745                    /usr/lib/x86_64-linux-gnu/libglapi.so.0.0.0
7f3e7a3fb000-7f3e7a3fc000 rw-p 00024000 fc:01 1055745                    /usr/lib/x86_64-linux-gnu/libglapi.so.0.0.0
7f3e7a3fc000-7f3e7a3fd000 rw-p 00000000 00:00 0 
7f3e7a3fd000-7f3e7a40e000 r-xp 00000000 fc:01 1055446                    /usr/lib/x86_64-linux-gnu/libXext.so.6.4.0
7f3e7a40e000-7f3e7a60d000 ---p 00011000 fc:01 1055446                    /usr/lib/x86_64-linux-gnu/libXext.so.6.4.0
7f3e7a60d000-7f3e7a60e000 r--p 00010000 fc:01 1055446                    /usr/lib/x86_64-linux-gnu/libXext.so.6.4.0
7f3e7a60e000-7f3e7a60f000 rw-p 00011000 fc:01 1055446                    /usr/lib/x86_64-linux-gnu/libXext.so.6.4.0
7f3e7a60f000-7f3e7a62c000 r-xp 00000000 fc:01 1056288                    /usr/lib/x86_64-linux-gnu/libxcb.so.1.1.0
7f3e7a62c000-7f3e7a82b000 ---p 0001d000 fc:01 1056288                    /usr/lib/x86_64-linux-gnu/libxcb.so.1.1.0
7f3e7a82b000-7f3e7a82c000 r--p 0001c000 fc:01 1056288                    /usr/lib/x86_64-linux-gnu/libxcb.so.1.1.0
7f3e7a82c000-7f3e7a82d000 rw-p 0001d000 fc:01 1056288                    /usr/lib/x86_64-linux-gnu/libxcb.so.1.1.0
7f3e7a82d000-7f3e7a887000 r-xp 00000000 fc:01 1312204                    /usr/lib/x86_64-linux-gnu/mesa/libGL.so.1.2.0
7f3e7a887000-7f3e7aa87000 ---p 0005a000 fc:01 1312204                    /usr/lib/x86_64-linux-gnu/mesa/libGL.so.1.2.0
7f3e7aa87000-7f3e7aa89000 r--p 0005a000 fc:01 1312204                    /usr/lib/x86_64-linux-gnu/mesa/libGL.so.1.2.0
7f3e7aa89000-7f3e7aa8a000 rw-p 0005c000 fc:01 1312204                    /usr/lib/x86_64-linux-gnu/mesa/libGL.so.1.2.0
7f3e7aa8a000-7f3e7aa8b000 rw-p 00000000 00:00 0 
7f3e7aa8b000-7f3e7aa8f000 r-xp 00000000 fc:01 1055480                    /usr/lib/x86_64-linux-gnu/libXxf86vm.so.1.0.0
7f3e7aa8f000-7f3e7ac8f000 ---p 00004000 fc:01 1055480                    /usr/lib/x86_64-linux-gnu/libXxf86vm.so.1.0.0
7f3e7ac8f000-7f3e7ac90000 r--p 00004000 fc:01 1055480                    /usr/lib/x86_64-linux-gnu/libXxf86vm.so.1.0.0
7f3e7ac90000-7f3e7ac91000 rw-p 00005000 fc:01 1055480                    /usr/lib/x86_64-linux-gnu/libXxf86vm.so.1.0.0
7f3e7ac91000-7f3e7adc1000 r-xp 00000000 fc:01 1055429                    /usr/lib/x86_64-linux-gnu/libX11.so.6.3.0
7f3e7adc1000-7f3e7afc1000 ---p 00130000 fc:01 1055429                    /usr/lib/x86_64-linux-gnu/libX11.so.6.3.0
7f3e7afc1000-7f3e7afc2000 r--p 00130000 fc:01 1055429                    /usr/lib/x86_64-linux-gnu/libX11.so.6.3.0
7f3e7afc2000-7f3e7afc6000 rw-p 00131000 fc:01 1055429                    /usr/lib/x86_64-linux-gnu/libX11.so.6.3.0
7f3e7afc6000-7f3e7afcf000 r-xp 00000000 fc:01 1188251                    /usr/lib/jvm/java-7-oracle/jre/lib/amd64/libprism-es2.so
7f3e7afcf000-7f3e7b1ce000 ---p 00009000 fc:01 1188251                    /usr/lib/jvm/java-7-oracle/jre/lib/amd64/libprism-es2.so
7f3e7b1ce000-7f3e7b1cf000 r--p 00008000 fc:01 1188251                    /usr/lib/jvm/java-7-oracle/jre/lib/amd64/libprism-es2.so
7f3e7b1cf000-7f3e7b1d0000 rw-p 00009000 fc:01 1188251                    /usr/lib/jvm/java-7-oracle/jre/lib/amd64/libprism-es2.so
7f3e7b1d0000-7f3e7b1d3000 ---p 00000000 00:00 0 
7f3e7b1d3000-7f3e7b2d1000 rw-p 00000000 00:00 0                          [stack:12640]
7f3e7b2d1000-7f3e7b2ef000 r-xp 00000000 fc:01 1188264                    /usr/lib/jvm/java-7-oracle/jre/lib/amd64/libdeploy.so
7f3e7b2ef000-7f3e7b4ee000 ---p 0001e000 fc:01 1188264                    /usr/lib/jvm/java-7-oracle/jre/lib/amd64/libdeploy.so
7f3e7b4ee000-7f3e7b4f0000 rw-p 0001d000 fc:01 1188264                    /usr/lib/jvm/java-7-oracle/jre/lib/amd64/libdeploy.so
7f3e7b4f0000-7f3e7b500000 rw-p 00000000 00:00 0 
7f3e7b500000-7f3e7c000000 r--p 00000000 fc:01 1053633                    /usr/lib/locale/locale-archive
7f3e7c000000-7f3e7c021000 rw-p 00000000 00:00 0 
7f3e7c021000-7f3e80000000 ---p 00000000 00:00 0 
7f3e80000000-7f3e80002000 r--s 00000000 fc:01 2103235                    /var/cache/fontconfig/99e8ed0e538f840c565b6ed5dad60d56-le64.cache-4
7f3e80002000-7f3e80003000 r--s 00000000 fc:01 2103250                    /var/cache/fontconfig/e7071f4a29fa870f4323321c154eba04-le64.cache-4
7f3e80003000-7f3e80004000 r--s 00000000 fc:01 2103215                    /var/cache/fontconfig/0d8c3b2ac0904cb8a57a757ad11a4a08-le64.cache-4
7f3e80004000-7f3e80008000 r--s 00000000 fc:01 2103228                    /var/cache/fontconfig/6d41288fd70b0be22e8c3a91e032eec0-le64.cache-4
7f3e80008000-7f3e8000c000 r--s 00000000 fc:01 2103245                    /var/cache/fontconfig/de156ccd2eddbdc19d37a45b8b2aac9c-le64.cache-4
7f3e8000c000-7f3e80020000 r--s 00000000 fc:01 2103213                    /var/cache/fontconfig/04aabc0a78ac019cf9454389977116d2-le64.cache-4
7f3e80020000-7f3e80021000 r--s 00000000 fc:01 2103217                    /var/cache/fontconfig/1ac9eb803944fde146138c791f5cc56a-le64.cache-4
7f3e80021000-7f3e80025000 r--s 00000000 fc:01 2103221                    /var/cache/fontconfig/385c0604a188198f04d133e54aba7fe7-le64.cache-4
7f3e80025000-7f3e80026000 r--s 00000000 fc:01 2103247                    /var/cache/fontconfig/dc05db6664285cc2f12bf69c139ae4c3-le64.cache-4
7f3e80026000-7f3e80028000 r--s 00000000 fc:01 2103230                    /var/cache/fontconfig/767a8244fc0220cfb567a839d0392e0b-le64.cache-4
7f3e80028000-7f3e80029000 r--s 00000000 fc:01 2100785                    /var/cache/fontconfig/4794a0821666d79190d59a36cb4f44b5-le64.cache-4
7f3e80029000-7f3e8002c000 r--s 00000000 fc:01 2103232                    /var/cache/fontconfig/8801497958630a81b71ace7c5f9b32a8-le64.cache-4
7f3e8002c000-7f3e80030000 r--s 00000000 fc:01 2103240                    /var/cache/fontconfig/c57959a16110560c8d0fcea73374aeeb-le64.cache-4
7f3e80030000-7f3e80037000 r--s 00000000 fc:01 2103219                    /var/cache/fontconfig/3047814df9a2f067bd2d96a2b9c36e5a-le64.cache-4
7f3e80037000-7f3e8003d000 r--s 00000000 fc:01 2103238                    /var/cache/fontconfig/b47c4e1ecd0709278f4910c18777a504-le64.cache-4
7f3e8003d000-7f3e80050000 r--s 00000000 fc:01 2103244                    /var/cache/fontconfig/d52a8644073d54c13679302ca1180695-le64.cache-4
7f3e80050000-7f3e80058000 r--s 00000000 fc:01 2103222                    /var/cache/fontconfig/3f7329c5293ffd510edef78f73874cfd-le64.cache-4
7f3e80058000-7f3e80064000 r--s 00000000 fc:01 2105349                    /var/cache/fontconfig/d589a48862398ed80a3d6066f4f56f4c-le64.cache-4
7f3e80064000-7f3e8007c000 r--s 00000000 fc:01 4197470                    /home/fs/.cache/fontconfig/e13b20fdb08344e0e664864cc2ede53d-le64.cache-4
7f3e8007c000-7f3e80080000 r--s 00000000 fc:01 2099166                    /var/cache/fontconfig/7ef2298fde41cc6eeb7af42e48b7d293-le64.cache-4
7f3e80080000-7f3e8009e000 r--s 00000000 fc:01 2105209                    /var/cache/fontconfig/467c019e582ee353435ea5c21d137ef6-le64.cache-4
7f3e8009e000-7f3e800c7000 r--p 00000000 fc:01 1707679                    /usr/share/locale-langpack/de/LC_MESSAGES/gtk20-properties.mo
7f3e800c7000-7f3e800d6000 r--p 00000000 fc:01 1707680                    /usr/share/locale-langpack/de/LC_MESSAGES/gtk20.mo
7f3e800d6000-7f3e800fc000 r--p 00000000 fc:01 1707732                    /usr/share/locale-langpack/de/LC_MESSAGES/libc.mo
7f3e800fc000-7f3e800ff000 ---p 00000000 00:00 0 
7f3e800ff000-7f3e801fd000 rw-p 00000000 00:00 0                          [stack:12639]
7f3e801fd000-7f3e80200000 ---p 00000000 00:00 0 
7f3e80200000-7f3e802fe000 rw-p 00000000 00:00 0                          [stack:12638]
7f3e802fe000-7f3e8038d000 r--s 00de4000 fc:01 1188301                    /usr/lib/jvm/java-7-oracle/jre/lib/jfxrt.jar
7f3e8038d000-7f3e803d9000 r--s 00461000 fc:01 3941924                    /home/fs/NetBeansProjects/JEConfig/target/JEConfig-3.0.4.jar
7f3e803d9000-7f3e803da000 ---p 00000000 00:00 0 
7f3e803da000-7f3e804da000 rw-p 00000000 00:00 0                          [stack:12637]
7f3e804da000-7f3e804dd000 ---p 00000000 00:00 0 
7f3e804dd000-7f3e805db000 rw-p 00000000 00:00 0                          [stack:12636]
7f3e805db000-7f3e805de000 ---p 00000000 00:00 0 
7f3e805de000-7f3e806dc000 rw-p 00000000 00:00 0                          [stack:12635]
7f3e806dc000-7f3e806df000 ---p 00000000 00:00 0 
7f3e806df000-7f3e807dd000 rw-p 00000000 00:00 0                          [stack:12634]
7f3e807dd000-7f3e807e0000 ---p 00000000 00:00 0 
7f3e807e0000-7f3e808de000 rw-p 00000000 00:00 0                          [stack:12633]
7f3e808de000-7f3e808e1000 ---p 00000000 00:00 0 
7f3e808e1000-7f3e809df000 rw-p 00000000 00:00 0                          [stack:12632]
7f3e809df000-7f3e809e2000 ---p 00000000 00:00 0 
7f3e809e2000-7f3e80ae0000 rw-p 00000000 00:00 0                          [stack:12631]
7f3e80ae0000-7f3e80ae1000 ---p 00000000 00:00 0 
7f3e80ae1000-7f3e81b3b000 rw-p 00000000 00:00 0                          [stack:12630]
7f3e81b3b000-7f3e81cfa000 r--s 039e5000 fc:01 1190963                    /usr/lib/jvm/java-7-oracle/jre/lib/rt.jar
7f3e81cfa000-7f3e84064000 rw-p 00000000 00:00 0 
7f3e84064000-7f3e84065000 ---p 00000000 00:00 0 
7f3e84065000-7f3e84165000 rw-p 00000000 00:00 0                          [stack:12629]
7f3e84165000-7f3e84166000 ---p 00000000 00:00 0 
7f3e84166000-7f3e84266000 rw-p 00000000 00:00 0                          [stack:12628]
7f3e84266000-7f3e84267000 ---p 00000000 00:00 0 
7f3e84267000-7f3e84367000 rw-p 00000000 00:00 0                          [stack:12627]
7f3e84367000-7f3e84368000 ---p 00000000 00:00 0 
7f3e84368000-7f3e844c7000 rw-p 00000000 00:00 0                          [stack:12626]
7f3e844c7000-7f3e845a8000 rw-p 00000000 00:00 0 
7f3e845a8000-7f3e845c6000 rw-p 00000000 00:00 0 
7f3e845c6000-7f3e845c8000 ---p 00000000 00:00 0 
7f3e845c8000-7f3e845d1000 rw-p 00000000 00:00 0 
7f3e845d1000-7f3e84630000 rw-p 00000000 00:00 0 
7f3e84630000-7f3e84711000 rw-p 00000000 00:00 0 
7f3e84711000-7f3e84761000 rw-p 00000000 00:00 0 
7f3e84761000-7f3e847b1000 rw-p 00000000 00:00 0 
7f3e847b1000-7f3e847b2000 rw-p 00000000 00:00 0 
7f3e847b2000-7f3e84c72000 rwxp 00000000 00:00 0 
7f3e84c72000-7f3e877b2000 rw-p 00000000 00:00 0 
7f3e877b2000-7f3e877cc000 r-xp 00000000 fc:01 1188255                    /usr/lib/jvm/java-7-oracle/jre/lib/amd64/libzip.so
7f3e877cc000-7f3e879cc000 ---p 0001a000 fc:01 1188255                    /usr/lib/jvm/java-7-oracle/jre/lib/amd64/libzip.so
7f3e879cc000-7f3e879cd000 rw-p 0001a000 fc:01 1188255                    /usr/lib/jvm/java-7-oracle/jre/lib/amd64/libzip.so
7f3e879cd000-7f3e879d9000 r-xp 00000000 fc:01 1970078                    /lib/x86_64-linux-gnu/libnss_files-2.17.so
7f3e879d9000-7f3e87bd8000 ---p 0000c000 fc:01 1970078                    /lib/x86_64-linux-gnu/libnss_files-2.17.so
7f3e87bd8000-7f3e87bd9000 r--p 0000b000 fc:01 1970078                    /lib/x86_64-linux-gnu/libnss_files-2.17.so
7f3e87bd9000-7f3e87bda000 rw-p 0000c000 fc:01 1970078                    /lib/x86_64-linux-gnu/libnss_files-2.17.so
7f3e87bda000-7f3e87be5000 r-xp 00000000 fc:01 1970082                    /lib/x86_64-linux-gnu/libnss_nis-2.17.so
7f3e87be5000-7f3e87de4000 ---p 0000b000 fc:01 1970082                    /lib/x86_64-linux-gnu/libnss_nis-2.17.so
7f3e87de4000-7f3e87de5000 r--p 0000a000 fc:01 1970082                    /lib/x86_64-linux-gnu/libnss_nis-2.17.so
7f3e87de5000-7f3e87de6000 rw-p 0000b000 fc:01 1970082                    /lib/x86_64-linux-gnu/libnss_nis-2.17.so
7f3e87de6000-7f3e87dfd000 r-xp 00000000 fc:01 1970072                    /lib/x86_64-linux-gnu/libnsl-2.17.so
7f3e87dfd000-7f3e87ffc000 ---p 00017000 fc:01 1970072                    /lib/x86_64-linux-gnu/libnsl-2.17.so
7f3e87ffc000-7f3e87ffd000 r--p 00016000 fc:01 1970072                    /lib/x86_64-linux-gnu/libnsl-2.17.so
7f3e87ffd000-7f3e87ffe000 rw-p 00017000 fc:01 1970072                    /lib/x86_64-linux-gnu/libnsl-2.17.so
7f3e87ffe000-7f3e88000000 rw-p 00000000 00:00 0 
7f3e88000000-7f3e88252000 rw-p 00000000 00:00 0 
7f3e88252000-7f3e8c000000 ---p 00000000 00:00 0 
7f3e8c000000-7f3e8c001000 r--s 00000000 fc:01 2103225                    /var/cache/fontconfig/56cf4f4769d0f4abc89a4895d7bd3ae1-le64.cache-4
7f3e8c001000-7f3e8c002000 r--s 00000000 fc:01 2103239                    /var/cache/fontconfig/b9d506c9ac06c20b433354fa67a72993-le64.cache-4
7f3e8c002000-7f3e8c003000 r--s 00000000 fc:01 2103214                    /var/cache/fontconfig/0c9eb80ebd1c36541ebe2852d3bb0c49-le64.cache-4
7f3e8c003000-7f3e8c00d000 r--s 00251000 fc:01 1188397                    /usr/lib/jvm/java-7-oracle/jre/lib/resources.jar
7f3e8c00d000-7f3e8c020000 r--s 000d5000 fc:01 1191053                    /usr/lib/jvm/java-7-oracle/jre/lib/plugin.jar
7f3e8c020000-7f3e8c038000 r--s 001e1000 fc:01 1188279                    /usr/lib/jvm/java-7-oracle/jre/lib/deploy.jar
7f3e8c038000-7f3e8c056000 rw-p 00000000 00:00 0 
7f3e8c056000-7f3e8c058000 ---p 00000000 00:00 0 
7f3e8c058000-7f3e8c061000 rw-p 00000000 00:00 0 
7f3e8c061000-7f3e8c069000 r-xp 00000000 fc:01 1970074                    /lib/x86_64-linux-gnu/libnss_compat-2.17.so
7f3e8c069000-7f3e8c268000 ---p 00008000 fc:01 1970074                    /lib/x86_64-linux-gnu/libnss_compat-2.17.so
7f3e8c268000-7f3e8c269000 r--p 00007000 fc:01 1970074                    /lib/x86_64-linux-gnu/libnss_compat-2.17.so
7f3e8c269000-7f3e8c26a000 rw-p 00008000 fc:01 1970074                    /lib/x86_64-linux-gnu/libnss_compat-2.17.so
7f3e8c26a000-7f3e8c293000 r-xp 00000000 fc:01 1188209                    /usr/lib/jvm/java-7-oracle/jre/lib/amd64/libjava.so
7f3e8c293000-7f3e8c493000 ---p 00029000 fc:01 1188209                    /usr/lib/jvm/java-7-oracle/jre/lib/amd64/libjava.so
7f3e8c493000-7f3e8c495000 rw-p 00029000 fc:01 1188209                    /usr/lib/jvm/java-7-oracle/jre/lib/amd64/libjava.so
7f3e8c495000-7f3e8c4a2000 r-xp 00000000 fc:01 1188203                    /usr/lib/jvm/java-7-oracle/jre/lib/amd64/libverify.so
7f3e8c4a2000-7f3e8c6a1000 ---p 0000d000 fc:01 1188203                    /usr/lib/jvm/java-7-oracle/jre/lib/amd64/libverify.so
7f3e8c6a1000-7f3e8c6a3000 rw-p 0000c000 fc:01 1188203                    /usr/lib/jvm/java-7-oracle/jre/lib/amd64/libverify.so
7f3e8c6a3000-7f3e8c6aa000 r-xp 00000000 fc:01 1970125                    /lib/x86_64-linux-gnu/librt-2.17.so
7f3e8c6aa000-7f3e8c8a9000 ---p 00007000 fc:01 1970125                    /lib/x86_64-linux-gnu/librt-2.17.so
7f3e8c8a9000-7f3e8c8aa000 r--p 00006000 fc:01 1970125                    /lib/x86_64-linux-gnu/librt-2.17.so
7f3e8c8aa000-7f3e8c8ab000 rw-p 00007000 fc:01 1970125                    /lib/x86_64-linux-gnu/librt-2.17.so
7f3e8c8ab000-7f3e8c9ae000 r-xp 00000000 fc:01 1970053                    /lib/x86_64-linux-gnu/libm-2.17.so
7f3e8c9ae000-7f3e8cbad000 ---p 00103000 fc:01 1970053                    /lib/x86_64-linux-gnu/libm-2.17.so
7f3e8cbad000-7f3e8cbae000 r--p 00102000 fc:01 1970053                    /lib/x86_64-linux-gnu/libm-2.17.so
7f3e8cbae000-7f3e8cbaf000 rw-p 00103000 fc:01 1970053                    /lib/x86_64-linux-gnu/libm-2.17.so
7f3e8cbaf000-7f3e8d71f000 r-xp 00000000 fc:01 1188268                    /usr/lib/jvm/java-7-oracle/jre/lib/amd64/server/libjvm.so
7f3e8d71f000-7f3e8d91e000 ---p 00b70000 fc:01 1188268                    /usr/lib/jvm/java-7-oracle/jre/lib/amd64/server/libjvm.so
7f3e8d91e000-7f3e8d9e3000 rw-p 00b6f000 fc:01 1188268                    /usr/lib/jvm/java-7-oracle/jre/lib/amd64/server/libjvm.so
7f3e8d9e3000-7f3e8da23000 rw-p 00000000 00:00 0 
7f3e8da23000-7f3e8dbe0000 r-xp 00000000 fc:01 1970003                    /lib/x86_64-linux-gnu/libc-2.17.so
7f3e8dbe0000-7f3e8dde0000 ---p 001bd000 fc:01 1970003                    /lib/x86_64-linux-gnu/libc-2.17.so
7f3e8dde0000-7f3e8dde4000 r--p 001bd000 fc:01 1970003                    /lib/x86_64-linux-gnu/libc-2.17.so
7f3e8dde4000-7f3e8dde6000 rw-p 001c1000 fc:01 1970003                    /lib/x86_64-linux-gnu/libc-2.17.so
7f3e8dde6000-7f3e8ddeb000 rw-p 00000000 00:00 0 
7f3e8ddeb000-7f3e8ddee000 r-xp 00000000 fc:01 1970018                    /lib/x86_64-linux-gnu/libdl-2.17.so
7f3e8ddee000-7f3e8dfed000 ---p 00003000 fc:01 1970018                    /lib/x86_64-linux-gnu/libdl-2.17.so
7f3e8dfed000-7f3e8dfee000 r--p 00002000 fc:01 1970018                    /lib/x86_64-linux-gnu/libdl-2.17.so
7f3e8dfee000-7f3e8dfef000 rw-p 00003000 fc:01 1970018                    /lib/x86_64-linux-gnu/libdl-2.17.so
7f3e8dfef000-7f3e8e005000 r-xp 00000000 fc:01 1188242                    /usr/lib/jvm/java-7-oracle/jre/lib/amd64/jli/libjli.so
7f3e8e005000-7f3e8e205000 ---p 00016000 fc:01 1188242                    /usr/lib/jvm/java-7-oracle/jre/lib/amd64/jli/libjli.so
7f3e8e205000-7f3e8e206000 rw-p 00016000 fc:01 1188242                    /usr/lib/jvm/java-7-oracle/jre/lib/amd64/jli/libjli.so
7f3e8e206000-7f3e8e21d000 r-xp 00000000 fc:01 1970117                    /lib/x86_64-linux-gnu/libpthread-2.17.so
7f3e8e21d000-7f3e8e41d000 ---p 00017000 fc:01 1970117                    /lib/x86_64-linux-gnu/libpthread-2.17.so
7f3e8e41d000-7f3e8e41e000 r--p 00017000 fc:01 1970117                    /lib/x86_64-linux-gnu/libpthread-2.17.so
7f3e8e41e000-7f3e8e41f000 rw-p 00018000 fc:01 1970117                    /lib/x86_64-linux-gnu/libpthread-2.17.so
7f3e8e41f000-7f3e8e423000 rw-p 00000000 00:00 0 
7f3e8e423000-7f3e8e446000 r-xp 00000000 fc:01 1969979                    /lib/x86_64-linux-gnu/ld-2.17.so
7f3e8e446000-7f3e8e44e000 rw-s 00000000 00:04 252980                     /drm mm object (deleted)
7f3e8e44e000-7f3e8e476000 rw-p 00000000 00:00 0 
7f3e8e476000-7f3e8e523000 rw-p 00000000 00:00 0 
7f3e8e523000-7f3e8e526000 ---p 00000000 00:00 0 
7f3e8e526000-7f3e8e628000 rw-p 00000000 00:00 0                          [stack:12625]
7f3e8e628000-7f3e8e629000 r--s 00000000 fc:01 2105213                    /var/cache/fontconfig/e0aa53bcfa504e64f87823c16bc01eb6-le64.cache-4
7f3e8e629000-7f3e8e630000 r--s 00000000 fc:01 1311640                    /usr/lib/x86_64-linux-gnu/gconv/gconv-modules.cache
7f3e8e630000-7f3e8e639000 r--s 00067000 fc:01 1190962                    /usr/lib/jvm/java-7-oracle/jre/lib/javaws.jar
7f3e8e639000-7f3e8e641000 rw-s 00000000 fc:01 3679899                    /tmp/hsperfdata_fs/12621
7f3e8e641000-7f3e8e642000 rw-p 00000000 00:00 0 
7f3e8e642000-7f3e8e643000 r--p 00000000 00:00 0 
7f3e8e643000-7f3e8e645000 rw-p 00000000 00:00 0 
7f3e8e645000-7f3e8e646000 r--p 00022000 fc:01 1969979                    /lib/x86_64-linux-gnu/ld-2.17.so
7f3e8e646000-7f3e8e648000 rw-p 00023000 fc:01 1969979                    /lib/x86_64-linux-gnu/ld-2.17.so
7ffffb9bd000-7ffffb9de000 rw-p 00000000 00:00 0                          [stack]
7ffffb9df000-7ffffb9e1000 r-xp 00000000 00:00 0                          [vdso]
ffffffffff600000-ffffffffff601000 r-xp 00000000 00:00 0                  [vsyscall]

VM Arguments:
java_command: /home/fs/NetBeansProjects/JEConfig/target/JEConfig-3.0.4.jar
Launcher Type: SUN_STANDARD

Environment Variables:
JAVA_HOME=/usr/lib/jvm/java-7-oracle
PATH=/usr/lib/lightdm/lightdm:/usr/local/sbin:/usr/local/bin:/usr/sbin:/usr/bin:/sbin:/bin:/usr/games:/usr/local/games
LD_LIBRARY_PATH=/usr/lib/jvm/java-8-oracle/jre/lib/amd64:/usr/lib/jvm/java-8-oracle/jre/lib/i386:
SHELL=/bin/bash
DISPLAY=:0.0

Signal Handlers:
SIGSEGV: [libjvm.so+0x99f4a0], sa_mask[0]=0x7ffbfeff, sa_flags=0x10000004
SIGBUS: [libjvm.so+0x99f4a0], sa_mask[0]=0x7ffbfeff, sa_flags=0x10000004
SIGFPE: [libjvm.so+0x81a860], sa_mask[0]=0x7ffbfeff, sa_flags=0x10000004
SIGPIPE: SIG_IGN, sa_mask[0]=0x00001000, sa_flags=0x10000000
SIGXFSZ: [libjvm.so+0x81a860], sa_mask[0]=0x7ffbfeff, sa_flags=0x10000004
SIGILL: [libjvm.so+0x81a860], sa_mask[0]=0x7ffbfeff, sa_flags=0x10000004
SIGUSR1: SIG_DFL, sa_mask[0]=0x00000000, sa_flags=0x00000000
SIGUSR2: [libjvm.so+0x81c060], sa_mask[0]=0x00000004, sa_flags=0x10000004
SIGHUP: [libjvm.so+0x81d160], sa_mask[0]=0x7ffbfeff, sa_flags=0x10000004
SIGINT: SIG_IGN, sa_mask[0]=0x00000000, sa_flags=0x00000000
SIGTERM: [libjvm.so+0x81d160], sa_mask[0]=0x7ffbfeff, sa_flags=0x10000004
SIGQUIT: [libjvm.so+0x81d160], sa_mask[0]=0x7ffbfeff, sa_flags=0x10000004


---------------  S Y S T E M  ---------------

OS:wheezy/sid

uname:Linux 3.11.0-12-generic #19-Ubuntu SMP Wed Oct 9 16:20:46 UTC 2013 x86_64
libc:glibc 2.17 NPTL 2.17 
rlimit: STACK 8192k, CORE 0k, NPROC 30449, NOFILE 4096, AS infinity
load average:1,69 2,37 2,39

/proc/meminfo:
MemTotal:        3927336 kB
MemFree:          118888 kB
Buffers:           11124 kB
Cached:           609832 kB
SwapCached:       266000 kB
Active:          2422092 kB
Inactive:         768240 kB
Active(anon):    2294620 kB
Inactive(anon):   651476 kB
Active(file):     127472 kB
Inactive(file):   116764 kB
Unevictable:          52 kB
Mlocked:              52 kB
SwapTotal:       4075516 kB
SwapFree:        2489492 kB
Dirty:              3244 kB
Writeback:             0 kB
AnonPages:       2489788 kB
Mapped:           591096 kB
Shmem:            376428 kB
Slab:              89004 kB
SReclaimable:      44180 kB
SUnreclaim:        44824 kB
KernelStack:        6224 kB
PageTables:        50232 kB
NFS_Unstable:          0 kB
Bounce:                0 kB
WritebackTmp:          0 kB
CommitLimit:     6039184 kB
Committed_AS:    8597888 kB
VmallocTotal:   34359738367 kB
VmallocUsed:      355396 kB
VmallocChunk:   34359282732 kB
HardwareCorrupted:     0 kB
AnonHugePages:         0 kB
HugePages_Total:       0
HugePages_Free:        0
HugePages_Rsvd:        0
HugePages_Surp:        0
Hugepagesize:       2048 kB
DirectMap4k:       94848 kB
DirectMap2M:     3979264 kB


CPU:total 4 (2 cores per cpu, 2 threads per core) family 6 model 42 stepping 7, cmov, cx8, fxsr, mmx, sse, sse2, sse3, ssse3, sse4.1, sse4.2, popcnt, avx, aes, ht, tsc, tscinvbit

/proc/cpuinfo:
processor	: 0
vendor_id	: GenuineIntel
cpu family	: 6
model		: 42
model name	: Intel(R) Core(TM) i5-2520M CPU @ 2.50GHz
stepping	: 7
microcode	: 0x25
cpu MHz		: 2501.000
cache size	: 3072 KB
physical id	: 0
siblings	: 4
core id		: 0
cpu cores	: 2
apicid		: 0
initial apicid	: 0
fpu		: yes
fpu_exception	: yes
cpuid level	: 13
wp		: yes
flags		: fpu vme de pse tsc msr pae mce cx8 apic sep mtrr pge mca cmov pat pse36 clflush dts acpi mmx fxsr sse sse2 ss ht tm pbe syscall nx rdtscp lm constant_tsc arch_perfmon pebs bts nopl xtopology nonstop_tsc aperfmperf eagerfpu pni pclmulqdq dtes64 monitor ds_cpl vmx smx est tm2 ssse3 cx16 xtpr pdcm pcid sse4_1 sse4_2 x2apic popcnt tsc_deadline_timer aes xsave avx lahf_lm ida arat epb xsaveopt pln pts dtherm tpr_shadow vnmi flexpriority ept vpid
bogomips	: 4983.87
clflush size	: 64
cache_alignment	: 64
address sizes	: 36 bits physical, 48 bits virtual
power management:

processor	: 1
vendor_id	: GenuineIntel
cpu family	: 6
model		: 42
model name	: Intel(R) Core(TM) i5-2520M CPU @ 2.50GHz
stepping	: 7
microcode	: 0x25
cpu MHz		: 2501.000
cache size	: 3072 KB
physical id	: 0
siblings	: 4
core id		: 0
cpu cores	: 2
apicid		: 1
initial apicid	: 1
fpu		: yes
fpu_exception	: yes
cpuid level	: 13
wp		: yes
flags		: fpu vme de pse tsc msr pae mce cx8 apic sep mtrr pge mca cmov pat pse36 clflush dts acpi mmx fxsr sse sse2 ss ht tm pbe syscall nx rdtscp lm constant_tsc arch_perfmon pebs bts nopl xtopology nonstop_tsc aperfmperf eagerfpu pni pclmulqdq dtes64 monitor ds_cpl vmx smx est tm2 ssse3 cx16 xtpr pdcm pcid sse4_1 sse4_2 x2apic popcnt tsc_deadline_timer aes xsave avx lahf_lm ida arat epb xsaveopt pln pts dtherm tpr_shadow vnmi flexpriority ept vpid
bogomips	: 4983.87
clflush size	: 64
cache_alignment	: 64
address sizes	: 36 bits physical, 48 bits virtual
power management:

processor	: 2
vendor_id	: GenuineIntel
cpu family	: 6
model		: 42
model name	: Intel(R) Core(TM) i5-2520M CPU @ 2.50GHz
stepping	: 7
microcode	: 0x25
cpu MHz		: 800.000
cache size	: 3072 KB
physical id	: 0
siblings	: 4
core id		: 1
cpu cores	: 2
apicid		: 2
initial apicid	: 2
fpu		: yes
fpu_exception	: yes
cpuid level	: 13
wp		: yes
flags		: fpu vme de pse tsc msr pae mce cx8 apic sep mtrr pge mca cmov pat pse36 clflush dts acpi mmx fxsr sse sse2 ss ht tm pbe syscall nx rdtscp lm constant_tsc arch_perfmon pebs bts nopl xtopology nonstop_tsc aperfmperf eagerfpu pni pclmulqdq dtes64 monitor ds_cpl vmx smx est tm2 ssse3 cx16 xtpr pdcm pcid sse4_1 sse4_2 x2apic popcnt tsc_deadline_timer aes xsave avx lahf_lm ida arat epb xsaveopt pln pts dtherm tpr_shadow vnmi flexpriority ept vpid
bogomips	: 4983.87
clflush size	: 64
cache_alignment	: 64
address sizes	: 36 bits physical, 48 bits virtual
power management:

processor	: 3
vendor_id	: GenuineIntel
cpu family	: 6
model		: 42
model name	: Intel(R) Core(TM) i5-2520M CPU @ 2.50GHz
stepping	: 7
microcode	: 0x25
cpu MHz		: 800.000
cache size	: 3072 KB
physical id	: 0
siblings	: 4
core id		: 1
cpu cores	: 2
apicid		: 3
initial apicid	: 3
fpu		: yes
fpu_exception	: yes
cpuid level	: 13
wp		: yes
flags		: fpu vme de pse tsc msr pae mce cx8 apic sep mtrr pge mca cmov pat pse36 clflush dts acpi mmx fxsr sse sse2 ss ht tm pbe syscall nx rdtscp lm constant_tsc arch_perfmon pebs bts nopl xtopology nonstop_tsc aperfmperf eagerfpu pni pclmulqdq dtes64 monitor ds_cpl vmx smx est tm2 ssse3 cx16 xtpr pdcm pcid sse4_1 sse4_2 x2apic popcnt tsc_deadline_timer aes xsave avx lahf_lm ida arat epb xsaveopt pln pts dtherm tpr_shadow vnmi flexpriority ept vpid
bogomips	: 4983.87
clflush size	: 64
cache_alignment	: 64
address sizes	: 36 bits physical, 48 bits virtual
power management:



Memory: 4k page, physical 3927336k(118888k free), swap 4075516k(2489492k free)

vm_info: Java HotSpot(TM) 64-Bit Server VM (24.65-b04) for linux-amd64 JRE (1.7.0_65-b17), built on Jun 16 2014 20:55:34 by "java_re" with gcc 4.3.0 20080428 (Red Hat 4.3.0-8)

time: Thu Nov 13 17:00:49 2014
elapsed time: 370 seconds

